{"C:\\invest-app-backend\\src\\index.js": {"path":"C:\\invest-app-backend\\src\\index.js","statementMap":{"0":{"start":{"line":2,"column":16},"end":{"line":2,"column":34}},"1":{"start":{"line":3,"column":12},"end":{"line":3,"column":21}},"2":{"start":{"line":4,"column":19},"end":{"line":4,"column":43}},"3":{"start":{"line":5,"column":22},"end":{"line":5,"column":49}},"4":{"start":{"line":6,"column":23},"end":{"line":6,"column":51}},"5":{"start":{"line":7,"column":19},"end":{"line":7,"column":43}},"6":{"start":{"line":8,"column":22},"end":{"line":8,"column":49}},"7":{"start":{"line":9,"column":20},"end":{"line":9,"column":45}},"8":{"start":{"line":10,"column":22},"end":{"line":10,"column":49}},"9":{"start":{"line":11,"column":26},"end":{"line":11,"column":57}},"10":{"start":{"line":12,"column":28},"end":{"line":12,"column":61}},"11":{"start":{"line":13,"column":19},"end":{"line":13,"column":49}},"12":{"start":{"line":14,"column":21},"end":{"line":14,"column":57}},"13":{"start":{"line":15,"column":0},"end":{"line":15,"column":24}},"14":{"start":{"line":16,"column":0},"end":{"line":16,"column":33}},"15":{"start":{"line":17,"column":0},"end":{"line":17,"column":39}},"16":{"start":{"line":18,"column":0},"end":{"line":18,"column":41}},"17":{"start":{"line":19,"column":0},"end":{"line":19,"column":33}},"18":{"start":{"line":20,"column":0},"end":{"line":20,"column":40}},"19":{"start":{"line":21,"column":0},"end":{"line":21,"column":36}},"20":{"start":{"line":22,"column":0},"end":{"line":22,"column":40}},"21":{"start":{"line":23,"column":0},"end":{"line":23,"column":48}},"22":{"start":{"line":24,"column":0},"end":{"line":24,"column":41}},"23":{"start":{"line":25,"column":0},"end":{"line":25,"column":33}},"24":{"start":{"line":26,"column":0},"end":{"line":26,"column":22}},"25":{"start":{"line":27,"column":0},"end":{"line":29,"column":3}},"26":{"start":{"line":28,"column":4},"end":{"line":28,"column":47}},"27":{"start":{"line":31,"column":0},"end":{"line":31,"column":21}}},"fnMap":{"0":{"name":"(anonymous_0)","decl":{"start":{"line":27,"column":13},"end":{"line":27,"column":14}},"loc":{"start":{"line":27,"column":27},"end":{"line":29,"column":1}},"line":27}},"branchMap":{},"s":{"0":3,"1":3,"2":3,"3":3,"4":3,"5":3,"6":3,"7":3,"8":3,"9":3,"10":3,"11":3,"12":3,"13":3,"14":3,"15":3,"16":3,"17":3,"18":3,"19":3,"20":3,"21":3,"22":3,"23":3,"24":3,"25":3,"26":1,"27":3},"f":{"0":1},"b":{},"_coverageSchema":"1a1c01bbd47fc00a2c39e90264f33305004495a9","hash":"9a93ccda6d6d935a222cbb910259f0f09fba5642"}
,"C:\\invest-app-backend\\src\\prisma.js": {"path":"C:\\invest-app-backend\\src\\prisma.js","statementMap":{"0":{"start":{"line":1,"column":25},"end":{"line":1,"column":50}},"1":{"start":{"line":2,"column":15},"end":{"line":2,"column":33}},"2":{"start":{"line":4,"column":0},"end":{"line":4,"column":24}}},"fnMap":{},"branchMap":{},"s":{"0":3,"1":3,"2":3},"f":{},"b":{},"_coverageSchema":"1a1c01bbd47fc00a2c39e90264f33305004495a9","hash":"056fbccd8f3ee89f04a3855439b5ce6b2a8b2d0e"}
,"C:\\invest-app-backend\\src\\controllers\\albumAccessController.js": {"path":"C:\\invest-app-backend\\src\\controllers\\albumAccessController.js","statementMap":{"0":{"start":{"line":1,"column":15},"end":{"line":1,"column":35}},"1":{"start":{"line":3,"column":0},"end":{"line":19,"column":2}},"2":{"start":{"line":4,"column":4},"end":{"line":18,"column":5}},"3":{"start":{"line":5,"column":24},"end":{"line":5,"column":42}},"4":{"start":{"line":6,"column":23},"end":{"line":6,"column":34}},"5":{"start":{"line":8,"column":23},"end":{"line":13,"column":10}},"6":{"start":{"line":15,"column":8},"end":{"line":15,"column":46}},"7":{"start":{"line":17,"column":8},"end":{"line":17,"column":87}}},"fnMap":{"0":{"name":"(anonymous_0)","decl":{"start":{"line":3,"column":25},"end":{"line":3,"column":26}},"loc":{"start":{"line":3,"column":45},"end":{"line":19,"column":1}},"line":3}},"branchMap":{},"s":{"0":4,"1":4,"2":3,"3":3,"4":3,"5":3,"6":3,"7":0},"f":{"0":3},"b":{},"_coverageSchema":"1a1c01bbd47fc00a2c39e90264f33305004495a9","hash":"05e6b763115e68f6fd940265824b7778567eb0e3"}
,"C:\\invest-app-backend\\src\\controllers\\albumController.js": {"path":"C:\\invest-app-backend\\src\\controllers\\albumController.js","statementMap":{"0":{"start":{"line":1,"column":15},"end":{"line":1,"column":35}},"1":{"start":{"line":4,"column":0},"end":{"line":24,"column":2}},"2":{"start":{"line":5,"column":4},"end":{"line":23,"column":5}},"3":{"start":{"line":6,"column":37},"end":{"line":6,"column":45}},"4":{"start":{"line":7,"column":8},"end":{"line":7,"column":78}},"5":{"start":{"line":7,"column":19},"end":{"line":7,"column":78}},"6":{"start":{"line":10,"column":22},"end":{"line":18,"column":10}},"7":{"start":{"line":14,"column":55},"end":{"line":14,"column":61}},"8":{"start":{"line":20,"column":8},"end":{"line":20,"column":36}},"9":{"start":{"line":22,"column":8},"end":{"line":22,"column":88}},"10":{"start":{"line":27,"column":0},"end":{"line":34,"column":2}},"11":{"start":{"line":28,"column":4},"end":{"line":33,"column":5}},"12":{"start":{"line":29,"column":23},"end":{"line":29,"column":83}},"13":{"start":{"line":30,"column":8},"end":{"line":30,"column":25}},"14":{"start":{"line":32,"column":8},"end":{"line":32,"column":88}},"15":{"start":{"line":37,"column":0},"end":{"line":49,"column":2}},"16":{"start":{"line":38,"column":4},"end":{"line":48,"column":5}},"17":{"start":{"line":39,"column":23},"end":{"line":39,"column":33}},"18":{"start":{"line":40,"column":22},"end":{"line":43,"column":10}},"19":{"start":{"line":44,"column":8},"end":{"line":44,"column":78}},"20":{"start":{"line":44,"column":20},"end":{"line":44,"column":78}},"21":{"start":{"line":45,"column":8},"end":{"line":45,"column":24}},"22":{"start":{"line":47,"column":8},"end":{"line":47,"column":87}},"23":{"start":{"line":52,"column":0},"end":{"line":72,"column":2}},"24":{"start":{"line":53,"column":4},"end":{"line":71,"column":5}},"25":{"start":{"line":54,"column":23},"end":{"line":54,"column":33}},"26":{"start":{"line":55,"column":37},"end":{"line":55,"column":45}},"27":{"start":{"line":56,"column":22},"end":{"line":67,"column":10}},"28":{"start":{"line":62,"column":51},"end":{"line":62,"column":57}},"29":{"start":{"line":68,"column":8},"end":{"line":68,"column":24}},"30":{"start":{"line":70,"column":8},"end":{"line":70,"column":88}},"31":{"start":{"line":75,"column":0},"end":{"line":83,"column":2}},"32":{"start":{"line":76,"column":4},"end":{"line":82,"column":5}},"33":{"start":{"line":77,"column":23},"end":{"line":77,"column":33}},"34":{"start":{"line":78,"column":8},"end":{"line":78,"column":53}},"35":{"start":{"line":79,"column":8},"end":{"line":79,"column":25}},"36":{"start":{"line":81,"column":8},"end":{"line":81,"column":88}}},"fnMap":{"0":{"name":"(anonymous_0)","decl":{"start":{"line":4,"column":22},"end":{"line":4,"column":23}},"loc":{"start":{"line":4,"column":42},"end":{"line":24,"column":1}},"line":4},"1":{"name":"(anonymous_1)","decl":{"start":{"line":14,"column":48},"end":{"line":14,"column":49}},"loc":{"start":{"line":14,"column":55},"end":{"line":14,"column":61}},"line":14},"2":{"name":"(anonymous_2)","decl":{"start":{"line":27,"column":23},"end":{"line":27,"column":24}},"loc":{"start":{"line":27,"column":43},"end":{"line":34,"column":1}},"line":27},"3":{"name":"(anonymous_3)","decl":{"start":{"line":37,"column":23},"end":{"line":37,"column":24}},"loc":{"start":{"line":37,"column":43},"end":{"line":49,"column":1}},"line":37},"4":{"name":"(anonymous_4)","decl":{"start":{"line":52,"column":26},"end":{"line":52,"column":27}},"loc":{"start":{"line":52,"column":46},"end":{"line":72,"column":1}},"line":52},"5":{"name":"(anonymous_5)","decl":{"start":{"line":62,"column":44},"end":{"line":62,"column":45}},"loc":{"start":{"line":62,"column":51},"end":{"line":62,"column":57}},"line":62},"6":{"name":"(anonymous_6)","decl":{"start":{"line":75,"column":26},"end":{"line":75,"column":27}},"loc":{"start":{"line":75,"column":46},"end":{"line":83,"column":1}},"line":75}},"branchMap":{"0":{"loc":{"start":{"line":7,"column":8},"end":{"line":7,"column":78}},"type":"if","locations":[{"start":{"line":7,"column":8},"end":{"line":7,"column":78}},{"start":{},"end":{}}],"line":7},"1":{"loc":{"start":{"line":13,"column":26},"end":{"line":15,"column":31}},"type":"cond-expr","locations":[{"start":{"line":14,"column":22},"end":{"line":14,"column":65}},{"start":{"line":15,"column":22},"end":{"line":15,"column":31}}],"line":13},"2":{"loc":{"start":{"line":44,"column":8},"end":{"line":44,"column":78}},"type":"if","locations":[{"start":{"line":44,"column":8},"end":{"line":44,"column":78}},{"start":{},"end":{}}],"line":44},"3":{"loc":{"start":{"line":60,"column":26},"end":{"line":64,"column":31}},"type":"cond-expr","locations":[{"start":{"line":61,"column":22},"end":{"line":63,"column":21}},{"start":{"line":64,"column":22},"end":{"line":64,"column":31}}],"line":60}},"s":{"0":4,"1":4,"2":4,"3":4,"4":4,"5":1,"6":3,"7":0,"8":2,"9":1,"10":4,"11":3,"12":3,"13":2,"14":1,"15":4,"16":4,"17":4,"18":4,"19":3,"20":1,"21":2,"22":1,"23":4,"24":3,"25":3,"26":3,"27":3,"28":0,"29":2,"30":1,"31":4,"32":3,"33":3,"34":3,"35":2,"36":1},"f":{"0":4,"1":0,"2":3,"3":4,"4":3,"5":0,"6":3},"b":{"0":[1,3],"1":[0,3],"2":[1,2],"3":[0,3]},"_coverageSchema":"1a1c01bbd47fc00a2c39e90264f33305004495a9","hash":"8e00a8b7fc09d71671b6a5b8ba70f65b7b6de778"}
,"C:\\invest-app-backend\\src\\controllers\\authController.js": {"path":"C:\\invest-app-backend\\src\\controllers\\authController.js","statementMap":{"0":{"start":{"line":1,"column":20},"end":{"line":1,"column":54}},"1":{"start":{"line":4,"column":0},"end":{"line":13,"column":2}},"2":{"start":{"line":5,"column":4},"end":{"line":12,"column":5}},"3":{"start":{"line":6,"column":23},"end":{"line":6,"column":59}},"4":{"start":{"line":7,"column":8},"end":{"line":7,"column":54}},"5":{"start":{"line":8,"column":8},"end":{"line":8,"column":37}},"6":{"start":{"line":10,"column":8},"end":{"line":10,"column":52}},"7":{"start":{"line":11,"column":8},"end":{"line":11,"column":18}},"8":{"start":{"line":16,"column":0},"end":{"line":25,"column":2}},"9":{"start":{"line":17,"column":4},"end":{"line":24,"column":5}},"10":{"start":{"line":18,"column":23},"end":{"line":18,"column":56}},"11":{"start":{"line":19,"column":8},"end":{"line":19,"column":51}},"12":{"start":{"line":20,"column":8},"end":{"line":20,"column":25}},"13":{"start":{"line":22,"column":8},"end":{"line":22,"column":49}},"14":{"start":{"line":23,"column":8},"end":{"line":23,"column":18}},"15":{"start":{"line":28,"column":0},"end":{"line":39,"column":2}},"16":{"start":{"line":29,"column":4},"end":{"line":38,"column":5}},"17":{"start":{"line":30,"column":31},"end":{"line":30,"column":39}},"18":{"start":{"line":31,"column":8},"end":{"line":31,"column":62}},"19":{"start":{"line":32,"column":23},"end":{"line":32,"column":66}},"20":{"start":{"line":33,"column":8},"end":{"line":33,"column":55}},"21":{"start":{"line":34,"column":8},"end":{"line":34,"column":25}},"22":{"start":{"line":36,"column":8},"end":{"line":36,"column":53}},"23":{"start":{"line":37,"column":8},"end":{"line":37,"column":18}},"24":{"start":{"line":41,"column":0},"end":{"line":50,"column":2}},"25":{"start":{"line":42,"column":4},"end":{"line":49,"column":5}},"26":{"start":{"line":43,"column":23},"end":{"line":43,"column":60}},"27":{"start":{"line":44,"column":8},"end":{"line":44,"column":55}},"28":{"start":{"line":45,"column":8},"end":{"line":45,"column":25}},"29":{"start":{"line":47,"column":8},"end":{"line":47,"column":53}},"30":{"start":{"line":48,"column":8},"end":{"line":48,"column":18}},"31":{"start":{"line":52,"column":0},"end":{"line":86,"column":2}},"32":{"start":{"line":53,"column":4},"end":{"line":85,"column":5}},"33":{"start":{"line":54,"column":23},"end":{"line":54,"column":34}},"34":{"start":{"line":61,"column":12},"end":{"line":61,"column":20}},"35":{"start":{"line":64,"column":24},"end":{"line":64,"column":83}},"36":{"start":{"line":67,"column":8},"end":{"line":67,"column":73}},"37":{"start":{"line":68,"column":8},"end":{"line":72,"column":10}},"38":{"start":{"line":74,"column":23},"end":{"line":79,"column":10}},"39":{"start":{"line":81,"column":8},"end":{"line":81,"column":25}},"40":{"start":{"line":83,"column":8},"end":{"line":83,"column":58}},"41":{"start":{"line":84,"column":8},"end":{"line":84,"column":18}},"42":{"start":{"line":88,"column":0},"end":{"line":97,"column":2}},"43":{"start":{"line":89,"column":4},"end":{"line":96,"column":5}},"44":{"start":{"line":90,"column":23},"end":{"line":90,"column":71}},"45":{"start":{"line":91,"column":8},"end":{"line":91,"column":66}},"46":{"start":{"line":92,"column":8},"end":{"line":92,"column":25}},"47":{"start":{"line":94,"column":8},"end":{"line":94,"column":64}},"48":{"start":{"line":95,"column":8},"end":{"line":95,"column":18}},"49":{"start":{"line":99,"column":0},"end":{"line":108,"column":2}},"50":{"start":{"line":100,"column":4},"end":{"line":107,"column":5}},"51":{"start":{"line":101,"column":23},"end":{"line":101,"column":65}},"52":{"start":{"line":102,"column":8},"end":{"line":102,"column":60}},"53":{"start":{"line":103,"column":8},"end":{"line":103,"column":25}},"54":{"start":{"line":105,"column":8},"end":{"line":105,"column":58}},"55":{"start":{"line":106,"column":8},"end":{"line":106,"column":18}},"56":{"start":{"line":110,"column":0},"end":{"line":119,"column":2}},"57":{"start":{"line":111,"column":4},"end":{"line":118,"column":5}},"58":{"start":{"line":112,"column":23},"end":{"line":112,"column":64}},"59":{"start":{"line":113,"column":8},"end":{"line":113,"column":59}},"60":{"start":{"line":114,"column":8},"end":{"line":114,"column":25}},"61":{"start":{"line":116,"column":8},"end":{"line":116,"column":57}},"62":{"start":{"line":117,"column":8},"end":{"line":117,"column":18}},"63":{"start":{"line":122,"column":0},"end":{"line":133,"column":2}},"64":{"start":{"line":123,"column":4},"end":{"line":132,"column":5}},"65":{"start":{"line":124,"column":8},"end":{"line":126,"column":9}},"66":{"start":{"line":125,"column":12},"end":{"line":125,"column":99}},"67":{"start":{"line":127,"column":8},"end":{"line":127,"column":44}},"68":{"start":{"line":128,"column":8},"end":{"line":128,"column":66}},"69":{"start":{"line":130,"column":8},"end":{"line":130,"column":50}},"70":{"start":{"line":131,"column":8},"end":{"line":131,"column":18}},"71":{"start":{"line":136,"column":0},"end":{"line":144,"column":2}},"72":{"start":{"line":137,"column":4},"end":{"line":143,"column":5}},"73":{"start":{"line":138,"column":8},"end":{"line":138,"column":57}},"74":{"start":{"line":139,"column":8},"end":{"line":139,"column":37}},"75":{"start":{"line":141,"column":8},"end":{"line":141,"column":51}},"76":{"start":{"line":142,"column":8},"end":{"line":142,"column":18}}},"fnMap":{"0":{"name":"(anonymous_0)","decl":{"start":{"line":4,"column":19},"end":{"line":4,"column":20}},"loc":{"start":{"line":4,"column":45},"end":{"line":13,"column":1}},"line":4},"1":{"name":"(anonymous_1)","decl":{"start":{"line":16,"column":16},"end":{"line":16,"column":17}},"loc":{"start":{"line":16,"column":42},"end":{"line":25,"column":1}},"line":16},"2":{"name":"(anonymous_2)","decl":{"start":{"line":28,"column":20},"end":{"line":28,"column":21}},"loc":{"start":{"line":28,"column":46},"end":{"line":39,"column":1}},"line":28},"3":{"name":"(anonymous_3)","decl":{"start":{"line":41,"column":20},"end":{"line":41,"column":21}},"loc":{"start":{"line":41,"column":46},"end":{"line":50,"column":1}},"line":41},"4":{"name":"(anonymous_4)","decl":{"start":{"line":52,"column":25},"end":{"line":52,"column":26}},"loc":{"start":{"line":52,"column":51},"end":{"line":86,"column":1}},"line":52},"5":{"name":"(anonymous_5)","decl":{"start":{"line":88,"column":31},"end":{"line":88,"column":32}},"loc":{"start":{"line":88,"column":57},"end":{"line":97,"column":1}},"line":88},"6":{"name":"(anonymous_6)","decl":{"start":{"line":99,"column":25},"end":{"line":99,"column":26}},"loc":{"start":{"line":99,"column":51},"end":{"line":108,"column":1}},"line":99},"7":{"name":"(anonymous_7)","decl":{"start":{"line":110,"column":24},"end":{"line":110,"column":25}},"loc":{"start":{"line":110,"column":50},"end":{"line":119,"column":1}},"line":110},"8":{"name":"(anonymous_8)","decl":{"start":{"line":122,"column":17},"end":{"line":122,"column":18}},"loc":{"start":{"line":122,"column":43},"end":{"line":133,"column":1}},"line":122},"9":{"name":"(anonymous_9)","decl":{"start":{"line":136,"column":18},"end":{"line":136,"column":19}},"loc":{"start":{"line":136,"column":44},"end":{"line":144,"column":1}},"line":136}},"branchMap":{"0":{"loc":{"start":{"line":64,"column":24},"end":{"line":64,"column":83}},"type":"binary-expr","locations":[{"start":{"line":64,"column":24},"end":{"line":64,"column":42}},{"start":{"line":64,"column":46},"end":{"line":64,"column":61}},{"start":{"line":64,"column":65},"end":{"line":64,"column":83}}],"line":64},"1":{"loc":{"start":{"line":70,"column":13},"end":{"line":70,"column":69}},"type":"cond-expr","locations":[{"start":{"line":70,"column":47},"end":{"line":70,"column":65}},{"start":{"line":70,"column":68},"end":{"line":70,"column":69}}],"line":70},"2":{"loc":{"start":{"line":71,"column":13},"end":{"line":71,"column":61}},"type":"cond-expr","locations":[{"start":{"line":71,"column":43},"end":{"line":71,"column":57}},{"start":{"line":71,"column":60},"end":{"line":71,"column":61}}],"line":71},"3":{"loc":{"start":{"line":124,"column":8},"end":{"line":126,"column":9}},"type":"if","locations":[{"start":{"line":124,"column":8},"end":{"line":126,"column":9}},{"start":{},"end":{}}],"line":124},"4":{"loc":{"start":{"line":124,"column":12},"end":{"line":124,"column":55}},"type":"binary-expr","locations":[{"start":{"line":124,"column":12},"end":{"line":124,"column":33}},{"start":{"line":124,"column":37},"end":{"line":124,"column":55}}],"line":124}},"s":{"0":3,"1":3,"2":11,"3":11,"4":10,"5":10,"6":1,"7":1,"8":3,"9":11,"10":11,"11":10,"12":10,"13":1,"14":1,"15":3,"16":10,"17":10,"18":10,"19":10,"20":10,"21":10,"22":0,"23":0,"24":3,"25":1,"26":1,"27":0,"28":0,"29":1,"30":1,"31":3,"32":0,"33":0,"34":0,"35":0,"36":0,"37":0,"38":0,"39":0,"40":0,"41":0,"42":3,"43":0,"44":0,"45":0,"46":0,"47":0,"48":0,"49":3,"50":0,"51":0,"52":0,"53":0,"54":0,"55":0,"56":3,"57":0,"58":0,"59":0,"60":0,"61":0,"62":0,"63":3,"64":0,"65":0,"66":0,"67":0,"68":0,"69":0,"70":0,"71":3,"72":0,"73":0,"74":0,"75":0,"76":0},"f":{"0":11,"1":11,"2":10,"3":1,"4":0,"5":0,"6":0,"7":0,"8":0,"9":0},"b":{"0":[0,0,0],"1":[0,0],"2":[0,0],"3":[0,0],"4":[0,0]},"_coverageSchema":"1a1c01bbd47fc00a2c39e90264f33305004495a9","hash":"97b8a2ed636bed94625b9bf10aad75e2fb5a82b4"}
,"C:\\invest-app-backend\\src\\controllers\\chatController.js": {"path":"C:\\invest-app-backend\\src\\controllers\\chatController.js","statementMap":{"0":{"start":{"line":1,"column":25},"end":{"line":1,"column":50}},"1":{"start":{"line":2,"column":15},"end":{"line":2,"column":33}},"2":{"start":{"line":3,"column":24},"end":{"line":3,"column":59}},"3":{"start":{"line":9,"column":0},"end":{"line":44,"column":2}},"4":{"start":{"line":10,"column":23},"end":{"line":10,"column":35}},"5":{"start":{"line":11,"column":25},"end":{"line":11,"column":33}},"6":{"start":{"line":13,"column":4},"end":{"line":13,"column":87}},"7":{"start":{"line":13,"column":21},"end":{"line":13,"column":87}},"8":{"start":{"line":14,"column":4},"end":{"line":14,"column":87}},"9":{"start":{"line":14,"column":19},"end":{"line":14,"column":87}},"10":{"start":{"line":15,"column":4},"end":{"line":15,"column":108}},"11":{"start":{"line":15,"column":33},"end":{"line":15,"column":108}},"12":{"start":{"line":17,"column":25},"end":{"line":24,"column":6}},"13":{"start":{"line":25,"column":4},"end":{"line":25,"column":84}},"14":{"start":{"line":25,"column":22},"end":{"line":25,"column":84}},"15":{"start":{"line":27,"column":28},"end":{"line":33,"column":6}},"16":{"start":{"line":34,"column":4},"end":{"line":34,"column":90}},"17":{"start":{"line":34,"column":25},"end":{"line":34,"column":90}},"18":{"start":{"line":36,"column":24},"end":{"line":42,"column":6}},"19":{"start":{"line":43,"column":4},"end":{"line":43,"column":30}},"20":{"start":{"line":49,"column":0},"end":{"line":61,"column":2}},"21":{"start":{"line":50,"column":19},"end":{"line":50,"column":30}},"22":{"start":{"line":51,"column":21},"end":{"line":59,"column":6}},"23":{"start":{"line":60,"column":4},"end":{"line":60,"column":27}},"24":{"start":{"line":67,"column":0},"end":{"line":110,"column":2}},"25":{"start":{"line":68,"column":19},"end":{"line":68,"column":30}},"26":{"start":{"line":69,"column":19},"end":{"line":69,"column":29}},"27":{"start":{"line":71,"column":20},"end":{"line":71,"column":86}},"28":{"start":{"line":72,"column":4},"end":{"line":73,"column":91}},"29":{"start":{"line":73,"column":8},"end":{"line":73,"column":91}},"30":{"start":{"line":74,"column":4},"end":{"line":75,"column":73}},"31":{"start":{"line":75,"column":8},"end":{"line":75,"column":73}},"32":{"start":{"line":77,"column":15},"end":{"line":84,"column":6}},"33":{"start":{"line":85,"column":4},"end":{"line":85,"column":76}},"34":{"start":{"line":85,"column":14},"end":{"line":85,"column":76}},"35":{"start":{"line":87,"column":4},"end":{"line":93,"column":7}},"36":{"start":{"line":95,"column":4},"end":{"line":102,"column":7}},"37":{"start":{"line":104,"column":4},"end":{"line":109,"column":7}},"38":{"start":{"line":116,"column":0},"end":{"line":132,"column":2}},"39":{"start":{"line":117,"column":19},"end":{"line":117,"column":30}},"40":{"start":{"line":118,"column":19},"end":{"line":118,"column":29}},"41":{"start":{"line":120,"column":20},"end":{"line":120,"column":86}},"42":{"start":{"line":121,"column":4},"end":{"line":122,"column":91}},"43":{"start":{"line":122,"column":8},"end":{"line":122,"column":91}},"44":{"start":{"line":123,"column":4},"end":{"line":124,"column":73}},"45":{"start":{"line":124,"column":8},"end":{"line":124,"column":73}},"46":{"start":{"line":126,"column":4},"end":{"line":129,"column":7}},"47":{"start":{"line":131,"column":4},"end":{"line":131,"column":32}},"48":{"start":{"line":137,"column":0},"end":{"line":150,"column":2}},"49":{"start":{"line":138,"column":19},"end":{"line":138,"column":30}},"50":{"start":{"line":139,"column":23},"end":{"line":139,"column":33}},"51":{"start":{"line":140,"column":17},"end":{"line":140,"column":80}},"52":{"start":{"line":141,"column":4},"end":{"line":141,"column":129}},"53":{"start":{"line":141,"column":71},"end":{"line":141,"column":129}},"54":{"start":{"line":142,"column":4},"end":{"line":143,"column":74}},"55":{"start":{"line":143,"column":8},"end":{"line":143,"column":74}},"56":{"start":{"line":145,"column":21},"end":{"line":148,"column":6}},"57":{"start":{"line":149,"column":4},"end":{"line":149,"column":27}},"58":{"start":{"line":156,"column":0},"end":{"line":188,"column":2}},"59":{"start":{"line":157,"column":19},"end":{"line":157,"column":30}},"60":{"start":{"line":158,"column":23},"end":{"line":158,"column":33}},"61":{"start":{"line":159,"column":30},"end":{"line":159,"column":38}},"62":{"start":{"line":160,"column":17},"end":{"line":160,"column":80}},"63":{"start":{"line":162,"column":4},"end":{"line":162,"column":129}},"64":{"start":{"line":162,"column":71},"end":{"line":162,"column":129}},"65":{"start":{"line":163,"column":4},"end":{"line":163,"column":81}},"66":{"start":{"line":163,"column":24},"end":{"line":163,"column":81}},"67":{"start":{"line":164,"column":4},"end":{"line":164,"column":78}},"68":{"start":{"line":164,"column":23},"end":{"line":164,"column":78}},"69":{"start":{"line":167,"column":25},"end":{"line":167,"column":60}},"70":{"start":{"line":168,"column":4},"end":{"line":168,"column":107}},"71":{"start":{"line":168,"column":38},"end":{"line":168,"column":107}},"72":{"start":{"line":171,"column":4},"end":{"line":172,"column":74}},"73":{"start":{"line":172,"column":8},"end":{"line":172,"column":74}},"74":{"start":{"line":175,"column":4},"end":{"line":177,"column":5}},"75":{"start":{"line":176,"column":8},"end":{"line":176,"column":100}},"76":{"start":{"line":179,"column":20},"end":{"line":186,"column":6}},"77":{"start":{"line":187,"column":4},"end":{"line":187,"column":26}},"78":{"start":{"line":194,"column":0},"end":{"line":217,"column":2}},"79":{"start":{"line":195,"column":19},"end":{"line":195,"column":30}},"80":{"start":{"line":196,"column":17},"end":{"line":196,"column":25}},"81":{"start":{"line":197,"column":4},"end":{"line":197,"column":79}},"82":{"start":{"line":197,"column":15},"end":{"line":197,"column":79}},"83":{"start":{"line":200,"column":25},"end":{"line":200,"column":55}},"84":{"start":{"line":201,"column":4},"end":{"line":202,"column":73}},"85":{"start":{"line":201,"column":32},"end":{"line":201,"column":59}},"86":{"start":{"line":202,"column":8},"end":{"line":202,"column":73}},"87":{"start":{"line":206,"column":18},"end":{"line":215,"column":6}},"88":{"start":{"line":216,"column":4},"end":{"line":216,"column":24}},"89":{"start":{"line":223,"column":0},"end":{"line":235,"column":2}},"90":{"start":{"line":224,"column":19},"end":{"line":224,"column":30}},"91":{"start":{"line":225,"column":23},"end":{"line":225,"column":33}},"92":{"start":{"line":226,"column":34},"end":{"line":226,"column":42}},"93":{"start":{"line":227,"column":17},"end":{"line":227,"column":80}},"94":{"start":{"line":228,"column":4},"end":{"line":228,"column":129}},"95":{"start":{"line":228,"column":71},"end":{"line":228,"column":129}},"96":{"start":{"line":230,"column":20},"end":{"line":230,"column":89}},"97":{"start":{"line":231,"column":4},"end":{"line":231,"column":124}},"98":{"start":{"line":231,"column":48},"end":{"line":231,"column":124}},"99":{"start":{"line":233,"column":4},"end":{"line":233,"column":113}},"100":{"start":{"line":234,"column":4},"end":{"line":234,"column":32}},"101":{"start":{"line":241,"column":0},"end":{"line":255,"column":2}},"102":{"start":{"line":242,"column":19},"end":{"line":242,"column":30}},"103":{"start":{"line":243,"column":23},"end":{"line":243,"column":33}},"104":{"start":{"line":244,"column":17},"end":{"line":244,"column":80}},"105":{"start":{"line":245,"column":4},"end":{"line":246,"column":66}},"106":{"start":{"line":246,"column":8},"end":{"line":246,"column":66}},"107":{"start":{"line":248,"column":4},"end":{"line":248,"column":85}},"108":{"start":{"line":248,"column":24},"end":{"line":248,"column":85}},"109":{"start":{"line":250,"column":4},"end":{"line":253,"column":7}},"110":{"start":{"line":254,"column":4},"end":{"line":254,"column":32}},"111":{"start":{"line":260,"column":0},"end":{"line":274,"column":2}},"112":{"start":{"line":261,"column":19},"end":{"line":261,"column":30}},"113":{"start":{"line":262,"column":23},"end":{"line":262,"column":33}},"114":{"start":{"line":263,"column":17},"end":{"line":263,"column":80}},"115":{"start":{"line":264,"column":4},"end":{"line":265,"column":66}},"116":{"start":{"line":265,"column":8},"end":{"line":265,"column":66}},"117":{"start":{"line":267,"column":4},"end":{"line":267,"column":82}},"118":{"start":{"line":267,"column":23},"end":{"line":267,"column":82}},"119":{"start":{"line":269,"column":4},"end":{"line":272,"column":7}},"120":{"start":{"line":273,"column":4},"end":{"line":273,"column":32}}},"fnMap":{"0":{"name":"(anonymous_0)","decl":{"start":{"line":9,"column":26},"end":{"line":9,"column":27}},"loc":{"start":{"line":9,"column":46},"end":{"line":44,"column":1}},"line":9},"1":{"name":"(anonymous_1)","decl":{"start":{"line":49,"column":31},"end":{"line":49,"column":32}},"loc":{"start":{"line":49,"column":51},"end":{"line":61,"column":1}},"line":49},"2":{"name":"(anonymous_2)","decl":{"start":{"line":67,"column":28},"end":{"line":67,"column":29}},"loc":{"start":{"line":67,"column":48},"end":{"line":110,"column":1}},"line":67},"3":{"name":"(anonymous_3)","decl":{"start":{"line":116,"column":28},"end":{"line":116,"column":29}},"loc":{"start":{"line":116,"column":48},"end":{"line":132,"column":1}},"line":116},"4":{"name":"(anonymous_4)","decl":{"start":{"line":137,"column":26},"end":{"line":137,"column":27}},"loc":{"start":{"line":137,"column":46},"end":{"line":150,"column":1}},"line":137},"5":{"name":"(anonymous_5)","decl":{"start":{"line":156,"column":22},"end":{"line":156,"column":23}},"loc":{"start":{"line":156,"column":42},"end":{"line":188,"column":1}},"line":156},"6":{"name":"(anonymous_6)","decl":{"start":{"line":194,"column":22},"end":{"line":194,"column":23}},"loc":{"start":{"line":194,"column":42},"end":{"line":217,"column":1}},"line":194},"7":{"name":"(anonymous_7)","decl":{"start":{"line":201,"column":27},"end":{"line":201,"column":28}},"loc":{"start":{"line":201,"column":32},"end":{"line":201,"column":59}},"line":201},"8":{"name":"(anonymous_8)","decl":{"start":{"line":223,"column":22},"end":{"line":223,"column":23}},"loc":{"start":{"line":223,"column":42},"end":{"line":235,"column":1}},"line":223},"9":{"name":"(anonymous_9)","decl":{"start":{"line":241,"column":20},"end":{"line":241,"column":21}},"loc":{"start":{"line":241,"column":40},"end":{"line":255,"column":1}},"line":241},"10":{"name":"(anonymous_10)","decl":{"start":{"line":260,"column":20},"end":{"line":260,"column":21}},"loc":{"start":{"line":260,"column":40},"end":{"line":274,"column":1}},"line":260}},"branchMap":{"0":{"loc":{"start":{"line":13,"column":4},"end":{"line":13,"column":87}},"type":"if","locations":[{"start":{"line":13,"column":4},"end":{"line":13,"column":87}},{"start":{},"end":{}}],"line":13},"1":{"loc":{"start":{"line":14,"column":4},"end":{"line":14,"column":87}},"type":"if","locations":[{"start":{"line":14,"column":4},"end":{"line":14,"column":87}},{"start":{},"end":{}}],"line":14},"2":{"loc":{"start":{"line":15,"column":4},"end":{"line":15,"column":108}},"type":"if","locations":[{"start":{"line":15,"column":4},"end":{"line":15,"column":108}},{"start":{},"end":{}}],"line":15},"3":{"loc":{"start":{"line":25,"column":4},"end":{"line":25,"column":84}},"type":"if","locations":[{"start":{"line":25,"column":4},"end":{"line":25,"column":84}},{"start":{},"end":{}}],"line":25},"4":{"loc":{"start":{"line":34,"column":4},"end":{"line":34,"column":90}},"type":"if","locations":[{"start":{"line":34,"column":4},"end":{"line":34,"column":90}},{"start":{},"end":{}}],"line":34},"5":{"loc":{"start":{"line":72,"column":4},"end":{"line":73,"column":91}},"type":"if","locations":[{"start":{"line":72,"column":4},"end":{"line":73,"column":91}},{"start":{},"end":{}}],"line":72},"6":{"loc":{"start":{"line":72,"column":8},"end":{"line":72,"column":47}},"type":"binary-expr","locations":[{"start":{"line":72,"column":8},"end":{"line":72,"column":16}},{"start":{"line":72,"column":20},"end":{"line":72,"column":47}}],"line":72},"7":{"loc":{"start":{"line":74,"column":4},"end":{"line":75,"column":73}},"type":"if","locations":[{"start":{"line":74,"column":4},"end":{"line":75,"column":73}},{"start":{},"end":{}}],"line":74},"8":{"loc":{"start":{"line":85,"column":4},"end":{"line":85,"column":76}},"type":"if","locations":[{"start":{"line":85,"column":4},"end":{"line":85,"column":76}},{"start":{},"end":{}}],"line":85},"9":{"loc":{"start":{"line":121,"column":4},"end":{"line":122,"column":91}},"type":"if","locations":[{"start":{"line":121,"column":4},"end":{"line":122,"column":91}},{"start":{},"end":{}}],"line":121},"10":{"loc":{"start":{"line":121,"column":8},"end":{"line":121,"column":47}},"type":"binary-expr","locations":[{"start":{"line":121,"column":8},"end":{"line":121,"column":16}},{"start":{"line":121,"column":20},"end":{"line":121,"column":47}}],"line":121},"11":{"loc":{"start":{"line":123,"column":4},"end":{"line":124,"column":73}},"type":"if","locations":[{"start":{"line":123,"column":4},"end":{"line":124,"column":73}},{"start":{},"end":{}}],"line":123},"12":{"loc":{"start":{"line":141,"column":4},"end":{"line":141,"column":129}},"type":"if","locations":[{"start":{"line":141,"column":4},"end":{"line":141,"column":129}},{"start":{},"end":{}}],"line":141},"13":{"loc":{"start":{"line":141,"column":8},"end":{"line":141,"column":69}},"type":"binary-expr","locations":[{"start":{"line":141,"column":8},"end":{"line":141,"column":13}},{"start":{"line":141,"column":18},"end":{"line":141,"column":41}},{"start":{"line":141,"column":45},"end":{"line":141,"column":68}}],"line":141},"14":{"loc":{"start":{"line":142,"column":4},"end":{"line":143,"column":74}},"type":"if","locations":[{"start":{"line":142,"column":4},"end":{"line":143,"column":74}},{"start":{},"end":{}}],"line":142},"15":{"loc":{"start":{"line":142,"column":8},"end":{"line":142,"column":73}},"type":"binary-expr","locations":[{"start":{"line":142,"column":8},"end":{"line":142,"column":22}},{"start":{"line":142,"column":26},"end":{"line":142,"column":42}},{"start":{"line":142,"column":46},"end":{"line":142,"column":73}}],"line":142},"16":{"loc":{"start":{"line":162,"column":4},"end":{"line":162,"column":129}},"type":"if","locations":[{"start":{"line":162,"column":4},"end":{"line":162,"column":129}},{"start":{},"end":{}}],"line":162},"17":{"loc":{"start":{"line":162,"column":8},"end":{"line":162,"column":69}},"type":"binary-expr","locations":[{"start":{"line":162,"column":8},"end":{"line":162,"column":13}},{"start":{"line":162,"column":18},"end":{"line":162,"column":41}},{"start":{"line":162,"column":45},"end":{"line":162,"column":68}}],"line":162},"18":{"loc":{"start":{"line":163,"column":4},"end":{"line":163,"column":81}},"type":"if","locations":[{"start":{"line":163,"column":4},"end":{"line":163,"column":81}},{"start":{},"end":{}}],"line":163},"19":{"loc":{"start":{"line":164,"column":4},"end":{"line":164,"column":78}},"type":"if","locations":[{"start":{"line":164,"column":4},"end":{"line":164,"column":78}},{"start":{},"end":{}}],"line":164},"20":{"loc":{"start":{"line":168,"column":4},"end":{"line":168,"column":107}},"type":"if","locations":[{"start":{"line":168,"column":4},"end":{"line":168,"column":107}},{"start":{},"end":{}}],"line":168},"21":{"loc":{"start":{"line":171,"column":4},"end":{"line":172,"column":74}},"type":"if","locations":[{"start":{"line":171,"column":4},"end":{"line":172,"column":74}},{"start":{},"end":{}}],"line":171},"22":{"loc":{"start":{"line":171,"column":8},"end":{"line":171,"column":79}},"type":"binary-expr","locations":[{"start":{"line":171,"column":8},"end":{"line":171,"column":23}},{"start":{"line":171,"column":27},"end":{"line":171,"column":54}},{"start":{"line":171,"column":58},"end":{"line":171,"column":79}}],"line":171},"23":{"loc":{"start":{"line":175,"column":4},"end":{"line":177,"column":5}},"type":"if","locations":[{"start":{"line":175,"column":4},"end":{"line":177,"column":5}},{"start":{},"end":{}}],"line":175},"24":{"loc":{"start":{"line":175,"column":8},"end":{"line":175,"column":57}},"type":"binary-expr","locations":[{"start":{"line":175,"column":8},"end":{"line":175,"column":23}},{"start":{"line":175,"column":27},"end":{"line":175,"column":57}}],"line":175},"25":{"loc":{"start":{"line":197,"column":4},"end":{"line":197,"column":79}},"type":"if","locations":[{"start":{"line":197,"column":4},"end":{"line":197,"column":79}},{"start":{},"end":{}}],"line":197},"26":{"loc":{"start":{"line":201,"column":4},"end":{"line":202,"column":73}},"type":"if","locations":[{"start":{"line":201,"column":4},"end":{"line":202,"column":73}},{"start":{},"end":{}}],"line":201},"27":{"loc":{"start":{"line":209,"column":18},"end":{"line":212,"column":33}},"type":"cond-expr","locations":[{"start":{"line":209,"column":54},"end":{"line":209,"column":61}},{"start":{"line":210,"column":18},"end":{"line":212,"column":33}}],"line":209},"28":{"loc":{"start":{"line":210,"column":18},"end":{"line":212,"column":33}},"type":"cond-expr","locations":[{"start":{"line":210,"column":54},"end":{"line":210,"column":61}},{"start":{"line":211,"column":22},"end":{"line":212,"column":33}}],"line":210},"29":{"loc":{"start":{"line":211,"column":22},"end":{"line":212,"column":33}},"type":"cond-expr","locations":[{"start":{"line":211,"column":58},"end":{"line":211,"column":65}},{"start":{"line":212,"column":26},"end":{"line":212,"column":33}}],"line":211},"30":{"loc":{"start":{"line":228,"column":4},"end":{"line":228,"column":129}},"type":"if","locations":[{"start":{"line":228,"column":4},"end":{"line":228,"column":129}},{"start":{},"end":{}}],"line":228},"31":{"loc":{"start":{"line":228,"column":8},"end":{"line":228,"column":69}},"type":"binary-expr","locations":[{"start":{"line":228,"column":8},"end":{"line":228,"column":13}},{"start":{"line":228,"column":18},"end":{"line":228,"column":41}},{"start":{"line":228,"column":45},"end":{"line":228,"column":68}}],"line":228},"32":{"loc":{"start":{"line":231,"column":4},"end":{"line":231,"column":124}},"type":"if","locations":[{"start":{"line":231,"column":4},"end":{"line":231,"column":124}},{"start":{},"end":{}}],"line":231},"33":{"loc":{"start":{"line":231,"column":8},"end":{"line":231,"column":46}},"type":"binary-expr","locations":[{"start":{"line":231,"column":8},"end":{"line":231,"column":16}},{"start":{"line":231,"column":20},"end":{"line":231,"column":46}}],"line":231},"34":{"loc":{"start":{"line":245,"column":4},"end":{"line":246,"column":66}},"type":"if","locations":[{"start":{"line":245,"column":4},"end":{"line":246,"column":66}},{"start":{},"end":{}}],"line":245},"35":{"loc":{"start":{"line":245,"column":8},"end":{"line":245,"column":69}},"type":"binary-expr","locations":[{"start":{"line":245,"column":8},"end":{"line":245,"column":13}},{"start":{"line":245,"column":18},"end":{"line":245,"column":41}},{"start":{"line":245,"column":45},"end":{"line":245,"column":68}}],"line":245},"36":{"loc":{"start":{"line":248,"column":4},"end":{"line":248,"column":85}},"type":"if","locations":[{"start":{"line":248,"column":4},"end":{"line":248,"column":85}},{"start":{},"end":{}}],"line":248},"37":{"loc":{"start":{"line":264,"column":4},"end":{"line":265,"column":66}},"type":"if","locations":[{"start":{"line":264,"column":4},"end":{"line":265,"column":66}},{"start":{},"end":{}}],"line":264},"38":{"loc":{"start":{"line":264,"column":8},"end":{"line":264,"column":69}},"type":"binary-expr","locations":[{"start":{"line":264,"column":8},"end":{"line":264,"column":13}},{"start":{"line":264,"column":18},"end":{"line":264,"column":41}},{"start":{"line":264,"column":45},"end":{"line":264,"column":68}}],"line":264},"39":{"loc":{"start":{"line":267,"column":4},"end":{"line":267,"column":82}},"type":"if","locations":[{"start":{"line":267,"column":4},"end":{"line":267,"column":82}},{"start":{},"end":{}}],"line":267}},"s":{"0":3,"1":3,"2":3,"3":3,"4":3,"5":3,"6":3,"7":0,"8":3,"9":0,"10":3,"11":0,"12":3,"13":3,"14":0,"15":3,"16":3,"17":0,"18":3,"19":3,"20":3,"21":0,"22":0,"23":0,"24":3,"25":1,"26":1,"27":1,"28":1,"29":0,"30":1,"31":0,"32":1,"33":1,"34":0,"35":1,"36":1,"37":1,"38":3,"39":1,"40":1,"41":1,"42":1,"43":0,"44":1,"45":0,"46":1,"47":1,"48":3,"49":0,"50":0,"51":0,"52":0,"53":0,"54":0,"55":0,"56":0,"57":0,"58":3,"59":0,"60":0,"61":0,"62":0,"63":0,"64":0,"65":0,"66":0,"67":0,"68":0,"69":0,"70":0,"71":0,"72":0,"73":0,"74":0,"75":0,"76":0,"77":0,"78":3,"79":0,"80":0,"81":0,"82":0,"83":0,"84":0,"85":0,"86":0,"87":0,"88":0,"89":3,"90":0,"91":0,"92":0,"93":0,"94":0,"95":0,"96":0,"97":0,"98":0,"99":0,"100":0,"101":3,"102":0,"103":0,"104":0,"105":0,"106":0,"107":0,"108":0,"109":0,"110":0,"111":3,"112":0,"113":0,"114":0,"115":0,"116":0,"117":0,"118":0,"119":0,"120":0},"f":{"0":3,"1":0,"2":1,"3":1,"4":0,"5":0,"6":0,"7":0,"8":0,"9":0,"10":0},"b":{"0":[0,3],"1":[0,3],"2":[0,3],"3":[0,3],"4":[0,3],"5":[0,1],"6":[1,1],"7":[0,1],"8":[0,1],"9":[0,1],"10":[1,1],"11":[0,1],"12":[0,0],"13":[0,0,0],"14":[0,0],"15":[0,0,0],"16":[0,0],"17":[0,0,0],"18":[0,0],"19":[0,0],"20":[0,0],"21":[0,0],"22":[0,0,0],"23":[0,0],"24":[0,0],"25":[0,0],"26":[0,0],"27":[0,0],"28":[0,0],"29":[0,0],"30":[0,0],"31":[0,0,0],"32":[0,0],"33":[0,0],"34":[0,0],"35":[0,0,0],"36":[0,0],"37":[0,0],"38":[0,0,0],"39":[0,0]},"_coverageSchema":"1a1c01bbd47fc00a2c39e90264f33305004495a9","hash":"a2eeaa7c43c266b9f2e3e86eccee1ddc5c4c08dd"}
,"C:\\invest-app-backend\\src\\controllers\\paymentController.js": {"path":"C:\\invest-app-backend\\src\\controllers\\paymentController.js","statementMap":{"0":{"start":{"line":1,"column":15},"end":{"line":1,"column":32}},"1":{"start":{"line":2,"column":15},"end":{"line":2,"column":52}},"2":{"start":{"line":4,"column":0},"end":{"line":33,"column":2}},"3":{"start":{"line":5,"column":4},"end":{"line":32,"column":5}},"4":{"start":{"line":6,"column":46},"end":{"line":6,"column":54}},"5":{"start":{"line":8,"column":27},"end":{"line":15,"column":11}},"6":{"start":{"line":8,"column":49},"end":{"line":15,"column":9}},"7":{"start":{"line":17,"column":24},"end":{"line":27,"column":10}},"8":{"start":{"line":29,"column":8},"end":{"line":29,"column":39}},"9":{"start":{"line":31,"column":8},"end":{"line":31,"column":78}}},"fnMap":{"0":{"name":"(anonymous_0)","decl":{"start":{"line":4,"column":32},"end":{"line":4,"column":33}},"loc":{"start":{"line":4,"column":52},"end":{"line":33,"column":1}},"line":4},"1":{"name":"(anonymous_1)","decl":{"start":{"line":8,"column":40},"end":{"line":8,"column":41}},"loc":{"start":{"line":8,"column":49},"end":{"line":15,"column":9}},"line":8}},"branchMap":{"0":{"loc":{"start":{"line":14,"column":22},"end":{"line":14,"column":40}},"type":"binary-expr","locations":[{"start":{"line":14,"column":22},"end":{"line":14,"column":35}},{"start":{"line":14,"column":39},"end":{"line":14,"column":40}}],"line":14}},"s":{"0":4,"1":4,"2":4,"3":1,"4":1,"5":1,"6":1,"7":1,"8":1,"9":0},"f":{"0":1,"1":1},"b":{"0":[1,0]},"_coverageSchema":"1a1c01bbd47fc00a2c39e90264f33305004495a9","hash":"72c218a946585cc5af5da7a7e9be0175a9c92177"}
,"C:\\invest-app-backend\\src\\controllers\\productController.js": {"path":"C:\\invest-app-backend\\src\\controllers\\productController.js","statementMap":{"0":{"start":{"line":1,"column":15},"end":{"line":1,"column":35}},"1":{"start":{"line":5,"column":4},"end":{"line":11,"column":6}},"2":{"start":{"line":6,"column":25},"end":{"line":6,"column":39}},"3":{"start":{"line":7,"column":8},"end":{"line":9,"column":9}},"4":{"start":{"line":8,"column":12},"end":{"line":8,"column":64}},"5":{"start":{"line":10,"column":8},"end":{"line":10,"column":15}},"6":{"start":{"line":15,"column":0},"end":{"line":31,"column":2}},"7":{"start":{"line":18,"column":8},"end":{"line":29,"column":9}},"8":{"start":{"line":19,"column":59},"end":{"line":19,"column":67}},"9":{"start":{"line":20,"column":12},"end":{"line":22,"column":13}},"10":{"start":{"line":21,"column":16},"end":{"line":21,"column":96}},"11":{"start":{"line":23,"column":28},"end":{"line":25,"column":14}},"12":{"start":{"line":26,"column":12},"end":{"line":26,"column":42}},"13":{"start":{"line":28,"column":12},"end":{"line":28,"column":87}},"14":{"start":{"line":34,"column":0},"end":{"line":41,"column":2}},"15":{"start":{"line":35,"column":4},"end":{"line":40,"column":5}},"16":{"start":{"line":36,"column":25},"end":{"line":36,"column":56}},"17":{"start":{"line":37,"column":8},"end":{"line":37,"column":27}},"18":{"start":{"line":39,"column":8},"end":{"line":39,"column":83}},"19":{"start":{"line":44,"column":0},"end":{"line":53,"column":2}},"20":{"start":{"line":45,"column":4},"end":{"line":52,"column":5}},"21":{"start":{"line":46,"column":23},"end":{"line":46,"column":33}},"22":{"start":{"line":47,"column":24},"end":{"line":47,"column":74}},"23":{"start":{"line":48,"column":8},"end":{"line":48,"column":82}},"24":{"start":{"line":48,"column":22},"end":{"line":48,"column":82}},"25":{"start":{"line":49,"column":8},"end":{"line":49,"column":26}},"26":{"start":{"line":51,"column":8},"end":{"line":51,"column":82}},"27":{"start":{"line":56,"column":0},"end":{"line":76,"column":2}},"28":{"start":{"line":59,"column":8},"end":{"line":74,"column":9}},"29":{"start":{"line":60,"column":27},"end":{"line":60,"column":37}},"30":{"start":{"line":61,"column":59},"end":{"line":61,"column":67}},"31":{"start":{"line":62,"column":28},"end":{"line":70,"column":14}},"32":{"start":{"line":71,"column":12},"end":{"line":71,"column":30}},"33":{"start":{"line":73,"column":12},"end":{"line":73,"column":87}},"34":{"start":{"line":79,"column":0},"end":{"line":90,"column":2}},"35":{"start":{"line":82,"column":8},"end":{"line":88,"column":9}},"36":{"start":{"line":83,"column":27},"end":{"line":83,"column":37}},"37":{"start":{"line":84,"column":12},"end":{"line":84,"column":59}},"38":{"start":{"line":85,"column":12},"end":{"line":85,"column":53}},"39":{"start":{"line":87,"column":12},"end":{"line":87,"column":87}}},"fnMap":{"0":{"name":"requireRole","decl":{"start":{"line":4,"column":9},"end":{"line":4,"column":20}},"loc":{"start":{"line":4,"column":31},"end":{"line":12,"column":1}},"line":4},"1":{"name":"(anonymous_1)","decl":{"start":{"line":5,"column":11},"end":{"line":5,"column":12}},"loc":{"start":{"line":5,"column":31},"end":{"line":11,"column":5}},"line":5},"2":{"name":"(anonymous_2)","decl":{"start":{"line":17,"column":4},"end":{"line":17,"column":5}},"loc":{"start":{"line":17,"column":24},"end":{"line":30,"column":5}},"line":17},"3":{"name":"(anonymous_3)","decl":{"start":{"line":34,"column":25},"end":{"line":34,"column":26}},"loc":{"start":{"line":34,"column":45},"end":{"line":41,"column":1}},"line":34},"4":{"name":"(anonymous_4)","decl":{"start":{"line":44,"column":25},"end":{"line":44,"column":26}},"loc":{"start":{"line":44,"column":45},"end":{"line":53,"column":1}},"line":44},"5":{"name":"(anonymous_5)","decl":{"start":{"line":58,"column":4},"end":{"line":58,"column":5}},"loc":{"start":{"line":58,"column":24},"end":{"line":75,"column":5}},"line":58},"6":{"name":"(anonymous_6)","decl":{"start":{"line":81,"column":4},"end":{"line":81,"column":5}},"loc":{"start":{"line":81,"column":24},"end":{"line":89,"column":5}},"line":81}},"branchMap":{"0":{"loc":{"start":{"line":7,"column":8},"end":{"line":9,"column":9}},"type":"if","locations":[{"start":{"line":7,"column":8},"end":{"line":9,"column":9}},{"start":{},"end":{}}],"line":7},"1":{"loc":{"start":{"line":7,"column":12},"end":{"line":7,"column":50}},"type":"binary-expr","locations":[{"start":{"line":7,"column":12},"end":{"line":7,"column":21}},{"start":{"line":7,"column":25},"end":{"line":7,"column":50}}],"line":7},"2":{"loc":{"start":{"line":20,"column":12},"end":{"line":22,"column":13}},"type":"if","locations":[{"start":{"line":20,"column":12},"end":{"line":22,"column":13}},{"start":{},"end":{}}],"line":20},"3":{"loc":{"start":{"line":20,"column":16},"end":{"line":20,"column":38}},"type":"binary-expr","locations":[{"start":{"line":20,"column":16},"end":{"line":20,"column":21}},{"start":{"line":20,"column":25},"end":{"line":20,"column":38}}],"line":20},"4":{"loc":{"start":{"line":28,"column":42},"end":{"line":28,"column":83}},"type":"binary-expr","locations":[{"start":{"line":28,"column":42},"end":{"line":28,"column":53}},{"start":{"line":28,"column":57},"end":{"line":28,"column":83}}],"line":28},"5":{"loc":{"start":{"line":39,"column":38},"end":{"line":39,"column":79}},"type":"binary-expr","locations":[{"start":{"line":39,"column":38},"end":{"line":39,"column":49}},{"start":{"line":39,"column":53},"end":{"line":39,"column":79}}],"line":39},"6":{"loc":{"start":{"line":48,"column":8},"end":{"line":48,"column":82}},"type":"if","locations":[{"start":{"line":48,"column":8},"end":{"line":48,"column":82}},{"start":{},"end":{}}],"line":48},"7":{"loc":{"start":{"line":51,"column":38},"end":{"line":51,"column":78}},"type":"binary-expr","locations":[{"start":{"line":51,"column":38},"end":{"line":51,"column":49}},{"start":{"line":51,"column":53},"end":{"line":51,"column":78}}],"line":51},"8":{"loc":{"start":{"line":67,"column":27},"end":{"line":67,"column":74}},"type":"cond-expr","locations":[{"start":{"line":67,"column":49},"end":{"line":67,"column":62}},{"start":{"line":67,"column":65},"end":{"line":67,"column":74}}],"line":67},"9":{"loc":{"start":{"line":73,"column":42},"end":{"line":73,"column":83}},"type":"binary-expr","locations":[{"start":{"line":73,"column":42},"end":{"line":73,"column":53}},{"start":{"line":73,"column":57},"end":{"line":73,"column":83}}],"line":73},"10":{"loc":{"start":{"line":87,"column":42},"end":{"line":87,"column":83}},"type":"binary-expr","locations":[{"start":{"line":87,"column":42},"end":{"line":87,"column":53}},{"start":{"line":87,"column":57},"end":{"line":87,"column":83}}],"line":87}},"s":{"0":4,"1":12,"2":17,"3":17,"4":5,"5":12,"6":4,"7":6,"8":6,"9":6,"10":1,"11":5,"12":4,"13":1,"14":4,"15":3,"16":3,"17":3,"18":0,"19":4,"20":3,"21":3,"22":3,"23":3,"24":1,"25":2,"26":0,"27":4,"28":3,"29":3,"30":3,"31":3,"32":2,"33":1,"34":4,"35":3,"36":3,"37":3,"38":2,"39":1},"f":{"0":12,"1":17,"2":6,"3":3,"4":3,"5":3,"6":3},"b":{"0":[5,12],"1":[17,17],"2":[1,5],"3":[6,5],"4":[1,0],"5":[0,0],"6":[1,2],"7":[0,0],"8":[0,3],"9":[1,0],"10":[1,0]},"_coverageSchema":"1a1c01bbd47fc00a2c39e90264f33305004495a9","hash":"927f0ea8d5c8efbd2a4eeb032b3047ef855880f3"}
,"C:\\invest-app-backend\\src\\controllers\\profileController.js": {"path":"C:\\invest-app-backend\\src\\controllers\\profileController.js","statementMap":{"0":{"start":{"line":1,"column":15},"end":{"line":1,"column":35}},"1":{"start":{"line":5,"column":4},"end":{"line":5,"column":51}},"2":{"start":{"line":5,"column":39},"end":{"line":5,"column":51}},"3":{"start":{"line":6,"column":4},"end":{"line":9,"column":5}},"4":{"start":{"line":7,"column":18},"end":{"line":7,"column":26}},"5":{"start":{"line":8,"column":8},"end":{"line":8,"column":41}},"6":{"start":{"line":10,"column":4},"end":{"line":10,"column":13}},"7":{"start":{"line":14,"column":0},"end":{"line":26,"column":2}},"8":{"start":{"line":15,"column":4},"end":{"line":25,"column":5}},"9":{"start":{"line":16,"column":23},"end":{"line":16,"column":39}},"10":{"start":{"line":17,"column":8},"end":{"line":17,"column":76}},"11":{"start":{"line":17,"column":21},"end":{"line":17,"column":76}},"12":{"start":{"line":19,"column":24},"end":{"line":19,"column":78}},"13":{"start":{"line":20,"column":8},"end":{"line":20,"column":82}},"14":{"start":{"line":20,"column":22},"end":{"line":20,"column":82}},"15":{"start":{"line":22,"column":8},"end":{"line":22,"column":26}},"16":{"start":{"line":24,"column":8},"end":{"line":24,"column":87}},"17":{"start":{"line":29,"column":0},"end":{"line":54,"column":2}},"18":{"start":{"line":30,"column":4},"end":{"line":53,"column":5}},"19":{"start":{"line":31,"column":23},"end":{"line":31,"column":39}},"20":{"start":{"line":32,"column":8},"end":{"line":32,"column":76}},"21":{"start":{"line":32,"column":21},"end":{"line":32,"column":76}},"22":{"start":{"line":34,"column":21},"end":{"line":34,"column":50}},"23":{"start":{"line":35,"column":24},"end":{"line":35,"column":56}},"24":{"start":{"line":36,"column":8},"end":{"line":38,"column":9}},"25":{"start":{"line":37,"column":12},"end":{"line":37,"column":85}},"26":{"start":{"line":40,"column":20},"end":{"line":40,"column":52}},"27":{"start":{"line":41,"column":23},"end":{"line":41,"column":58}},"28":{"start":{"line":42,"column":26},"end":{"line":42,"column":64}},"29":{"start":{"line":44,"column":24},"end":{"line":48,"column":10}},"30":{"start":{"line":50,"column":8},"end":{"line":50,"column":26}},"31":{"start":{"line":52,"column":8},"end":{"line":52,"column":90}},"32":{"start":{"line":56,"column":0},"end":{"line":65,"column":2}},"33":{"start":{"line":57,"column":4},"end":{"line":64,"column":5}},"34":{"start":{"line":58,"column":25},"end":{"line":60,"column":10}},"35":{"start":{"line":61,"column":8},"end":{"line":61,"column":27}},"36":{"start":{"line":63,"column":8},"end":{"line":63,"column":90}},"37":{"start":{"line":67,"column":0},"end":{"line":76,"column":2}},"38":{"start":{"line":68,"column":4},"end":{"line":75,"column":5}},"39":{"start":{"line":69,"column":23},"end":{"line":69,"column":33}},"40":{"start":{"line":70,"column":24},"end":{"line":70,"column":74}},"41":{"start":{"line":71,"column":8},"end":{"line":71,"column":82}},"42":{"start":{"line":71,"column":22},"end":{"line":71,"column":82}},"43":{"start":{"line":72,"column":8},"end":{"line":72,"column":26}},"44":{"start":{"line":74,"column":8},"end":{"line":74,"column":89}},"45":{"start":{"line":78,"column":0},"end":{"line":104,"column":2}},"46":{"start":{"line":79,"column":4},"end":{"line":103,"column":5}},"47":{"start":{"line":80,"column":23},"end":{"line":80,"column":33}},"48":{"start":{"line":82,"column":21},"end":{"line":82,"column":50}},"49":{"start":{"line":83,"column":24},"end":{"line":83,"column":56}},"50":{"start":{"line":84,"column":8},"end":{"line":86,"column":9}},"51":{"start":{"line":85,"column":12},"end":{"line":85,"column":85}},"52":{"start":{"line":88,"column":20},"end":{"line":88,"column":52}},"53":{"start":{"line":89,"column":23},"end":{"line":89,"column":58}},"54":{"start":{"line":90,"column":26},"end":{"line":90,"column":64}},"55":{"start":{"line":92,"column":24},"end":{"line":95,"column":10}},"56":{"start":{"line":97,"column":8},"end":{"line":97,"column":26}},"57":{"start":{"line":99,"column":8},"end":{"line":101,"column":9}},"58":{"start":{"line":100,"column":12},"end":{"line":100,"column":72}},"59":{"start":{"line":102,"column":8},"end":{"line":102,"column":90}},"60":{"start":{"line":106,"column":0},"end":{"line":117,"column":2}},"61":{"start":{"line":107,"column":4},"end":{"line":116,"column":5}},"62":{"start":{"line":108,"column":23},"end":{"line":108,"column":33}},"63":{"start":{"line":109,"column":8},"end":{"line":109,"column":55}},"64":{"start":{"line":110,"column":8},"end":{"line":110,"column":31}},"65":{"start":{"line":112,"column":8},"end":{"line":114,"column":9}},"66":{"start":{"line":113,"column":12},"end":{"line":113,"column":72}},"67":{"start":{"line":115,"column":8},"end":{"line":115,"column":90}}},"fnMap":{"0":{"name":"normalizeNullable","decl":{"start":{"line":4,"column":9},"end":{"line":4,"column":26}},"loc":{"start":{"line":4,"column":30},"end":{"line":11,"column":1}},"line":4},"1":{"name":"(anonymous_1)","decl":{"start":{"line":14,"column":23},"end":{"line":14,"column":24}},"loc":{"start":{"line":14,"column":43},"end":{"line":26,"column":1}},"line":14},"2":{"name":"(anonymous_2)","decl":{"start":{"line":29,"column":26},"end":{"line":29,"column":27}},"loc":{"start":{"line":29,"column":46},"end":{"line":54,"column":1}},"line":29},"3":{"name":"(anonymous_3)","decl":{"start":{"line":56,"column":25},"end":{"line":56,"column":26}},"loc":{"start":{"line":56,"column":45},"end":{"line":65,"column":1}},"line":56},"4":{"name":"(anonymous_4)","decl":{"start":{"line":67,"column":25},"end":{"line":67,"column":26}},"loc":{"start":{"line":67,"column":45},"end":{"line":76,"column":1}},"line":67},"5":{"name":"(anonymous_5)","decl":{"start":{"line":78,"column":28},"end":{"line":78,"column":29}},"loc":{"start":{"line":78,"column":48},"end":{"line":104,"column":1}},"line":78},"6":{"name":"(anonymous_6)","decl":{"start":{"line":106,"column":28},"end":{"line":106,"column":29}},"loc":{"start":{"line":106,"column":48},"end":{"line":117,"column":1}},"line":106}},"branchMap":{"0":{"loc":{"start":{"line":5,"column":4},"end":{"line":5,"column":51}},"type":"if","locations":[{"start":{"line":5,"column":4},"end":{"line":5,"column":51}},{"start":{},"end":{}}],"line":5},"1":{"loc":{"start":{"line":5,"column":8},"end":{"line":5,"column":37}},"type":"binary-expr","locations":[{"start":{"line":5,"column":8},"end":{"line":5,"column":23}},{"start":{"line":5,"column":27},"end":{"line":5,"column":37}}],"line":5},"2":{"loc":{"start":{"line":6,"column":4},"end":{"line":9,"column":5}},"type":"if","locations":[{"start":{"line":6,"column":4},"end":{"line":9,"column":5}},{"start":{},"end":{}}],"line":6},"3":{"loc":{"start":{"line":8,"column":15},"end":{"line":8,"column":40}},"type":"cond-expr","locations":[{"start":{"line":8,"column":32},"end":{"line":8,"column":36}},{"start":{"line":8,"column":39},"end":{"line":8,"column":40}}],"line":8},"4":{"loc":{"start":{"line":17,"column":8},"end":{"line":17,"column":76}},"type":"if","locations":[{"start":{"line":17,"column":8},"end":{"line":17,"column":76}},{"start":{},"end":{}}],"line":17},"5":{"loc":{"start":{"line":20,"column":8},"end":{"line":20,"column":82}},"type":"if","locations":[{"start":{"line":20,"column":8},"end":{"line":20,"column":82}},{"start":{},"end":{}}],"line":20},"6":{"loc":{"start":{"line":32,"column":8},"end":{"line":32,"column":76}},"type":"if","locations":[{"start":{"line":32,"column":8},"end":{"line":32,"column":76}},{"start":{},"end":{}}],"line":32},"7":{"loc":{"start":{"line":34,"column":22},"end":{"line":34,"column":42}},"type":"binary-expr","locations":[{"start":{"line":34,"column":22},"end":{"line":34,"column":36}},{"start":{"line":34,"column":40},"end":{"line":34,"column":42}}],"line":34},"8":{"loc":{"start":{"line":35,"column":25},"end":{"line":35,"column":48}},"type":"binary-expr","locations":[{"start":{"line":35,"column":25},"end":{"line":35,"column":42}},{"start":{"line":35,"column":46},"end":{"line":35,"column":48}}],"line":35},"9":{"loc":{"start":{"line":36,"column":8},"end":{"line":38,"column":9}},"type":"if","locations":[{"start":{"line":36,"column":8},"end":{"line":38,"column":9}},{"start":{},"end":{}}],"line":36},"10":{"loc":{"start":{"line":36,"column":12},"end":{"line":36,"column":29}},"type":"binary-expr","locations":[{"start":{"line":36,"column":12},"end":{"line":36,"column":17}},{"start":{"line":36,"column":21},"end":{"line":36,"column":29}}],"line":36},"11":{"loc":{"start":{"line":71,"column":8},"end":{"line":71,"column":82}},"type":"if","locations":[{"start":{"line":71,"column":8},"end":{"line":71,"column":82}},{"start":{},"end":{}}],"line":71},"12":{"loc":{"start":{"line":82,"column":22},"end":{"line":82,"column":42}},"type":"binary-expr","locations":[{"start":{"line":82,"column":22},"end":{"line":82,"column":36}},{"start":{"line":82,"column":40},"end":{"line":82,"column":42}}],"line":82},"13":{"loc":{"start":{"line":83,"column":25},"end":{"line":83,"column":48}},"type":"binary-expr","locations":[{"start":{"line":83,"column":25},"end":{"line":83,"column":42}},{"start":{"line":83,"column":46},"end":{"line":83,"column":48}}],"line":83},"14":{"loc":{"start":{"line":84,"column":8},"end":{"line":86,"column":9}},"type":"if","locations":[{"start":{"line":84,"column":8},"end":{"line":86,"column":9}},{"start":{},"end":{}}],"line":84},"15":{"loc":{"start":{"line":84,"column":12},"end":{"line":84,"column":29}},"type":"binary-expr","locations":[{"start":{"line":84,"column":12},"end":{"line":84,"column":17}},{"start":{"line":84,"column":21},"end":{"line":84,"column":29}}],"line":84},"16":{"loc":{"start":{"line":99,"column":8},"end":{"line":101,"column":9}},"type":"if","locations":[{"start":{"line":99,"column":8},"end":{"line":101,"column":9}},{"start":{},"end":{}}],"line":99},"17":{"loc":{"start":{"line":112,"column":8},"end":{"line":114,"column":9}},"type":"if","locations":[{"start":{"line":112,"column":8},"end":{"line":114,"column":9}},{"start":{},"end":{}}],"line":112}},"s":{"0":4,"1":21,"2":14,"3":7,"4":7,"5":7,"6":0,"7":4,"8":5,"9":5,"10":5,"11":1,"12":4,"13":3,"14":1,"15":2,"16":1,"17":4,"18":5,"19":5,"20":5,"21":1,"22":4,"23":4,"24":4,"25":1,"26":3,"27":3,"28":3,"29":3,"30":2,"31":1,"32":4,"33":3,"34":3,"35":2,"36":1,"37":4,"38":4,"39":4,"40":4,"41":3,"42":1,"43":2,"44":1,"45":4,"46":5,"47":5,"48":5,"49":5,"50":5,"51":1,"52":4,"53":4,"54":4,"55":4,"56":2,"57":2,"58":1,"59":1,"60":4,"61":3,"62":3,"63":3,"64":1,"65":2,"66":1,"67":1},"f":{"0":21,"1":5,"2":5,"3":3,"4":4,"5":5,"6":3},"b":{"0":[14,7],"1":[21,7],"2":[7,0],"3":[4,3],"4":[1,4],"5":[1,2],"6":[1,4],"7":[4,0],"8":[4,1],"9":[1,3],"10":[4,3],"11":[1,2],"12":[5,0],"13":[5,1],"14":[1,4],"15":[5,4],"16":[1,1],"17":[1,1]},"_coverageSchema":"1a1c01bbd47fc00a2c39e90264f33305004495a9","hash":"2a3de4393b50bd9e5ee46f09d8fce26fdadbc0a7"}
,"C:\\invest-app-backend\\src\\controllers\\referralController.js": {"path":"C:\\invest-app-backend\\src\\controllers\\referralController.js","statementMap":{"0":{"start":{"line":1,"column":15},"end":{"line":1,"column":35}},"1":{"start":{"line":2,"column":20},"end":{"line":2,"column":39}},"2":{"start":{"line":6,"column":18},"end":{"line":6,"column":52}},"3":{"start":{"line":7,"column":15},"end":{"line":7,"column":17}},"4":{"start":{"line":8,"column":4},"end":{"line":10,"column":5}},"5":{"start":{"line":8,"column":17},"end":{"line":8,"column":18}},"6":{"start":{"line":9,"column":8},"end":{"line":9,"column":71}},"7":{"start":{"line":11,"column":4},"end":{"line":11,"column":16}},"8":{"start":{"line":15,"column":0},"end":{"line":37,"column":2}},"9":{"start":{"line":16,"column":4},"end":{"line":36,"column":5}},"10":{"start":{"line":17,"column":27},"end":{"line":17,"column":28}},"11":{"start":{"line":19,"column":21},"end":{"line":19,"column":26}},"12":{"start":{"line":20,"column":8},"end":{"line":24,"column":9}},"13":{"start":{"line":21,"column":12},"end":{"line":21,"column":44}},"14":{"start":{"line":22,"column":27},"end":{"line":22,"column":80}},"15":{"start":{"line":23,"column":12},"end":{"line":23,"column":39}},"16":{"start":{"line":23,"column":25},"end":{"line":23,"column":39}},"17":{"start":{"line":25,"column":26},"end":{"line":25,"column":49}},"18":{"start":{"line":26,"column":25},"end":{"line":32,"column":10}},"19":{"start":{"line":33,"column":8},"end":{"line":33,"column":73}},"20":{"start":{"line":35,"column":8},"end":{"line":35,"column":93}},"21":{"start":{"line":40,"column":0},"end":{"line":74,"column":2}},"22":{"start":{"line":41,"column":4},"end":{"line":73,"column":5}},"23":{"start":{"line":42,"column":23},"end":{"line":42,"column":38}},"24":{"start":{"line":45,"column":24},"end":{"line":55,"column":10}},"25":{"start":{"line":58,"column":21},"end":{"line":68,"column":10}},"26":{"start":{"line":70,"column":8},"end":{"line":70,"column":36}},"27":{"start":{"line":72,"column":8},"end":{"line":72,"column":89}}},"fnMap":{"0":{"name":"generateCode","decl":{"start":{"line":5,"column":9},"end":{"line":5,"column":21}},"loc":{"start":{"line":5,"column":34},"end":{"line":12,"column":1}},"line":5},"1":{"name":"(anonymous_1)","decl":{"start":{"line":15,"column":19},"end":{"line":15,"column":20}},"loc":{"start":{"line":15,"column":39},"end":{"line":37,"column":1}},"line":15},"2":{"name":"(anonymous_2)","decl":{"start":{"line":40,"column":22},"end":{"line":40,"column":23}},"loc":{"start":{"line":40,"column":42},"end":{"line":74,"column":1}},"line":40}},"branchMap":{"0":{"loc":{"start":{"line":5,"column":22},"end":{"line":5,"column":32}},"type":"default-arg","locations":[{"start":{"line":5,"column":31},"end":{"line":5,"column":32}}],"line":5},"1":{"loc":{"start":{"line":23,"column":12},"end":{"line":23,"column":39}},"type":"if","locations":[{"start":{"line":23,"column":12},"end":{"line":23,"column":39}},{"start":{},"end":{}}],"line":23}},"s":{"0":3,"1":3,"2":1,"3":1,"4":1,"5":1,"6":8,"7":1,"8":3,"9":1,"10":1,"11":1,"12":1,"13":1,"14":1,"15":1,"16":1,"17":1,"18":1,"19":1,"20":0,"21":3,"22":1,"23":1,"24":1,"25":1,"26":1,"27":0},"f":{"0":1,"1":1,"2":1},"b":{"0":[0],"1":[1,0]},"_coverageSchema":"1a1c01bbd47fc00a2c39e90264f33305004495a9","hash":"54decc6659d57a8ee9313e694d8440f54532e9b4"}
,"C:\\invest-app-backend\\src\\controllers\\stripeWebhookController.js": {"path":"C:\\invest-app-backend\\src\\controllers\\stripeWebhookController.js","statementMap":{"0":{"start":{"line":1,"column":15},"end":{"line":1,"column":39}},"1":{"start":{"line":2,"column":15},"end":{"line":2,"column":35}},"2":{"start":{"line":4,"column":0},"end":{"line":38,"column":2}},"3":{"start":{"line":5,"column":16},"end":{"line":5,"column":47}},"4":{"start":{"line":8,"column":4},"end":{"line":17,"column":5}},"5":{"start":{"line":9,"column":8},"end":{"line":13,"column":10}},"6":{"start":{"line":15,"column":8},"end":{"line":15,"column":52}},"7":{"start":{"line":16,"column":8},"end":{"line":16,"column":76}},"8":{"start":{"line":19,"column":4},"end":{"line":34,"column":5}},"9":{"start":{"line":20,"column":24},"end":{"line":20,"column":41}},"10":{"start":{"line":21,"column":23},"end":{"line":21,"column":47}},"11":{"start":{"line":22,"column":24},"end":{"line":22,"column":49}},"12":{"start":{"line":24,"column":8},"end":{"line":33,"column":9}},"13":{"start":{"line":25,"column":12},"end":{"line":32,"column":13}},"14":{"start":{"line":26,"column":16},"end":{"line":28,"column":19}},"15":{"start":{"line":31,"column":16},"end":{"line":31,"column":75}},"16":{"start":{"line":37,"column":4},"end":{"line":37,"column":33}}},"fnMap":{"0":{"name":"(anonymous_0)","decl":{"start":{"line":4,"column":30},"end":{"line":4,"column":31}},"loc":{"start":{"line":4,"column":50},"end":{"line":38,"column":1}},"line":4}},"branchMap":{"0":{"loc":{"start":{"line":19,"column":4},"end":{"line":34,"column":5}},"type":"if","locations":[{"start":{"line":19,"column":4},"end":{"line":34,"column":5}},{"start":{},"end":{}}],"line":19},"1":{"loc":{"start":{"line":24,"column":8},"end":{"line":33,"column":9}},"type":"if","locations":[{"start":{"line":24,"column":8},"end":{"line":33,"column":9}},{"start":{},"end":{}}],"line":24},"2":{"loc":{"start":{"line":24,"column":12},"end":{"line":24,"column":29}},"type":"binary-expr","locations":[{"start":{"line":24,"column":12},"end":{"line":24,"column":18}},{"start":{"line":24,"column":22},"end":{"line":24,"column":29}}],"line":24}},"s":{"0":4,"1":4,"2":4,"3":7,"4":7,"5":7,"6":2,"7":2,"8":5,"9":4,"10":4,"11":4,"12":4,"13":2,"14":2,"15":1,"16":5},"f":{"0":7},"b":{"0":[4,1],"1":[2,2],"2":[4,2]},"_coverageSchema":"1a1c01bbd47fc00a2c39e90264f33305004495a9","hash":"8e55c3ed423842e2558c961ee08d0fa367748b03"}
,"C:\\invest-app-backend\\src\\controllers\\userController.js": {"path":"C:\\invest-app-backend\\src\\controllers\\userController.js","statementMap":{"0":{"start":{"line":1,"column":15},"end":{"line":1,"column":35}},"1":{"start":{"line":4,"column":0},"end":{"line":29,"column":2}},"2":{"start":{"line":5,"column":4},"end":{"line":28,"column":5}},"3":{"start":{"line":6,"column":8},"end":{"line":6,"column":58}},"4":{"start":{"line":7,"column":21},"end":{"line":22,"column":10}},"5":{"start":{"line":23,"column":8},"end":{"line":23,"column":56}},"6":{"start":{"line":24,"column":8},"end":{"line":24,"column":76}},"7":{"start":{"line":24,"column":19},"end":{"line":24,"column":76}},"8":{"start":{"line":25,"column":8},"end":{"line":25,"column":23}},"9":{"start":{"line":27,"column":8},"end":{"line":27,"column":78}},"10":{"start":{"line":32,"column":0},"end":{"line":37,"column":2}},"11":{"start":{"line":33,"column":25},"end":{"line":33,"column":34}},"12":{"start":{"line":34,"column":4},"end":{"line":34,"column":83}},"13":{"start":{"line":34,"column":19},"end":{"line":34,"column":83}},"14":{"start":{"line":35,"column":19},"end":{"line":35,"column":72}},"15":{"start":{"line":36,"column":4},"end":{"line":36,"column":37}},"16":{"start":{"line":40,"column":0},"end":{"line":62,"column":2}},"17":{"start":{"line":41,"column":4},"end":{"line":61,"column":5}},"18":{"start":{"line":42,"column":23},"end":{"line":42,"column":38}},"19":{"start":{"line":43,"column":46},"end":{"line":43,"column":54}},"20":{"start":{"line":44,"column":8},"end":{"line":44,"column":87}},"21":{"start":{"line":44,"column":23},"end":{"line":44,"column":87}},"22":{"start":{"line":47,"column":23},"end":{"line":47,"column":76}},"23":{"start":{"line":48,"column":8},"end":{"line":49,"column":77}},"24":{"start":{"line":49,"column":12},"end":{"line":49,"column":77}},"25":{"start":{"line":51,"column":24},"end":{"line":57,"column":10}},"26":{"start":{"line":58,"column":8},"end":{"line":58,"column":26}},"27":{"start":{"line":60,"column":8},"end":{"line":60,"column":87}}},"fnMap":{"0":{"name":"(anonymous_0)","decl":{"start":{"line":4,"column":13},"end":{"line":4,"column":14}},"loc":{"start":{"line":4,"column":33},"end":{"line":29,"column":1}},"line":4},"1":{"name":"(anonymous_1)","decl":{"start":{"line":32,"column":24},"end":{"line":32,"column":25}},"loc":{"start":{"line":32,"column":44},"end":{"line":37,"column":1}},"line":32},"2":{"name":"(anonymous_2)","decl":{"start":{"line":40,"column":19},"end":{"line":40,"column":20}},"loc":{"start":{"line":40,"column":39},"end":{"line":62,"column":1}},"line":40}},"branchMap":{"0":{"loc":{"start":{"line":24,"column":8},"end":{"line":24,"column":76}},"type":"if","locations":[{"start":{"line":24,"column":8},"end":{"line":24,"column":76}},{"start":{},"end":{}}],"line":24},"1":{"loc":{"start":{"line":34,"column":4},"end":{"line":34,"column":83}},"type":"if","locations":[{"start":{"line":34,"column":4},"end":{"line":34,"column":83}},{"start":{},"end":{}}],"line":34},"2":{"loc":{"start":{"line":44,"column":8},"end":{"line":44,"column":87}},"type":"if","locations":[{"start":{"line":44,"column":8},"end":{"line":44,"column":87}},{"start":{},"end":{}}],"line":44},"3":{"loc":{"start":{"line":48,"column":8},"end":{"line":49,"column":77}},"type":"if","locations":[{"start":{"line":48,"column":8},"end":{"line":49,"column":77}},{"start":{},"end":{}}],"line":48},"4":{"loc":{"start":{"line":48,"column":12},"end":{"line":48,"column":42}},"type":"binary-expr","locations":[{"start":{"line":48,"column":12},"end":{"line":48,"column":18}},{"start":{"line":48,"column":22},"end":{"line":48,"column":42}}],"line":48},"5":{"loc":{"start":{"line":55,"column":20},"end":{"line":55,"column":62}},"type":"cond-expr","locations":[{"start":{"line":55,"column":38},"end":{"line":55,"column":57}},{"start":{"line":55,"column":60},"end":{"line":55,"column":62}}],"line":55}},"s":{"0":4,"1":4,"2":4,"3":4,"4":4,"5":3,"6":3,"7":2,"8":1,"9":1,"10":4,"11":3,"12":3,"13":1,"14":2,"15":2,"16":4,"17":4,"18":4,"19":4,"20":4,"21":1,"22":3,"23":2,"24":1,"25":1,"26":1,"27":1},"f":{"0":4,"1":3,"2":4},"b":{"0":[2,1],"1":[1,2],"2":[1,3],"3":[1,1],"4":[2,1],"5":[1,0]},"_coverageSchema":"1a1c01bbd47fc00a2c39e90264f33305004495a9","hash":"37bfe56f4a6a1dc077b28beaaa2c3bf903c45462"}
,"C:\\invest-app-backend\\src\\lib\\stripe.js": {"path":"C:\\invest-app-backend\\src\\lib\\stripe.js","statementMap":{"0":{"start":{"line":1,"column":15},"end":{"line":1,"column":32}},"1":{"start":{"line":2,"column":15},"end":{"line":2,"column":52}},"2":{"start":{"line":3,"column":0},"end":{"line":3,"column":24}}},"fnMap":{},"branchMap":{},"s":{"0":3,"1":3,"2":3},"f":{},"b":{},"_coverageSchema":"1a1c01bbd47fc00a2c39e90264f33305004495a9","hash":"81ef05d7df4c0920f02e3e3341948d3a626970a5"}
,"C:\\invest-app-backend\\src\\middleware\\albumAccessValidators.js": {"path":"C:\\invest-app-backend\\src\\middleware\\albumAccessValidators.js","statementMap":{"0":{"start":{"line":1,"column":18},"end":{"line":1,"column":46}},"1":{"start":{"line":3,"column":30},"end":{"line":11,"column":1}},"2":{"start":{"line":13,"column":0},"end":{"line":15,"column":2}}},"fnMap":{},"branchMap":{},"s":{"0":3,"1":3,"2":3},"f":{},"b":{},"_coverageSchema":"1a1c01bbd47fc00a2c39e90264f33305004495a9","hash":"9240ad531131a714ef7ee9ce3a17b6f076cd871c"}
,"C:\\invest-app-backend\\src\\middleware\\albumValidators.js": {"path":"C:\\invest-app-backend\\src\\middleware\\albumValidators.js","statementMap":{"0":{"start":{"line":1,"column":24},"end":{"line":1,"column":52}},"1":{"start":{"line":3,"column":29},"end":{"line":15,"column":1}},"2":{"start":{"line":17,"column":29},"end":{"line":30,"column":1}},"3":{"start":{"line":32,"column":25},"end":{"line":38,"column":1}},"4":{"start":{"line":40,"column":0},"end":{"line":44,"column":2}}},"fnMap":{},"branchMap":{},"s":{"0":4,"1":4,"2":4,"3":4,"4":4},"f":{},"b":{},"_coverageSchema":"1a1c01bbd47fc00a2c39e90264f33305004495a9","hash":"a5a39546cd775d4464debc7c2ab486714b9dd515"}
,"C:\\invest-app-backend\\src\\middleware\\auth.js": {"path":"C:\\invest-app-backend\\src\\middleware\\auth.js","statementMap":{"0":{"start":{"line":1,"column":12},"end":{"line":1,"column":35}},"1":{"start":{"line":6,"column":0},"end":{"line":30,"column":2}},"2":{"start":{"line":7,"column":23},"end":{"line":7,"column":51}},"3":{"start":{"line":8,"column":4},"end":{"line":12,"column":5}},"4":{"start":{"line":9,"column":22},"end":{"line":9,"column":52}},"5":{"start":{"line":10,"column":8},"end":{"line":10,"column":27}},"6":{"start":{"line":11,"column":8},"end":{"line":11,"column":27}},"7":{"start":{"line":13,"column":18},"end":{"line":13,"column":39}},"8":{"start":{"line":14,"column":4},"end":{"line":18,"column":5}},"9":{"start":{"line":15,"column":22},"end":{"line":15,"column":50}},"10":{"start":{"line":16,"column":8},"end":{"line":16,"column":27}},"11":{"start":{"line":17,"column":8},"end":{"line":17,"column":27}},"12":{"start":{"line":19,"column":18},"end":{"line":19,"column":26}},"13":{"start":{"line":20,"column":4},"end":{"line":29,"column":7}},"14":{"start":{"line":21,"column":8},"end":{"line":25,"column":9}},"15":{"start":{"line":22,"column":26},"end":{"line":22,"column":52}},"16":{"start":{"line":23,"column":12},"end":{"line":23,"column":31}},"17":{"start":{"line":24,"column":12},"end":{"line":24,"column":31}},"18":{"start":{"line":26,"column":8},"end":{"line":26,"column":27}},"19":{"start":{"line":27,"column":8},"end":{"line":27,"column":37}},"20":{"start":{"line":28,"column":8},"end":{"line":28,"column":15}}},"fnMap":{"0":{"name":"(anonymous_0)","decl":{"start":{"line":6,"column":17},"end":{"line":6,"column":18}},"loc":{"start":{"line":6,"column":43},"end":{"line":30,"column":1}},"line":6},"1":{"name":"(anonymous_1)","decl":{"start":{"line":20,"column":66},"end":{"line":20,"column":67}},"loc":{"start":{"line":20,"column":84},"end":{"line":29,"column":5}},"line":20}},"branchMap":{"0":{"loc":{"start":{"line":8,"column":4},"end":{"line":12,"column":5}},"type":"if","locations":[{"start":{"line":8,"column":4},"end":{"line":12,"column":5}},{"start":{},"end":{}}],"line":8},"1":{"loc":{"start":{"line":14,"column":4},"end":{"line":18,"column":5}},"type":"if","locations":[{"start":{"line":14,"column":4},"end":{"line":18,"column":5}},{"start":{},"end":{}}],"line":14},"2":{"loc":{"start":{"line":14,"column":8},"end":{"line":14,"column":51}},"type":"binary-expr","locations":[{"start":{"line":14,"column":8},"end":{"line":14,"column":26}},{"start":{"line":14,"column":30},"end":{"line":14,"column":51}}],"line":14},"3":{"loc":{"start":{"line":20,"column":22},"end":{"line":20,"column":64}},"type":"binary-expr","locations":[{"start":{"line":20,"column":22},"end":{"line":20,"column":44}},{"start":{"line":20,"column":48},"end":{"line":20,"column":64}}],"line":20},"4":{"loc":{"start":{"line":21,"column":8},"end":{"line":25,"column":9}},"type":"if","locations":[{"start":{"line":21,"column":8},"end":{"line":25,"column":9}},{"start":{},"end":{}}],"line":21}},"s":{"0":3,"1":3,"2":25,"3":25,"4":0,"5":0,"6":0,"7":25,"8":25,"9":0,"10":0,"11":0,"12":25,"13":25,"14":25,"15":0,"16":0,"17":0,"18":25,"19":25,"20":25},"f":{"0":25,"1":25},"b":{"0":[0,25],"1":[0,25],"2":[25,25],"3":[25,0],"4":[0,25]},"_coverageSchema":"1a1c01bbd47fc00a2c39e90264f33305004495a9","hash":"f3ef40059cbc70a7a3655680a039ef52868c8b54"}
,"C:\\invest-app-backend\\src\\middleware\\authValidators.js": {"path":"C:\\invest-app-backend\\src\\middleware\\authValidators.js","statementMap":{"0":{"start":{"line":1,"column":17},"end":{"line":1,"column":45}},"1":{"start":{"line":4,"column":26},"end":{"line":9,"column":1}},"2":{"start":{"line":12,"column":23},"end":{"line":15,"column":1}},"3":{"start":{"line":18,"column":21},"end":{"line":21,"column":1}},"4":{"start":{"line":24,"column":27},"end":{"line":26,"column":1}},"5":{"start":{"line":29,"column":32},"end":{"line":33,"column":1}},"6":{"start":{"line":32,"column":58},"end":{"line":32,"column":88}},"7":{"start":{"line":36,"column":38},"end":{"line":38,"column":1}},"8":{"start":{"line":41,"column":32},"end":{"line":44,"column":1}},"9":{"start":{"line":47,"column":31},"end":{"line":51,"column":1}},"10":{"start":{"line":50,"column":58},"end":{"line":50,"column":88}},"11":{"start":{"line":53,"column":0},"end":{"line":62,"column":2}}},"fnMap":{"0":{"name":"(anonymous_0)","decl":{"start":{"line":32,"column":38},"end":{"line":32,"column":39}},"loc":{"start":{"line":32,"column":58},"end":{"line":32,"column":88}},"line":32},"1":{"name":"(anonymous_1)","decl":{"start":{"line":50,"column":38},"end":{"line":50,"column":39}},"loc":{"start":{"line":50,"column":58},"end":{"line":50,"column":88}},"line":50}},"branchMap":{},"s":{"0":3,"1":3,"2":3,"3":3,"4":3,"5":3,"6":0,"7":3,"8":3,"9":3,"10":0,"11":3},"f":{"0":0,"1":0},"b":{},"_coverageSchema":"1a1c01bbd47fc00a2c39e90264f33305004495a9","hash":"53d8ea81a4e02c6888f4a6d8fe24d0f9625ef8f1"}
,"C:\\invest-app-backend\\src\\middleware\\chatParticipant.js": {"path":"C:\\invest-app-backend\\src\\middleware\\chatParticipant.js","statementMap":{"0":{"start":{"line":1,"column":25},"end":{"line":1,"column":50}},"1":{"start":{"line":2,"column":15},"end":{"line":2,"column":33}},"2":{"start":{"line":8,"column":0},"end":{"line":19,"column":2}},"3":{"start":{"line":9,"column":19},"end":{"line":9,"column":30}},"4":{"start":{"line":10,"column":19},"end":{"line":10,"column":36}},"5":{"start":{"line":11,"column":4},"end":{"line":11,"column":76}},"6":{"start":{"line":11,"column":17},"end":{"line":11,"column":76}},"7":{"start":{"line":13,"column":17},"end":{"line":13,"column":80}},"8":{"start":{"line":14,"column":4},"end":{"line":15,"column":76}},"9":{"start":{"line":15,"column":8},"end":{"line":15,"column":76}},"10":{"start":{"line":17,"column":4},"end":{"line":17,"column":20}},"11":{"start":{"line":18,"column":4},"end":{"line":18,"column":11}}},"fnMap":{"0":{"name":"(anonymous_0)","decl":{"start":{"line":8,"column":17},"end":{"line":8,"column":18}},"loc":{"start":{"line":8,"column":43},"end":{"line":19,"column":1}},"line":8}},"branchMap":{"0":{"loc":{"start":{"line":11,"column":4},"end":{"line":11,"column":76}},"type":"if","locations":[{"start":{"line":11,"column":4},"end":{"line":11,"column":76}},{"start":{},"end":{}}],"line":11},"1":{"loc":{"start":{"line":14,"column":4},"end":{"line":15,"column":76}},"type":"if","locations":[{"start":{"line":14,"column":4},"end":{"line":15,"column":76}},{"start":{},"end":{}}],"line":14},"2":{"loc":{"start":{"line":14,"column":8},"end":{"line":14,"column":69}},"type":"binary-expr","locations":[{"start":{"line":14,"column":8},"end":{"line":14,"column":13}},{"start":{"line":14,"column":18},"end":{"line":14,"column":41}},{"start":{"line":14,"column":45},"end":{"line":14,"column":68}}],"line":14}},"s":{"0":3,"1":3,"2":3,"3":0,"4":0,"5":0,"6":0,"7":0,"8":0,"9":0,"10":0,"11":0},"f":{"0":0},"b":{"0":[0,0],"1":[0,0],"2":[0,0,0]},"_coverageSchema":"1a1c01bbd47fc00a2c39e90264f33305004495a9","hash":"79174a1e65290267a6eb79f006ac115135b40e8d"}
,"C:\\invest-app-backend\\src\\middleware\\chatRateLimiter.js": {"path":"C:\\invest-app-backend\\src\\middleware\\chatRateLimiter.js","statementMap":{"0":{"start":{"line":1,"column":18},"end":{"line":1,"column":47}},"1":{"start":{"line":3,"column":24},"end":{"line":7,"column":2}},"2":{"start":{"line":9,"column":0},"end":{"line":9,"column":33}}},"fnMap":{},"branchMap":{},"s":{"0":3,"1":3,"2":3},"f":{},"b":{},"_coverageSchema":"1a1c01bbd47fc00a2c39e90264f33305004495a9","hash":"a8ed4b492b33fc170ab53ead6f5b80b9c7909ce0"}
[...]
t":{"line":195,"column":17},"end":{"line":195,"column":51}},"94":{"start":{"line":196,"column":4},"end":{"line":199,"column":7}},"95":{"start":{"line":200,"column":4},"end":{"line":200,"column":62}},"96":{"start":{"line":205,"column":17},"end":{"line":205,"column":67}},"97":{"start":{"line":206,"column":4},"end":{"line":206,"column":102}},"98":{"start":{"line":206,"column":15},"end":{"line":206,"column":102}},"99":{"start":{"line":208,"column":16},"end":{"line":208,"column":70}},"100":{"start":{"line":209,"column":20},"end":{"line":209,"column":57}},"101":{"start":{"line":211,"column":4},"end":{"line":217,"column":7}},"102":{"start":{"line":219,"column":4},"end":{"line":219,"column":40}},"103":{"start":{"line":220,"column":4},"end":{"line":220,"column":91}},"104":{"start":{"line":225,"column":17},"end":{"line":225,"column":67}},"105":{"start":{"line":226,"column":4},"end":{"line":226,"column":108}},"106":{"start":{"line":226,"column":74},"end":{"line":226,"column":108}},"107":{"start":{"line":227,"column":4},"end":{"line":227,"column":73}},"108":{"start":{"line":227,"column":39},"end":{"line":227,"column":73}},"109":{"start":{"line":228,"column":4},"end":{"line":228,"column":82}},"110":{"start":{"line":228,"column":51},"end":{"line":228,"column":82}},"111":{"start":{"line":231,"column":4},"end":{"line":237,"column":7}},"112":{"start":{"line":239,"column":4},"end":{"line":239,"column":91}},"113":{"start":{"line":244,"column":4},"end":{"line":244,"column":96}},"114":{"start":{"line":244,"column":44},"end":{"line":244,"column":96}},"115":{"start":{"line":246,"column":17},"end":{"line":246,"column":67}},"116":{"start":{"line":247,"column":4},"end":{"line":247,"column":53}},"117":{"start":{"line":247,"column":15},"end":{"line":247,"column":53}},"118":{"start":{"line":249,"column":17},"end":{"line":249,"column":51}},"119":{"start":{"line":250,"column":4},"end":{"line":257,"column":7}},"120":{"start":{"line":259,"column":4},"end":{"line":259,"column":62}},"121":{"start":{"line":262,"column":0},"end":{"line":271,"column":2}}},"fnMap":{"0":{"name":"throwError","decl":{"start":{"line":10,"column":9},"end":{"line":10,"column":19}},"loc":{"start":{"line":10,"column":39},"end":{"line":14,"column":1}},"line":10},"1":{"name":"register","decl":{"start":{"line":17,"column":15},"end":{"line":17,"column":23}},"loc":{"start":{"line":17,"column":75},"end":{"line":105,"column":1}},"line":17},"2":{"name":"(anonymous_2)","decl":{"start":{"line":44,"column":43},"end":{"line":44,"column":44}},"loc":{"start":{"line":44,"column":57},"end":{"line":81,"column":9}},"line":44},"3":{"name":"login","decl":{"start":{"line":108,"column":15},"end":{"line":108,"column":20}},"loc":{"start":{"line":108,"column":42},"end":{"line":124,"column":1}},"line":108},"4":{"name":"verifyOtp","decl":{"start":{"line":127,"column":15},"end":{"line":127,"column":24}},"loc":{"start":{"line":127,"column":41},"end":{"line":156,"column":1}},"line":127},"5":{"name":"resendOtp","decl":{"start":{"line":159,"column":15},"end":{"line":159,"column":24}},"loc":{"start":{"line":159,"column":36},"end":{"line":184,"column":1}},"line":159},"6":{"name":"changePassword","decl":{"start":{"line":187,"column":15},"end":{"line":187,"column":29}},"loc":{"start":{"line":187,"column":88},"end":{"line":201,"column":1}},"line":187},"7":{"name":"requestPasswordReset","decl":{"start":{"line":204,"column":15},"end":{"line":204,"column":35}},"loc":{"start":{"line":204,"column":47},"end":{"line":221,"column":1}},"line":204},"8":{"name":"verifyResetOtp","decl":{"start":{"line":224,"column":15},"end":{"line":224,"column":29}},"loc":{"start":{"line":224,"column":46},"end":{"line":240,"column":1}},"line":224},"9":{"name":"resetPassword","decl":{"start":{"line":243,"column":15},"end":{"line":243,"column":28}},"loc":{"start":{"line":243,"column":73},"end":{"line":260,"column":1}},"line":243}},"branchMap":{"0":{"loc":{"start":{"line":10,"column":25},"end":{"line":10,"column":37}},"type":"default-arg","locations":[{"start":{"line":10,"column":34},"end":{"line":10,"column":37}}],"line":10},"1":{"loc":{"start":{"line":18,"column":4},"end":{"line":20,"column":5}},"type":"if","locations":[{"start":{"line":18,"column":4},"end":{"line":20,"column":5}},{"start":{},"end":{}}],"line":18},"2":{"loc":{"start":{"line":18,"column":8},"end":{"line":18,"column":36}},"type":"binary-expr","locations":[{"start":{"line":18,"column":8},"end":{"line":18,"column":14}},{"start":{"line":18,"column":18},"end":{"line":18,"column":27}},{"start":{"line":18,"column":31},"end":{"line":18,"column":36}}],"line":18},"3":{"loc":{"start":{"line":21,"column":4},"end":{"line":23,"column":5}},"type":"if","locations":[{"start":{"line":21,"column":4},"end":{"line":23,"column":5}},{"start":{},"end":{}}],"line":21},"4":{"loc":{"start":{"line":25,"column":4},"end":{"line":25,"column":57}},"type":"if","locations":[{"start":{"line":25,"column":4},"end":{"line":25,"column":57}},{"start":{},"end":{}}],"line":25},"5":{"loc":{"start":{"line":27,"column":4},"end":{"line":27,"column":86}},"type":"if","locations":[{"start":{"line":27,"column":4},"end":{"line":27,"column":86}},{"start":{},"end":{}}],"line":27},"6":{"loc":{"start":{"line":30,"column":4},"end":{"line":35,"column":5}},"type":"if","locations":[{"start":{"line":30,"column":4},"end":{"line":35,"column":5}},{"start":{},"end":{}}],"line":30},"7":{"loc":{"start":{"line":32,"column":8},"end":{"line":32,"column":70}},"type":"if","locations":[{"start":{"line":32,"column":8},"end":{"line":32,"column":70}},{"start":{},"end":{}}],"line":32},"8":{"loc":{"start":{"line":33,"column":8},"end":{"line":33,"column":79}},"type":"if","locations":[{"start":{"line":33,"column":8},"end":{"line":33,"column":79}},{"start":{},"end":{}}],"line":33},"9":{"loc":{"start":{"line":34,"column":8},"end":{"line":34,"column":100}},"type":"if","locations":[{"start":{"line":34,"column":8},"end":{"line":34,"column":100}},{"start":{},"end":{}}],"line":34},"10":{"loc":{"start":{"line":70,"column":12},"end":{"line":78,"column":13}},"type":"if","locations":[{"start":{"line":70,"column":12},"end":{"line":78,"column":13}},{"start":{},"end":{}}],"line":70},"11":{"loc":{"start":{"line":84,"column":8},"end":{"line":86,"column":9}},"type":"if","locations":[{"start":{"line":84,"column":8},"end":{"line":86,"column":9}},{"start":{},"end":{}}],"line":84},"12":{"loc":{"start":{"line":90,"column":30},"end":{"line":90,"column":99}},"type":"binary-expr","locations":[{"start":{"line":90,"column":30},"end":{"line":90,"column":61}},{"start":{"line":90,"column":65},"end":{"line":90,"column":99}}],"line":90},"13":{"loc":{"start":{"line":110,"column":46},"end":{"line":110,"column":69}},"type":"binary-expr","locations":[{"start":{"line":110,"column":46},"end":{"line":110,"column":50}},{"start":{"line":110,"column":54},"end":{"line":110,"column":69}}],"line":110},"14":{"loc":{"start":{"line":111,"column":4},"end":{"line":111,"column":54}},"type":"if","locations":[{"start":{"line":111,"column":4},"end":{"line":111,"column":54}},{"start":{},"end":{}}],"line":111},"15":{"loc":{"start":{"line":114,"column":4},"end":{"line":114,"column":55}},"type":"if","locations":[{"start":{"line":114,"column":4},"end":{"line":114,"column":55}},{"start":{},"end":{}}],"line":114},"16":{"loc":{"start":{"line":115,"column":4},"end":{"line":115,"column":66}},"type":"if","locations":[{"start":{"line":115,"column":4},"end":{"line":115,"column":66}},{"start":{},"end":{}}],"line":115},"17":{"loc":{"start":{"line":119,"column":8},"end":{"line":119,"column":50}},"type":"binary-expr","locations":[{"start":{"line":119,"column":8},"end":{"line":119,"column":30}},{"start":{"line":119,"column":34},"end":{"line":119,"column":50}}],"line":119},"18":{"loc":{"start":{"line":129,"column":4},"end":{"line":129,"column":53}},"type":"if","locations":[{"start":{"line":129,"column":4},"end":{"line":129,"column":53}},{"start":{},"end":{}}],"line":129},"19":{"loc":{"start":{"line":130,"column":4},"end":{"line":130,"column":65}},"type":"if","locations":[{"start":{"line":130,"column":4},"end":{"line":130,"column":65}},{"start":{},"end":{}}],"line":130},"20":{"loc":{"start":{"line":131,"column":4},"end":{"line":131,"column":94}},"type":"if","locations":[{"start":{"line":131,"column":4},"end":{"line":131,"column":94}},{"start":{},"end":{}}],"line":131},"21":{"loc":{"start":{"line":132,"column":4},"end":{"line":132,"column":115}},"type":"if","locations":[{"start":{"line":132,"column":4},"end":{"line":132,"column":115}},{"start":{},"end":{}}],"line":132},"22":{"loc":{"start":{"line":132,"column":8},"end":{"line":132,"column":55}},"type":"binary-expr","locations":[{"start":{"line":132,"column":8},"end":{"line":132,"column":21}},{"start":{"line":132,"column":25},"end":{"line":132,"column":55}}],"line":132},"23":{"loc":{"start":{"line":134,"column":4},"end":{"line":140,"column":5}},"type":"if","locations":[{"start":{"line":134,"column":4},"end":{"line":140,"column":5}},{"start":{},"end":{}}],"line":134},"24":{"loc":{"start":{"line":153,"column":52},"end":{"line":153,"column":81}},"type":"binary-expr","locations":[{"start":{"line":153,"column":52},"end":{"line":153,"column":59}},{"start":{"line":153,"column":63},"end":{"line":153,"column":81}}],"line":153},"25":{"loc":{"start":{"line":161,"column":4},"end":{"line":161,"column":53}},"type":"if","locations":[{"start":{"line":161,"column":4},"end":{"line":161,"column":53}},{"start":{},"end":{}}],"line":161},"26":{"loc":{"start":{"line":162,"column":4},"end":{"line":162,"column":65}},"type":"if","locations":[{"start":{"line":162,"column":4},"end":{"line":162,"column":65}},{"start":{},"end":{}}],"line":162},"27":{"loc":{"start":{"line":176,"column":30},"end":{"line":176,"column":99}},"type":"binary-expr","locations":[{"start":{"line":176,"column":30},"end":{"line":176,"column":61}},{"start":{"line":176,"column":65},"end":{"line":176,"column":99}}],"line":176},"28":{"loc":{"start":{"line":188,"column":4},"end":{"line":188,"column":96}},"type":"if","locations":[{"start":{"line":188,"column":4},"end":{"line":188,"column":96}},{"start":{},"end":{}}],"line":188},"29":{"loc":{"start":{"line":191,"column":4},"end":{"line":191,"column":53}},"type":"if","locations":[{"start":{"line":191,"column":4},"end":{"line":191,"column":53}},{"start":{},"end":{}}],"line":191},"30":{"loc":{"start":{"line":193,"column":4},"end":{"line":193,"column":59}},"type":"if","locations":[{"start":{"line":193,"column":4},"end":{"line":193,"column":59}},{"start":{},"end":{}}],"line":193},"31":{"loc":{"start":{"line":206,"column":4},"end":{"line":206,"column":102}},"type":"if","locations":[{"start":{"line":206,"column":4},"end":{"line":206,"column":102}},{"start":{},"end":{}}],"line":206},"32":{"loc":{"start":{"line":226,"column":4},"end":{"line":226,"column":108}},"type":"if","locations":[{"start":{"line":226,"column":4},"end":{"line":226,"column":108}},{"start":{},"end":{}}],"line":226},"33":{"loc":{"start":{"line":226,"column":8},"end":{"line":226,"column":72}},"type":"binary-expr","locations":[{"start":{"line":226,"column":8},"end":{"line":226,"column":13}},{"start":{"line":226,"column":17},"end":{"line":226,"column":39}},{"start":{"line":226,"column":43},"end":{"line":226,"column":72}}],"line":226},"34":{"loc":{"start":{"line":227,"column":4},"end":{"line":227,"column":73}},"type":"if","locations":[{"start":{"line":227,"column":4},"end":{"line":227,"column":73}},{"start":{},"end":{}}],"line":227},"35":{"loc":{"start":{"line":228,"column":4},"end":{"line":228,"column":82}},"type":"if","locations":[{"start":{"line":228,"column":4},"end":{"line":228,"column":82}},{"start":{},"end":{}}],"line":228},"36":{"loc":{"start":{"line":244,"column":4},"end":{"line":244,"column":96}},"type":"if","locations":[{"start":{"line":244,"column":4},"end":{"line":244,"column":96}},{"start":{},"end":{}}],"line":244},"37":{"loc":{"start":{"line":247,"column":4},"end":{"line":247,"column":53}},"type":"if","locations":[{"start":{"line":247,"column":4},"end":{"line":247,"column":53}},{"start":{},"end":{}}],"line":247}},"s":{"0":4,"1":4,"2":4,"3":4,"4":4,"5":12,"6":12,"7":12,"8":13,"9":0,"10":13,"11":4,"12":13,"13":13,"14":0,"15":13,"16":13,"17":0,"18":13,"19":13,"20":1,"21":1,"22":0,"23":1,"24":0,"25":1,"26":0,"27":13,"28":13,"29":13,"30":13,"31":13,"32":13,"33":13,"34":12,"35":1,"36":12,"37":1,"38":0,"39":1,"40":12,"41":12,"42":12,"43":0,"44":12,"45":15,"46":15,"47":15,"48":1,"49":14,"50":14,"51":1,"52":13,"53":2,"54":11,"55":11,"56":16,"57":16,"58":1,"59":15,"60":1,"61":14,"62":1,"63":13,"64":1,"65":12,"66":1,"67":1,"68":11,"69":11,"70":11,"71":11,"72":4,"73":4,"74":1,"75":3,"76":2,"77":1,"78":1,"79":1,"80":1,"81":1,"82":1,"83":0,"84":1,"85":0,"86":0,"87":0,"88":0,"89":0,"90":0,"91":0,"92":0,"93":0,"94":0,"95":0,"96":0,"97":0,"98":0,"99":0,"100":0,"101":0,"102":0,"103":0,"104":0,"105":0,"106":0,"107":0,"108":0,"109":0,"110":0,"111":0,"112":0,"113":0,"114":0,"115":0,"116":0,"117":0,"118":0,"119":0,"120":0,"121":4},"f":{"0":12,"1":13,"2":13,"3":15,"4":16,"5":4,"6":0,"7":0,"8":0,"9":0},"b":{"0":[0],"1":[0,13],"2":[13,13,13],"3":[4,9],"4":[0,13],"5":[0,13],"6":[1,12],"7":[0,1],"8":[0,1],"9":[0,1],"10":[1,11],"11":[0,1],"12":[12,12],"13":[15,14],"14":[1,14],"15":[1,13],"16":[2,11],"17":[11,1],"18":[1,15],"19":[1,14],"20":[1,13],"21":[1,12],"22":[13,13],"23":[1,11],"24":[11,10],"25":[1,3],"26":[2,1],"27":[1,1],"28":[0,0],"29":[0,0],"30":[0,0],"31":[0,0],"32":[0,0],"33":[0,0,0],"34":[0,0],"35":[0,0],"36":[0,0],"37":[0,0]},"_coverageSchema":"1a1c01bbd47fc00a2c39e90264f33305004495a9","hash":"937637d57f7ba5ad7709afa033f2eb7f70d45daa"}
,"C:\\invest-app-backend\\src\\test\\utils\\testHelpers.js": {"path":"C:\\invest-app-backend\\src\\test\\utils\\testHelpers.js","statementMap":{"0":{"start":{"line":1,"column":16},"end":{"line":1,"column":36}},"1":{"start":{"line":2,"column":12},"end":{"line":2,"column":34}},"2":{"start":{"line":3,"column":25},"end":{"line":3,"column":50}},"3":{"start":{"line":4,"column":15},"end":{"line":4,"column":33}},"4":{"start":{"line":8,"column":18},"end":{"line":8,"column":40}},"5":{"start":{"line":9,"column":21},"end":{"line":9,"column":35}},"6":{"start":{"line":12,"column":4},"end":{"line":14,"column":51}},"7":{"start":{"line":17,"column":19},"end":{"line":17,"column":69}},"8":{"start":{"line":18,"column":4},"end":{"line":18,"column":80}},"9":{"start":{"line":18,"column":17},"end":{"line":18,"column":80}},"10":{"start":{"line":21,"column":4},"end":{"line":23,"column":46}},"11":{"start":{"line":26,"column":21},"end":{"line":28,"column":34}},"12":{"start":{"line":30,"column":4},"end":{"line":32,"column":5}},"13":{"start":{"line":31,"column":8},"end":{"line":31,"column":90}},"14":{"start":{"line":33,"column":4},"end":{"line":33,"column":68}},"15":{"start":{"line":36,"column":0},"end":{"line":36,"column":40}}},"fnMap":{"0":{"name":"createUserAndLogin","decl":{"start":{"line":7,"column":15},"end":{"line":7,"column":33}},"loc":{"start":{"line":7,"column":67},"end":{"line":34,"column":1}},"line":7}},"branchMap":{"0":{"loc":{"start":{"line":7,"column":44},"end":{"line":7,"column":65}},"type":"default-arg","locations":[{"start":{"line":7,"column":51},"end":{"line":7,"column":65}}],"line":7},"1":{"loc":{"start":{"line":18,"column":4},"end":{"line":18,"column":80}},"type":"if","locations":[{"start":{"line":18,"column":4},"end":{"line":18,"column":80}},{"start":{},"end":{}}],"line":18},"2":{"loc":{"start":{"line":30,"column":4},"end":{"line":32,"column":5}},"type":"if","locations":[{"start":{"line":30,"column":4},"end":{"line":32,"column":5}},{"start":{},"end":{}}],"line":30},"3":{"loc":{"start":{"line":30,"column":8},"end":{"line":30,"column":51}},"type":"binary-expr","locations":[{"start":{"line":30,"column":8},"end":{"line":30,"column":27}},{"start":{"line":30,"column":31},"end":{"line":30,"column":51}}],"line":30}},"s":{"0":1,"1":1,"2":1,"3":1,"4":9,"5":9,"6":9,"7":9,"8":9,"9":0,"10":9,"11":9,"12":9,"13":0,"14":9,"15":1},"f":{"0":9},"b":{"0":[9],"1":[0,9],"2":[0,9],"3":[9,9]},"_coverageSchema":"1a1c01bbd47fc00a2c39e90264f33305004495a9","hash":"54fb515efcaa98028543fc2d1f29f2fadc4d0471"}
,"C:\\invest-app-backend\\src\\utils\\generateOTP.js": {"path":"C:\\invest-app-backend\\src\\utils\\generateOTP.js","statementMap":{"0":{"start":{"line":3,"column":4},"end":{"line":3,"column":66}},"1":{"start":{"line":5,"column":0},"end":{"line":5,"column":29}}},"fnMap":{"0":{"name":"generateOTP","decl":{"start":{"line":1,"column":9},"end":{"line":1,"column":20}},"loc":{"start":{"line":1,"column":23},"end":{"line":4,"column":1}},"line":1}},"branchMap":{},"s":{"0":11,"1":3},"f":{"0":11},"b":{},"_coverageSchema":"1a1c01bbd47fc00a2c39e90264f33305004495a9","hash":"f6a90de065244d57c84e0bd114ba53bb9b89cc39"}
,"C:\\invest-app-backend\\src\\utils\\is18PlusContent.js": {"path":"C:\\invest-app-backend\\src\\utils\\is18PlusContent.js","statementMap":{"0":{"start":{"line":5,"column":20},"end":{"line":5,"column":61}},"1":{"start":{"line":7,"column":0},"end":{"line":10,"column":2}},"2":{"start":{"line":8,"column":4},"end":{"line":8,"column":47}},"3":{"start":{"line":8,"column":34},"end":{"line":8,"column":47}},"4":{"start":{"line":9,"column":4},"end":{"line":9,"column":65}},"5":{"start":{"line":9,"column":33},"end":{"line":9,"column":63}}},"fnMap":{"0":{"name":"is18PlusContent","decl":{"start":{"line":7,"column":32},"end":{"line":7,"column":47}},"loc":{"start":{"line":7,"column":54},"end":{"line":10,"column":1}},"line":7},"1":{"name":"(anonymous_1)","decl":{"start":{"line":9,"column":28},"end":{"line":9,"column":29}},"loc":{"start":{"line":9,"column":33},"end":{"line":9,"column":63}},"line":9}},"branchMap":{"0":{"loc":{"start":{"line":8,"column":4},"end":{"line":8,"column":47}},"type":"if","locations":[{"start":{"line":8,"column":4},"end":{"line":8,"column":47}},{"start":{},"end":{}}],"line":8}},"s":{"0":3,"1":3,"2":0,"3":0,"4":0,"5":0},"f":{"0":0,"1":0},"b":{"0":[0,0]},"_coverageSchema":"1a1c01bbd47fc00a2c39e90264f33305004495a9","hash":"2eed00753e62501b8ed6aa8ec6595f398a7b1c77"}
,"C:\\invest-app-backend\\src\\utils\\sendEmail.js": {"path":"C:\\invest-app-backend\\src\\utils\\sendEmail.js","statementMap":{"0":{"start":{"line":1,"column":19},"end":{"line":1,"column":40}},"1":{"start":{"line":4,"column":20},"end":{"line":10,"column":2}},"2":{"start":{"line":13,"column":18},"end":{"line":35,"column":1}},"3":{"start":{"line":14,"column":20},"end":{"line":14,"column":40}},"4":{"start":{"line":15,"column":17},"end":{"line":26,"column":5}},"5":{"start":{"line":27,"column":24},"end":{"line":32,"column":5}},"6":{"start":{"line":33,"column":4},"end":{"line":33,"column":44}},"7":{"start":{"line":34,"column":4},"end":{"line":34,"column":42}},"8":{"start":{"line":38,"column":26},"end":{"line":55,"column":1}},"9":{"start":{"line":39,"column":20},"end":{"line":39,"column":44}},"10":{"start":{"line":40,"column":17},"end":{"line":46,"column":5}},"11":{"start":{"line":47,"column":24},"end":{"line":52,"column":5}},"12":{"start":{"line":53,"column":4},"end":{"line":53,"column":44}},"13":{"start":{"line":54,"column":4},"end":{"line":54,"column":55}},"14":{"start":{"line":57,"column":0},"end":{"line":60,"column":2}}},"fnMap":{"0":{"name":"(anonymous_0)","decl":{"start":{"line":13,"column":18},"end":{"line":13,"column":19}},"loc":{"start":{"line":13,"column":48},"end":{"line":35,"column":1}},"line":13},"1":{"name":"(anonymous_1)","decl":{"start":{"line":38,"column":26},"end":{"line":38,"column":27}},"loc":{"start":{"line":38,"column":45},"end":{"line":55,"column":1}},"line":38}},"branchMap":{"0":{"loc":{"start":{"line":5,"column":13},"end":{"line":5,"column":49}},"type":"binary-expr","locations":[{"start":{"line":5,"column":13},"end":{"line":5,"column":38}},{"start":{"line":5,"column":42},"end":{"line":5,"column":49}}],"line":5}},"s":{"0":1,"1":1,"2":1,"3":1,"4":1,"5":1,"6":1,"7":1,"8":1,"9":0,"10":0,"11":0,"12":0,"13":0,"14":1},"f":{"0":1,"1":0},"b":{"0":[1,0]},"_coverageSchema":"1a1c01bbd47fc00a2c39e90264f33305004495a9","hash":"8a770915d782b78be95c2c084d7dbfb69c4fa8b2"}
}
