{"C:\\invest-app-backend\\src\\index.js": {"path":"C:\\invest-app-backend\\src\\index.js","statementMap":{"0":{"start":{"line":2,"column":16},"end":{"line":2,"column":34}},"1":{"start":{"line":3,"column":12},"end":{"line":3,"column":21}},"2":{"start":{"line":4,"column":19},"end":{"line":4,"column":43}},"3":{"start":{"line":5,"column":22},"end":{"line":5,"column":49}},"4":{"start":{"line":6,"column":23},"end":{"line":6,"column":51}},"5":{"start":{"line":7,"column":19},"end":{"line":7,"column":43}},"6":{"start":{"line":8,"column":22},"end":{"line":8,"column":49}},"7":{"start":{"line":9,"column":20},"end":{"line":9,"column":45}},"8":{"start":{"line":10,"column":22},"end":{"line":10,"column":49}},"9":{"start":{"line":11,"column":26},"end":{"line":11,"column":57}},"10":{"start":{"line":12,"column":28},"end":{"line":12,"column":61}},"11":{"start":{"line":13,"column":21},"end":{"line":13,"column":57}},"12":{"start":{"line":14,"column":0},"end":{"line":14,"column":24}},"13":{"start":{"line":15,"column":0},"end":{"line":15,"column":33}},"14":{"start":{"line":16,"column":0},"end":{"line":16,"column":39}},"15":{"start":{"line":17,"column":0},"end":{"line":17,"column":41}},"16":{"start":{"line":18,"column":0},"end":{"line":18,"column":33}},"17":{"start":{"line":19,"column":0},"end":{"line":19,"column":40}},"18":{"start":{"line":20,"column":0},"end":{"line":20,"column":36}},"19":{"start":{"line":21,"column":0},"end":{"line":21,"column":40}},"20":{"start":{"line":22,"column":0},"end":{"line":22,"column":48}},"21":{"start":{"line":23,"column":0},"end":{"line":23,"column":41}},"22":{"start":{"line":24,"column":0},"end":{"line":24,"column":22}},"23":{"start":{"line":25,"column":0},"end":{"line":27,"column":3}},"24":{"start":{"line":26,"column":4},"end":{"line":26,"column":47}},"25":{"start":{"line":29,"column":0},"end":{"line":29,"column":21}}},"fnMap":{"0":{"name":"(anonymous_0)","decl":{"start":{"line":25,"column":13},"end":{"line":25,"column":14}},"loc":{"start":{"line":25,"column":27},"end":{"line":27,"column":1}},"line":25}},"branchMap":{},"s":{"0":2,"1":2,"2":2,"3":2,"4":2,"5":2,"6":2,"7":2,"8":2,"9":2,"10":2,"11":2,"12":2,"13":2,"14":2,"15":2,"16":2,"17":2,"18":2,"19":2,"20":2,"21":2,"22":2,"23":2,"24":1,"25":2},"f":{"0":1},"b":{},"_coverageSchema":"1a1c01bbd47fc00a2c39e90264f33305004495a9","hash":"595a8c15bd5db0b7ce4d3c529be226315ee461ff"}
,"C:\\invest-app-backend\\src\\prisma.js": {"path":"C:\\invest-app-backend\\src\\prisma.js","statementMap":{"0":{"start":{"line":1,"column":25},"end":{"line":1,"column":50}},"1":{"start":{"line":2,"column":15},"end":{"line":2,"column":33}},"2":{"start":{"line":4,"column":0},"end":{"line":4,"column":24}}},"fnMap":{},"branchMap":{},"s":{"0":2,"1":2,"2":2},"f":{},"b":{},"_coverageSchema":"1a1c01bbd47fc00a2c39e90264f33305004495a9","hash":"056fbccd8f3ee89f04a3855439b5ce6b2a8b2d0e"}
,"C:\\invest-app-backend\\src\\controllers\\albumAccessController.js": {"path":"C:\\invest-app-backend\\src\\controllers\\albumAccessController.js","statementMap":{"0":{"start":{"line":1,"column":15},"end":{"line":1,"column":35}},"1":{"start":{"line":3,"column":0},"end":{"line":19,"column":2}},"2":{"start":{"line":4,"column":4},"end":{"line":18,"column":5}},"3":{"start":{"line":5,"column":24},"end":{"line":5,"column":42}},"4":{"start":{"line":6,"column":23},"end":{"line":6,"column":34}},"5":{"start":{"line":8,"column":23},"end":{"line":13,"column":10}},"6":{"start":{"line":15,"column":8},"end":{"line":15,"column":46}},"7":{"start":{"line":17,"column":8},"end":{"line":17,"column":87}}},"fnMap":{"0":{"name":"(anonymous_0)","decl":{"start":{"line":3,"column":25},"end":{"line":3,"column":26}},"loc":{"start":{"line":3,"column":45},"end":{"line":19,"column":1}},"line":3}},"branchMap":{},"s":{"0":3,"1":3,"2":3,"3":3,"4":3,"5":3,"6":3,"7":0},"f":{"0":3},"b":{},"_coverageSchema":"1a1c01bbd47fc00a2c39e90264f33305004495a9","hash":"05e6b763115e68f6fd940265824b7778567eb0e3"}
,"C:\\invest-app-backend\\src\\controllers\\albumController.js": {"path":"C:\\invest-app-backend\\src\\controllers\\albumController.js","statementMap":{"0":{"start":{"line":1,"column":15},"end":{"line":1,"column":35}},"1":{"start":{"line":4,"column":0},"end":{"line":24,"column":2}},"2":{"start":{"line":5,"column":4},"end":{"line":23,"column":5}},"3":{"start":{"line":6,"column":37},"end":{"line":6,"column":45}},"4":{"start":{"line":7,"column":8},"end":{"line":7,"column":78}},"5":{"start":{"line":7,"column":19},"end":{"line":7,"column":78}},"6":{"start":{"line":10,"column":22},"end":{"line":18,"column":10}},"7":{"start":{"line":14,"column":55},"end":{"line":14,"column":61}},"8":{"start":{"line":20,"column":8},"end":{"line":20,"column":36}},"9":{"start":{"line":22,"column":8},"end":{"line":22,"column":88}},"10":{"start":{"line":27,"column":0},"end":{"line":34,"column":2}},"11":{"start":{"line":28,"column":4},"end":{"line":33,"column":5}},"12":{"start":{"line":29,"column":23},"end":{"line":29,"column":83}},"13":{"start":{"line":30,"column":8},"end":{"line":30,"column":25}},"14":{"start":{"line":32,"column":8},"end":{"line":32,"column":88}},"15":{"start":{"line":37,"column":0},"end":{"line":49,"column":2}},"16":{"start":{"line":38,"column":4},"end":{"line":48,"column":5}},"17":{"start":{"line":39,"column":23},"end":{"line":39,"column":33}},"18":{"start":{"line":40,"column":22},"end":{"line":43,"column":10}},"19":{"start":{"line":44,"column":8},"end":{"line":44,"column":78}},"20":{"start":{"line":44,"column":20},"end":{"line":44,"column":78}},"21":{"start":{"line":45,"column":8},"end":{"line":45,"column":24}},"22":{"start":{"line":47,"column":8},"end":{"line":47,"column":87}},"23":{"start":{"line":52,"column":0},"end":{"line":72,"column":2}},"24":{"start":{"line":53,"column":4},"end":{"line":71,"column":5}},"25":{"start":{"line":54,"column":23},"end":{"line":54,"column":33}},"26":{"start":{"line":55,"column":37},"end":{"line":55,"column":45}},"27":{"start":{"line":56,"column":22},"end":{"line":67,"column":10}},"28":{"start":{"line":62,"column":51},"end":{"line":62,"column":57}},"29":{"start":{"line":68,"column":8},"end":{"line":68,"column":24}},"30":{"start":{"line":70,"column":8},"end":{"line":70,"column":88}},"31":{"start":{"line":75,"column":0},"end":{"line":83,"column":2}},"32":{"start":{"line":76,"column":4},"end":{"line":82,"column":5}},"33":{"start":{"line":77,"column":23},"end":{"line":77,"column":33}},"34":{"start":{"line":78,"column":8},"end":{"line":78,"column":53}},"35":{"start":{"line":79,"column":8},"end":{"line":79,"column":25}},"36":{"start":{"line":81,"column":8},"end":{"line":81,"column":88}}},"fnMap":{"0":{"name":"(anonymous_0)","decl":{"start":{"line":4,"column":22},"end":{"line":4,"column":23}},"loc":{"start":{"line":4,"column":42},"end":{"line":24,"column":1}},"line":4},"1":{"name":"(anonymous_1)","decl":{"start":{"line":14,"column":48},"end":{"line":14,"column":49}},"loc":{"start":{"line":14,"column":55},"end":{"line":14,"column":61}},"line":14},"2":{"name":"(anonymous_2)","decl":{"start":{"line":27,"column":23},"end":{"line":27,"column":24}},"loc":{"start":{"line":27,"column":43},"end":{"line":34,"column":1}},"line":27},"3":{"name":"(anonymous_3)","decl":{"start":{"line":37,"column":23},"end":{"line":37,"column":24}},"loc":{"start":{"line":37,"column":43},"end":{"line":49,"column":1}},"line":37},"4":{"name":"(anonymous_4)","decl":{"start":{"line":52,"column":26},"end":{"line":52,"column":27}},"loc":{"start":{"line":52,"column":46},"end":{"line":72,"column":1}},"line":52},"5":{"name":"(anonymous_5)","decl":{"start":{"line":62,"column":44},"end":{"line":62,"column":45}},"loc":{"start":{"line":62,"column":51},"end":{"line":62,"column":57}},"line":62},"6":{"name":"(anonymous_6)","decl":{"start":{"line":75,"column":26},"end":{"line":75,"column":27}},"loc":{"start":{"line":75,"column":46},"end":{"line":83,"column":1}},"line":75}},"branchMap":{"0":{"loc":{"start":{"line":7,"column":8},"end":{"line":7,"column":78}},"type":"if","locations":[{"start":{"line":7,"column":8},"end":{"line":7,"column":78}},{"start":{},"end":{}}],"line":7},"1":{"loc":{"start":{"line":13,"column":26},"end":{"line":15,"column":31}},"type":"cond-expr","locations":[{"start":{"line":14,"column":22},"end":{"line":14,"column":65}},{"start":{"line":15,"column":22},"end":{"line":15,"column":31}}],"line":13},"2":{"loc":{"start":{"line":44,"column":8},"end":{"line":44,"column":78}},"type":"if","locations":[{"start":{"line":44,"column":8},"end":{"line":44,"column":78}},{"start":{},"end":{}}],"line":44},"3":{"loc":{"start":{"line":60,"column":26},"end":{"line":64,"column":31}},"type":"cond-expr","locations":[{"start":{"line":61,"column":22},"end":{"line":63,"column":21}},{"start":{"line":64,"column":22},"end":{"line":64,"column":31}}],"line":60}},"s":{"0":3,"1":3,"2":4,"3":4,"4":4,"5":1,"6":3,"7":0,"8":2,"9":1,"10":3,"11":3,"12":3,"13":2,"14":1,"15":3,"16":4,"17":4,"18":4,"19":3,"20":1,"21":2,"22":1,"23":3,"24":3,"25":3,"26":3,"27":3,"28":0,"29":2,"30":1,"31":3,"32":3,"33":3,"34":3,"35":2,"36":1},"f":{"0":4,"1":0,"2":3,"3":4,"4":3,"5":0,"6":3},"b":{"0":[1,3],"1":[0,3],"2":[1,2],"3":[0,3]},"_coverageSchema":"1a1c01bbd47fc00a2c39e90264f33305004495a9","hash":"8e00a8b7fc09d71671b6a5b8ba70f65b7b6de778"}
,"C:\\invest-app-backend\\src\\controllers\\authController.js": {"path":"C:\\invest-app-backend\\src\\controllers\\authController.js","statementMap":{"0":{"start":{"line":1,"column":20},"end":{"line":1,"column":54}},"1":{"start":{"line":3,"column":0},"end":{"line":10,"column":2}},"2":{"start":{"line":4,"column":4},"end":{"line":9,"column":5}},"3":{"start":{"line":5,"column":23},"end":{"line":5,"column":59}},"4":{"start":{"line":6,"column":8},"end":{"line":6,"column":37}},"5":{"start":{"line":8,"column":8},"end":{"line":8,"column":18}},"6":{"start":{"line":12,"column":0},"end":{"line":19,"column":2}},"7":{"start":{"line":13,"column":4},"end":{"line":18,"column":5}},"8":{"start":{"line":14,"column":23},"end":{"line":14,"column":56}},"9":{"start":{"line":15,"column":8},"end":{"line":15,"column":25}},"10":{"start":{"line":17,"column":8},"end":{"line":17,"column":18}},"11":{"start":{"line":21,"column":0},"end":{"line":28,"column":2}},"12":{"start":{"line":22,"column":4},"end":{"line":27,"column":5}},"13":{"start":{"line":23,"column":23},"end":{"line":23,"column":60}},"14":{"start":{"line":24,"column":8},"end":{"line":24,"column":25}},"15":{"start":{"line":26,"column":8},"end":{"line":26,"column":18}},"16":{"start":{"line":30,"column":0},"end":{"line":37,"column":2}},"17":{"start":{"line":31,"column":4},"end":{"line":36,"column":5}},"18":{"start":{"line":32,"column":23},"end":{"line":32,"column":60}},"19":{"start":{"line":33,"column":8},"end":{"line":33,"column":25}},"20":{"start":{"line":35,"column":8},"end":{"line":35,"column":18}}},"fnMap":{"0":{"name":"(anonymous_0)","decl":{"start":{"line":3,"column":19},"end":{"line":3,"column":20}},"loc":{"start":{"line":3,"column":45},"end":{"line":10,"column":1}},"line":3},"1":{"name":"(anonymous_1)","decl":{"start":{"line":12,"column":16},"end":{"line":12,"column":17}},"loc":{"start":{"line":12,"column":42},"end":{"line":19,"column":1}},"line":12},"2":{"name":"(anonymous_2)","decl":{"start":{"line":21,"column":20},"end":{"line":21,"column":21}},"loc":{"start":{"line":21,"column":46},"end":{"line":28,"column":1}},"line":21},"3":{"name":"(anonymous_3)","decl":{"start":{"line":30,"column":20},"end":{"line":30,"column":21}},"loc":{"start":{"line":30,"column":46},"end":{"line":37,"column":1}},"line":30}},"branchMap":{},"s":{"0":2,"1":2,"2":2,"3":2,"4":2,"5":0,"6":2,"7":5,"8":5,"9":2,"10":3,"11":2,"12":3,"13":3,"14":2,"15":1,"16":2,"17":1,"18":1,"19":0,"20":1},"f":{"0":2,"1":5,"2":3,"3":1},"b":{},"_coverageSchema":"1a1c01bbd47fc00a2c39e90264f33305004495a9","hash":"755a595bb4f9e3f19861f0e14b7330d6179ef86c"}
,"C:\\invest-app-backend\\src\\controllers\\paymentController.js": {"path":"C:\\invest-app-backend\\src\\controllers\\paymentController.js","statementMap":{"0":{"start":{"line":1,"column":15},"end":{"line":1,"column":32}},"1":{"start":{"line":2,"column":15},"end":{"line":2,"column":52}},"2":{"start":{"line":4,"column":0},"end":{"line":33,"column":2}},"3":{"start":{"line":5,"column":4},"end":{"line":32,"column":5}},"4":{"start":{"line":6,"column":46},"end":{"line":6,"column":54}},"5":{"start":{"line":8,"column":27},"end":{"line":15,"column":11}},"6":{"start":{"line":8,"column":49},"end":{"line":15,"column":9}},"7":{"start":{"line":17,"column":24},"end":{"line":27,"column":10}},"8":{"start":{"line":29,"column":8},"end":{"line":29,"column":39}},"9":{"start":{"line":31,"column":8},"end":{"line":31,"column":78}}},"fnMap":{"0":{"name":"(anonymous_0)","decl":{"start":{"line":4,"column":32},"end":{"line":4,"column":33}},"loc":{"start":{"line":4,"column":52},"end":{"line":33,"column":1}},"line":4},"1":{"name":"(anonymous_1)","decl":{"start":{"line":8,"column":40},"end":{"line":8,"column":41}},"loc":{"start":{"line":8,"column":49},"end":{"line":15,"column":9}},"line":8}},"branchMap":{"0":{"loc":{"start":{"line":14,"column":22},"end":{"line":14,"column":40}},"type":"binary-expr","locations":[{"start":{"line":14,"column":22},"end":{"line":14,"column":35}},{"start":{"line":14,"column":39},"end":{"line":14,"column":40}}],"line":14}},"s":{"0":3,"1":3,"2":3,"3":1,"4":1,"5":1,"6":1,"7":1,"8":1,"9":0},"f":{"0":1,"1":1},"b":{"0":[1,0]},"_coverageSchema":"1a1c01bbd47fc00a2c39e90264f33305004495a9","hash":"72c218a946585cc5af5da7a7e9be0175a9c92177"}
,"C:\\invest-app-backend\\src\\controllers\\productController.js": {"path":"C:\\invest-app-backend\\src\\controllers\\productController.js","statementMap":{"0":{"start":{"line":1,"column":15},"end":{"line":1,"column":35}},"1":{"start":{"line":5,"column":4},"end":{"line":11,"column":6}},"2":{"start":{"line":6,"column":25},"end":{"line":6,"column":39}},"3":{"start":{"line":7,"column":8},"end":{"line":9,"column":9}},"4":{"start":{"line":8,"column":12},"end":{"line":8,"column":64}},"5":{"start":{"line":10,"column":8},"end":{"line":10,"column":15}},"6":{"start":{"line":15,"column":0},"end":{"line":31,"column":2}},"7":{"start":{"line":18,"column":8},"end":{"line":29,"column":9}},"8":{"start":{"line":19,"column":59},"end":{"line":19,"column":67}},"9":{"start":{"line":20,"column":12},"end":{"line":22,"column":13}},"10":{"start":{"line":21,"column":16},"end":{"line":21,"column":96}},"11":{"start":{"line":23,"column":28},"end":{"line":25,"column":14}},"12":{"start":{"line":26,"column":12},"end":{"line":26,"column":42}},"13":{"start":{"line":28,"column":12},"end":{"line":28,"column":87}},"14":{"start":{"line":34,"column":0},"end":{"line":41,"column":2}},"15":{"start":{"line":35,"column":4},"end":{"line":40,"column":5}},"16":{"start":{"line":36,"column":25},"end":{"line":36,"column":56}},"17":{"start":{"line":37,"column":8},"end":{"line":37,"column":27}},"18":{"start":{"line":39,"column":8},"end":{"line":39,"column":83}},"19":{"start":{"line":44,"column":0},"end":{"line":53,"column":2}},"20":{"start":{"line":45,"column":4},"end":{"line":52,"column":5}},"21":{"start":{"line":46,"column":23},"end":{"line":46,"column":33}},"22":{"start":{"line":47,"column":24},"end":{"line":47,"column":74}},"23":{"start":{"line":48,"column":8},"end":{"line":48,"column":82}},"24":{"start":{"line":48,"column":22},"end":{"line":48,"column":82}},"25":{"start":{"line":49,"column":8},"end":{"line":49,"column":26}},"26":{"start":{"line":51,"column":8},"end":{"line":51,"column":82}},"27":{"start":{"line":56,"column":0},"end":{"line":76,"column":2}},"28":{"start":{"line":59,"column":8},"end":{"line":74,"column":9}},"29":{"start":{"line":60,"column":27},"end":{"line":60,"column":37}},"30":{"start":{"line":61,"column":59},"end":{"line":61,"column":67}},"31":{"start":{"line":62,"column":28},"end":{"line":70,"column":14}},"32":{"start":{"line":71,"column":12},"end":{"line":71,"column":30}},"33":{"start":{"line":73,"column":12},"end":{"line":73,"column":87}},"34":{"start":{"line":79,"column":0},"end":{"line":90,"column":2}},"35":{"start":{"line":82,"column":8},"end":{"line":88,"column":9}},"36":{"start":{"line":83,"column":27},"end":{"line":83,"column":37}},"37":{"start":{"line":84,"column":12},"end":{"line":84,"column":59}},"38":{"start":{"line":85,"column":12},"end":{"line":85,"column":53}},"39":{"start":{"line":87,"column":12},"end":{"line":87,"column":87}}},"fnMap":{"0":{"name":"requireRole","decl":{"start":{"line":4,"column":9},"end":{"line":4,"column":20}},"loc":{"start":{"line":4,"column":31},"end":{"line":12,"column":1}},"line":4},"1":{"name":"(anonymous_1)","decl":{"start":{"line":5,"column":11},"end":{"line":5,"column":12}},"loc":{"start":{"line":5,"column":31},"end":{"line":11,"column":5}},"line":5},"2":{"name":"(anonymous_2)","decl":{"start":{"line":17,"column":4},"end":{"line":17,"column":5}},"loc":{"start":{"line":17,"column":24},"end":{"line":30,"column":5}},"line":17},"3":{"name":"(anonymous_3)","decl":{"start":{"line":34,"column":25},"end":{"line":34,"column":26}},"loc":{"start":{"line":34,"column":45},"end":{"line":41,"column":1}},"line":34},"4":{"name":"(anonymous_4)","decl":{"start":{"line":44,"column":25},"end":{"line":44,"column":26}},"loc":{"start":{"line":44,"column":45},"end":{"line":53,"column":1}},"line":44},"5":{"name":"(anonymous_5)","decl":{"start":{"line":58,"column":4},"end":{"line":58,"column":5}},"loc":{"start":{"line":58,"column":24},"end":{"line":75,"column":5}},"line":58},"6":{"name":"(anonymous_6)","decl":{"start":{"line":81,"column":4},"end":{"line":81,"column":5}},"loc":{"start":{"line":81,"column":24},"end":{"line":89,"column":5}},"line":81}},"branchMap":{"0":{"loc":{"start":{"line":7,"column":8},"end":{"line":9,"column":9}},"type":"if","locations":[{"start":{"line":7,"column":8},"end":{"line":9,"column":9}},{"start":{},"end":{}}],"line":7},"1":{"loc":{"start":{"line":7,"column":12},"end":{"line":7,"column":50}},"type":"binary-expr","locations":[{"start":{"line":7,"column":12},"end":{"line":7,"column":21}},{"start":{"line":7,"column":25},"end":{"line":7,"column":50}}],"line":7},"2":{"loc":{"start":{"line":20,"column":12},"end":{"line":22,"column":13}},"type":"if","locations":[{"start":{"line":20,"column":12},"end":{"line":22,"column":13}},{"start":{},"end":{}}],"line":20},"3":{"loc":{"start":{"line":20,"column":16},"end":{"line":20,"column":38}},"type":"binary-expr","locations":[{"start":{"line":20,"column":16},"end":{"line":20,"column":21}},{"start":{"line":20,"column":25},"end":{"line":20,"column":38}}],"line":20},"4":{"loc":{"start":{"line":28,"column":42},"end":{"line":28,"column":83}},"type":"binary-expr","locations":[{"start":{"line":28,"column":42},"end":{"line":28,"column":53}},{"start":{"line":28,"column":57},"end":{"line":28,"column":83}}],"line":28},"5":{"loc":{"start":{"line":39,"column":38},"end":{"line":39,"column":79}},"type":"binary-expr","locations":[{"start":{"line":39,"column":38},"end":{"line":39,"column":49}},{"start":{"line":39,"column":53},"end":{"line":39,"column":79}}],"line":39},"6":{"loc":{"start":{"line":48,"column":8},"end":{"line":48,"column":82}},"type":"if","locations":[{"start":{"line":48,"column":8},"end":{"line":48,"column":82}},{"start":{},"end":{}}],"line":48},"7":{"loc":{"start":{"line":51,"column":38},"end":{"line":51,"column":78}},"type":"binary-expr","locations":[{"start":{"line":51,"column":38},"end":{"line":51,"column":49}},{"start":{"line":51,"column":53},"end":{"line":51,"column":78}}],"line":51},"8":{"loc":{"start":{"line":67,"column":27},"end":{"line":67,"column":74}},"type":"cond-expr","locations":[{"start":{"line":67,"column":49},"end":{"line":67,"column":62}},{"start":{"line":67,"column":65},"end":{"line":67,"column":74}}],"line":67},"9":{"loc":{"start":{"line":73,"column":42},"end":{"line":73,"column":83}},"type":"binary-expr","locations":[{"start":{"line":73,"column":42},"end":{"line":73,"column":53}},{"start":{"line":73,"column":57},"end":{"line":73,"column":83}}],"line":73},"10":{"loc":{"start":{"line":87,"column":42},"end":{"line":87,"column":83}},"type":"binary-expr","locations":[{"start":{"line":87,"column":42},"end":{"line":87,"column":53}},{"start":{"line":87,"column":57},"end":{"line":87,"column":83}}],"line":87}},"s":{"0":3,"1":9,"2":17,"3":17,"4":5,"5":12,"6":3,"7":6,"8":6,"9":6,"10":1,"11":5,"12":4,"13":1,"14":3,"15":3,"16":3,"17":3,"18":0,"19":3,"20":3,"21":3,"22":3,"23":3,"24":1,"25":2,"26":0,"27":3,"28":3,"29":3,"30":3,"31":3,"32":2,"33":1,"34":3,"35":3,"36":3,"37":3,"38":2,"39":1},"f":{"0":9,"1":17,"2":6,"3":3,"4":3,"5":3,"6":3},"b":{"0":[5,12],"1":[17,17],"2":[1,5],"3":[6,5],"4":[1,0],"5":[0,0],"6":[1,2],"7":[0,0],"8":[0,3],"9":[1,0],"10":[1,0]},"_coverageSchema":"1a1c01bbd47fc00a2c39e90264f33305004495a9","hash":"927f0ea8d5c8efbd2a4eeb032b3047ef855880f3"}
,"C:\\invest-app-backend\\src\\controllers\\profileController.js": {"path":"C:\\invest-app-backend\\src\\controllers\\profileController.js","statementMap":{"0":{"start":{"line":1,"column":15},"end":{"line":1,"column":35}},"1":{"start":{"line":4,"column":0},"end":{"line":15,"column":2}},"2":{"start":{"line":5,"column":4},"end":{"line":14,"column":5}},"3":{"start":{"line":6,"column":23},"end":{"line":6,"column":38}},"4":{"start":{"line":7,"column":24},"end":{"line":9,"column":10}},"5":{"start":{"line":10,"column":8},"end":{"line":10,"column":82}},"6":{"start":{"line":10,"column":22},"end":{"line":10,"column":82}},"7":{"start":{"line":11,"column":8},"end":{"line":11,"column":26}},"8":{"start":{"line":13,"column":8},"end":{"line":13,"column":87}},"9":{"start":{"line":18,"column":0},"end":{"line":57,"column":2}},"10":{"start":{"line":19,"column":4},"end":{"line":56,"column":5}},"11":{"start":{"line":20,"column":23},"end":{"line":20,"column":38}},"12":{"start":{"line":22,"column":21},"end":{"line":22,"column":40}},"13":{"start":{"line":23,"column":24},"end":{"line":23,"column":46}},"14":{"start":{"line":24,"column":20},"end":{"line":24,"column":38}},"15":{"start":{"line":25,"column":23},"end":{"line":25,"column":44}},"16":{"start":{"line":26,"column":26},"end":{"line":26,"column":50}},"17":{"start":{"line":29,"column":8},"end":{"line":31,"column":9}},"18":{"start":{"line":30,"column":12},"end":{"line":30,"column":85}},"19":{"start":{"line":33,"column":22},"end":{"line":33,"column":76}},"20":{"start":{"line":34,"column":8},"end":{"line":52,"column":9}},"21":{"start":{"line":36,"column":12},"end":{"line":45,"column":15}},"22":{"start":{"line":48,"column":12},"end":{"line":51,"column":15}},"23":{"start":{"line":53,"column":8},"end":{"line":53,"column":26}},"24":{"start":{"line":55,"column":8},"end":{"line":55,"column":90}},"25":{"start":{"line":59,"column":0},"end":{"line":66,"column":2}},"26":{"start":{"line":60,"column":4},"end":{"line":65,"column":5}},"27":{"start":{"line":61,"column":25},"end":{"line":61,"column":56}},"28":{"start":{"line":62,"column":8},"end":{"line":62,"column":27}},"29":{"start":{"line":64,"column":8},"end":{"line":64,"column":90}},"30":{"start":{"line":69,"column":0},"end":{"line":78,"column":2}},"31":{"start":{"line":70,"column":4},"end":{"line":77,"column":5}},"32":{"start":{"line":71,"column":23},"end":{"line":71,"column":33}},"33":{"start":{"line":72,"column":24},"end":{"line":72,"column":74}},"34":{"start":{"line":73,"column":8},"end":{"line":73,"column":82}},"35":{"start":{"line":73,"column":22},"end":{"line":73,"column":82}},"36":{"start":{"line":74,"column":8},"end":{"line":74,"column":26}},"37":{"start":{"line":76,"column":8},"end":{"line":76,"column":89}},"38":{"start":{"line":81,"column":0},"end":{"line":102,"column":2}},"39":{"start":{"line":82,"column":4},"end":{"line":101,"column":5}},"40":{"start":{"line":83,"column":23},"end":{"line":83,"column":33}},"41":{"start":{"line":84,"column":21},"end":{"line":84,"column":40}},"42":{"start":{"line":85,"column":24},"end":{"line":85,"column":46}},"43":{"start":{"line":86,"column":20},"end":{"line":86,"column":38}},"44":{"start":{"line":87,"column":23},"end":{"line":87,"column":44}},"45":{"start":{"line":88,"column":26},"end":{"line":88,"column":50}},"46":{"start":{"line":90,"column":8},"end":{"line":92,"column":9}},"47":{"start":{"line":91,"column":12},"end":{"line":91,"column":85}},"48":{"start":{"line":94,"column":24},"end":{"line":97,"column":10}},"49":{"start":{"line":98,"column":8},"end":{"line":98,"column":26}},"50":{"start":{"line":100,"column":8},"end":{"line":100,"column":90}},"51":{"start":{"line":105,"column":0},"end":{"line":113,"column":2}},"52":{"start":{"line":106,"column":4},"end":{"line":112,"column":5}},"53":{"start":{"line":107,"column":23},"end":{"line":107,"column":33}},"54":{"start":{"line":108,"column":8},"end":{"line":108,"column":55}},"55":{"start":{"line":109,"column":8},"end":{"line":109,"column":49}},"56":{"start":{"line":111,"column":8},"end":{"line":111,"column":90}}},"fnMap":{"0":{"name":"(anonymous_0)","decl":{"start":{"line":4,"column":23},"end":{"line":4,"column":24}},"loc":{"start":{"line":4,"column":43},"end":{"line":15,"column":1}},"line":4},"1":{"name":"(anonymous_1)","decl":{"start":{"line":18,"column":26},"end":{"line":18,"column":27}},"loc":{"start":{"line":18,"column":46},"end":{"line":57,"column":1}},"line":18},"2":{"name":"(anonymous_2)","decl":{"start":{"line":59,"column":25},"end":{"line":59,"column":26}},"loc":{"start":{"line":59,"column":45},"end":{"line":66,"column":1}},"line":59},"3":{"name":"(anonymous_3)","decl":{"start":{"line":69,"column":25},"end":{"line":69,"column":26}},"loc":{"start":{"line":69,"column":45},"end":{"line":78,"column":1}},"line":69},"4":{"name":"(anonymous_4)","decl":{"start":{"line":81,"column":28},"end":{"line":81,"column":29}},"loc":{"start":{"line":81,"column":48},"end":{"line":102,"column":1}},"line":81},"5":{"name":"(anonymous_5)","decl":{"start":{"line":105,"column":28},"end":{"line":105,"column":29}},"loc":{"start":{"line":105,"column":48},"end":{"line":113,"column":1}},"line":105}},"branchMap":{"0":{"loc":{"start":{"line":10,"column":8},"end":{"line":10,"column":82}},"type":"if","locations":[{"start":{"line":10,"column":8},"end":{"line":10,"column":82}},{"start":{},"end":{}}],"line":10},"1":{"loc":{"start":{"line":22,"column":21},"end":{"line":22,"column":40}},"type":"binary-expr","locations":[{"start":{"line":22,"column":21},"end":{"line":22,"column":34}},{"start":{"line":22,"column":38},"end":{"line":22,"column":40}}],"line":22},"2":{"loc":{"start":{"line":23,"column":24},"end":{"line":23,"column":46}},"type":"binary-expr","locations":[{"start":{"line":23,"column":24},"end":{"line":23,"column":40}},{"start":{"line":23,"column":44},"end":{"line":23,"column":46}}],"line":23},"3":{"loc":{"start":{"line":24,"column":20},"end":{"line":24,"column":38}},"type":"binary-expr","locations":[{"start":{"line":24,"column":20},"end":{"line":24,"column":32}},{"start":{"line":24,"column":36},"end":{"line":24,"column":38}}],"line":24},"4":{"loc":{"start":{"line":25,"column":23},"end":{"line":25,"column":44}},"type":"binary-expr","locations":[{"start":{"line":25,"column":23},"end":{"line":25,"column":38}},{"start":{"line":25,"column":42},"end":{"line":25,"column":44}}],"line":25},"5":{"loc":{"start":{"line":26,"column":26},"end":{"line":26,"column":50}},"type":"binary-expr","locations":[{"start":{"line":26,"column":26},"end":{"line":26,"column":44}},{"start":{"line":26,"column":48},"end":{"line":26,"column":50}}],"line":26},"6":{"loc":{"start":{"line":29,"column":8},"end":{"line":31,"column":9}},"type":"if","locations":[{"start":{"line":29,"column":8},"end":{"line":31,"column":9}},{"start":{},"end":{}}],"line":29},"7":{"loc":{"start":{"line":29,"column":12},"end":{"line":29,"column":29}},"type":"binary-expr","locations":[{"start":{"line":29,"column":12},"end":{"line":29,"column":17}},{"start":{"line":29,"column":21},"end":{"line":29,"column":29}}],"line":29},"8":{"loc":{"start":{"line":34,"column":8},"end":{"line":52,"column":9}},"type":"if","locations":[{"start":{"line":34,"column":8},"end":{"line":52,"column":9}},{"start":{"line":46,"column":15},"end":{"line":52,"column":9}}],"line":34},"9":{"loc":{"start":{"line":73,"column":8},"end":{"line":73,"column":82}},"type":"if","locations":[{"start":{"line":73,"column":8},"end":{"line":73,"column":82}},{"start":{},"end":{}}],"line":73},"10":{"loc":{"start":{"line":84,"column":21},"end":{"line":84,"column":40}},"type":"binary-expr","locations":[{"start":{"line":84,"column":21},"end":{"line":84,"column":34}},{"start":{"line":84,"column":38},"end":{"line":84,"column":40}}],"line":84},"11":{"loc":{"start":{"line":85,"column":24},"end":{"line":85,"column":46}},"type":"binary-expr","locations":[{"start":{"line":85,"column":24},"end":{"line":85,"column":40}},{"start":{"line":85,"column":44},"end":{"line":85,"column":46}}],"line":85},"12":{"loc":{"start":{"line":86,"column":20},"end":{"line":86,"column":38}},"type":"binary-expr","locations":[{"start":{"line":86,"column":20},"end":{"line":86,"column":32}},{"start":{"line":86,"column":36},"end":{"line":86,"column":38}}],"line":86},"13":{"loc":{"start":{"line":87,"column":23},"end":{"line":87,"column":44}},"type":"binary-expr","locations":[{"start":{"line":87,"column":23},"end":{"line":87,"column":38}},{"start":{"line":87,"column":42},"end":{"line":87,"column":44}}],"line":87},"14":{"loc":{"start":{"line":88,"column":26},"end":{"line":88,"column":50}},"type":"binary-expr","locations":[{"start":{"line":88,"column":26},"end":{"line":88,"column":44}},{"start":{"line":88,"column":48},"end":{"line":88,"column":50}}],"line":88},"15":{"loc":{"start":{"line":90,"column":8},"end":{"line":92,"column":9}},"type":"if","locations":[{"start":{"line":90,"column":8},"end":{"line":92,"column":9}},{"start":{},"end":{}}],"line":90},"16":{"loc":{"start":{"line":90,"column":12},"end":{"line":90,"column":29}},"type":"binary-expr","locations":[{"start":{"line":90,"column":12},"end":{"line":90,"column":17}},{"start":{"line":90,"column":21},"end":{"line":90,"column":29}}],"line":90}},"s":{"0":3,"1":3,"2":2,"3":2,"4":2,"5":2,"6":1,"7":1,"8":0,"9":3,"10":4,"11":4,"12":4,"13":4,"14":4,"15":4,"16":4,"17":4,"18":1,"19":3,"20":2,"21":1,"22":1,"23":2,"24":1,"25":3,"26":2,"27":2,"28":1,"29":1,"30":3,"31":3,"32":3,"33":3,"34":2,"35":1,"36":1,"37":1,"38":3,"39":3,"40":3,"41":3,"42":3,"43":3,"44":3,"45":3,"46":3,"47":1,"48":2,"49":1,"50":1,"51":3,"52":1,"53":1,"54":1,"55":0,"56":1},"f":{"0":2,"1":4,"2":2,"3":3,"4":3,"5":1},"b":{"0":[1,1],"1":[4,0],"2":[4,0],"3":[4,2],"4":[4,2],"5":[4,2],"6":[1,3],"7":[4,3],"8":[1,1],"9":[1,1],"10":[3,0],"11":[3,0],"12":[3,3],"13":[3,3],"14":[3,3],"15":[1,2],"16":[3,2]},"_coverageSchema":"1a1c01bbd47fc00a2c39e90264f33305004495a9","hash":"b43e5edb087affbaace69784dbbb817a6e39a191"}
,"C:\\invest-app-backend\\src\\controllers\\referralController.js": {"path":"C:\\invest-app-backend\\src\\controllers\\referralController.js","statementMap":{"0":{"start":{"line":1,"column":15},"end":{"line":1,"column":35}},"1":{"start":{"line":2,"column":20},"end":{"line":2,"column":39}},"2":{"start":{"line":6,"column":18},"end":{"line":6,"column":52}},"3":{"start":{"line":7,"column":15},"end":{"line":7,"column":17}},"4":{"start":{"line":8,"column":4},"end":{"line":10,"column":5}},"5":{"start":{"line":8,"column":17},"end":{"line":8,"column":18}},"6":{"start":{"line":9,"column":8},"end":{"line":9,"column":71}},"7":{"start":{"line":11,"column":4},"end":{"line":11,"column":16}},"8":{"start":{"line":15,"column":0},"end":{"line":37,"column":2}},"9":{"start":{"line":16,"column":4},"end":{"line":36,"column":5}},"10":{"start":{"line":17,"column":27},"end":{"line":17,"column":28}},"11":{"start":{"line":19,"column":21},"end":{"line":19,"column":26}},"12":{"start":{"line":20,"column":8},"end":{"line":24,"column":9}},"13":{"start":{"line":21,"column":12},"end":{"line":21,"column":44}},"14":{"start":{"line":22,"column":27},"end":{"line":22,"column":80}},"15":{"start":{"line":23,"column":12},"end":{"line":23,"column":39}},"16":{"start":{"line":23,"column":25},"end":{"line":23,"column":39}},"17":{"start":{"line":25,"column":26},"end":{"line":25,"column":49}},"18":{"start":{"line":26,"column":25},"end":{"line":32,"column":10}},"19":{"start":{"line":33,"column":8},"end":{"line":33,"column":73}},"20":{"start":{"line":35,"column":8},"end":{"line":35,"column":93}},"21":{"start":{"line":40,"column":0},"end":{"line":74,"column":2}},"22":{"start":{"line":41,"column":4},"end":{"line":73,"column":5}},"23":{"start":{"line":42,"column":23},"end":{"line":42,"column":38}},"24":{"start":{"line":45,"column":24},"end":{"line":55,"column":10}},"25":{"start":{"line":58,"column":21},"end":{"line":68,"column":10}},"26":{"start":{"line":70,"column":8},"end":{"line":70,"column":36}},"27":{"start":{"line":72,"column":8},"end":{"line":72,"column":89}}},"fnMap":{"0":{"name":"generateCode","decl":{"start":{"line":5,"column":9},"end":{"line":5,"column":21}},"loc":{"start":{"line":5,"column":34},"end":{"line":12,"column":1}},"line":5},"1":{"name":"(anonymous_1)","decl":{"start":{"line":15,"column":19},"end":{"line":15,"column":20}},"loc":{"start":{"line":15,"column":39},"end":{"line":37,"column":1}},"line":15},"2":{"name":"(anonymous_2)","decl":{"start":{"line":40,"column":22},"end":{"line":40,"column":23}},"loc":{"start":{"line":40,"column":42},"end":{"line":74,"column":1}},"line":40}},"branchMap":{"0":{"loc":{"start":{"line":5,"column":22},"end":{"line":5,"column":32}},"type":"default-arg","locations":[{"start":{"line":5,"column":31},"end":{"line":5,"column":32}}],"line":5},"1":{"loc":{"start":{"line":23,"column":12},"end":{"line":23,"column":39}},"type":"if","locations":[{"start":{"line":23,"column":12},"end":{"line":23,"column":39}},{"start":{},"end":{}}],"line":23}},"s":{"0":2,"1":2,"2":1,"3":1,"4":1,"5":1,"6":8,"7":1,"8":2,"9":1,"10":1,"11":1,"12":1,"13":1,"14":1,"15":1,"16":1,"17":1,"18":1,"19":1,"20":0,"21":2,"22":1,"23":1,"24":1,"25":1,"26":1,"27":0},"f":{"0":1,"1":1,"2":1},"b":{"0":[0],"1":[1,0]},"_coverageSchema":"1a1c01bbd47fc00a2c39e90264f33305004495a9","hash":"54decc6659d57a8ee9313e694d8440f54532e9b4"}
,"C:\\invest-app-backend\\src\\controllers\\stripeWebhookController.js": {"path":"C:\\invest-app-backend\\src\\controllers\\stripeWebhookController.js","statementMap":{"0":{"start":{"line":1,"column":15},"end":{"line":1,"column":39}},"1":{"start":{"line":2,"column":15},"end":{"line":2,"column":35}},"2":{"start":{"line":4,"column":0},"end":{"line":38,"column":2}},"3":{"start":{"line":5,"column":16},"end":{"line":5,"column":47}},"4":{"start":{"line":8,"column":4},"end":{"line":17,"column":5}},"5":{"start":{"line":9,"column":8},"end":{"line":13,"column":10}},"6":{"start":{"line":15,"column":8},"end":{"line":15,"column":52}},"7":{"start":{"line":16,"column":8},"end":{"line":16,"column":76}},"8":{"start":{"line":19,"column":4},"end":{"line":34,"column":5}},"9":{"start":{"line":20,"column":24},"end":{"line":20,"column":41}},"10":{"start":{"line":21,"column":23},"end":{"line":21,"column":47}},"11":{"start":{"line":22,"column":24},"end":{"line":22,"column":49}},"12":{"start":{"line":24,"column":8},"end":{"line":33,"column":9}},"13":{"start":{"line":25,"column":12},"end":{"line":32,"column":13}},"14":{"start":{"line":26,"column":16},"end":{"line":28,"column":19}},"15":{"start":{"line":31,"column":16},"end":{"line":31,"column":75}},"16":{"start":{"line":37,"column":4},"end":{"line":37,"column":33}}},"fnMap":{"0":{"name":"(anonymous_0)","decl":{"start":{"line":4,"column":30},"end":{"line":4,"column":31}},"loc":{"start":{"line":4,"column":50},"end":{"line":38,"column":1}},"line":4}},"branchMap":{"0":{"loc":{"start":{"line":19,"column":4},"end":{"line":34,"column":5}},"type":"if","locations":[{"start":{"line":19,"column":4},"end":{"line":34,"column":5}},{"start":{},"end":{}}],"line":19},"1":{"loc":{"start":{"line":24,"column":8},"end":{"line":33,"column":9}},"type":"if","locations":[{"start":{"line":24,"column":8},"end":{"line":33,"column":9}},{"start":{},"end":{}}],"line":24},"2":{"loc":{"start":{"line":24,"column":12},"end":{"line":24,"column":29}},"type":"binary-expr","locations":[{"start":{"line":24,"column":12},"end":{"line":24,"column":18}},{"start":{"line":24,"column":22},"end":{"line":24,"column":29}}],"line":24}},"s":{"0":3,"1":3,"2":3,"3":7,"4":7,"5":7,"6":2,"7":2,"8":5,"9":4,"10":4,"11":4,"12":4,"13":2,"14":2,"15":1,"16":5},"f":{"0":7},"b":{"0":[4,1],"1":[2,2],"2":[4,2]},"_coverageSchema":"1a1c01bbd47fc00a2c39e90264f33305004495a9","hash":"8e55c3ed423842e2558c961ee08d0fa367748b03"}
,"C:\\invest-app-backend\\src\\controllers\\userController.js": {"path":"C:\\invest-app-backend\\src\\controllers\\userController.js","statementMap":{"0":{"start":{"line":1,"column":15},"end":{"line":1,"column":35}},"1":{"start":{"line":4,"column":0},"end":{"line":25,"column":2}},"2":{"start":{"line":5,"column":4},"end":{"line":24,"column":5}},"3":{"start":{"line":6,"column":21},"end":{"line":19,"column":10}},"4":{"start":{"line":20,"column":8},"end":{"line":20,"column":76}},"5":{"start":{"line":20,"column":19},"end":{"line":20,"column":76}},"6":{"start":{"line":21,"column":8},"end":{"line":21,"column":23}},"7":{"start":{"line":23,"column":8},"end":{"line":23,"column":78}}},"fnMap":{"0":{"name":"(anonymous_0)","decl":{"start":{"line":4,"column":13},"end":{"line":4,"column":14}},"loc":{"start":{"line":4,"column":33},"end":{"line":25,"column":1}},"line":4}},"branchMap":{"0":{"loc":{"start":{"line":20,"column":8},"end":{"line":20,"column":76}},"type":"if","locations":[{"start":{"line":20,"column":8},"end":{"line":20,"column":76}},{"start":{},"end":{}}],"line":20}},"s":{"0":3,"1":3,"2":2,"3":2,"4":2,"5":1,"6":1,"7":0},"f":{"0":2},"b":{"0":[1,1]},"_coverageSchema":"1a1c01bbd47fc00a2c39e90264f33305004495a9","hash":"6dd4967f4696a5ec7a9fc1f91a4709e780886cc4"}
,"C:\\invest-app-backend\\src\\lib\\stripe.js": {"path":"C:\\invest-app-backend\\src\\lib\\stripe.js","statementMap":{"0":{"start":{"line":1,"column":15},"end":{"line":1,"column":32}},"1":{"start":{"line":2,"column":15},"end":{"line":2,"column":52}},"2":{"start":{"line":3,"column":0},"end":{"line":3,"column":24}}},"fnMap":{},"branchMap":{},"s":{"0":2,"1":2,"2":2},"f":{},"b":{},"_coverageSchema":"1a1c01bbd47fc00a2c39e90264f33305004495a9","hash":"81ef05d7df4c0920f02e3e3341948d3a626970a5"}
,"C:\\invest-app-backend\\src\\middleware\\albumAccessValidators.js": {"path":"C:\\invest-app-backend\\src\\middleware\\albumAccessValidators.js","statementMap":{"0":{"start":{"line":1,"column":18},"end":{"line":1,"column":46}},"1":{"start":{"line":3,"column":30},"end":{"line":11,"column":1}},"2":{"start":{"line":13,"column":0},"end":{"line":15,"column":2}}},"fnMap":{},"branchMap":{},"s":{"0":2,"1":2,"2":2},"f":{},"b":{},"_coverageSchema":"1a1c01bbd47fc00a2c39e90264f33305004495a9","hash":"9240ad531131a714ef7ee9ce3a17b6f076cd871c"}
,"C:\\invest-app-backend\\src\\middleware\\albumValidators.js": {"path":"C:\\invest-app-backend\\src\\middleware\\albumValidators.js","statementMap":{"0":{"start":{"line":1,"column":24},"end":{"line":1,"column":52}},"1":{"start":{"line":3,"column":29},"end":{"line":15,"column":1}},"2":{"start":{"line":17,"column":29},"end":{"line":30,"column":1}},"3":{"start":{"line":32,"column":25},"end":{"line":38,"column":1}},"4":{"start":{"line":40,"column":0},"end":{"line":44,"column":2}}},"fnMap":{},"branchMap":{},"s":{"0":3,"1":3,"2":3,"3":3,"4":3},"f":{},"b":{},"_coverageSchema":"1a1c01bbd47fc00a2c39e90264f33305004495a9","hash":"a5a39546cd775d4464debc7c2ab486714b9dd515"}
,"C:\\invest-app-backend\\src\\middleware\\auth.js": {"path":"C:\\invest-app-backend\\src\\middleware\\auth.js","statementMap":{"0":{"start":{"line":1,"column":12},"end":{"line":1,"column":35}},"1":{"start":{"line":3,"column":0},"end":{"line":26,"column":2}},"2":{"start":{"line":4,"column":23},"end":{"line":4,"column":51}},"3":{"start":{"line":5,"column":4},"end":{"line":9,"column":5}},"4":{"start":{"line":6,"column":22},"end":{"line":6,"column":52}},"5":{"start":{"line":7,"column":8},"end":{"line":7,"column":27}},"6":{"start":{"line":8,"column":8},"end":{"line":8,"column":27}},"7":{"start":{"line":10,"column":18},"end":{"line":10,"column":39}},"8":{"start":{"line":11,"column":4},"end":{"line":15,"column":5}},"9":{"start":{"line":12,"column":22},"end":{"line":12,"column":50}},"10":{"start":{"line":13,"column":8},"end":{"line":13,"column":27}},"11":{"start":{"line":14,"column":8},"end":{"line":14,"column":27}},"12":{"start":{"line":16,"column":18},"end":{"line":16,"column":26}},"13":{"start":{"line":17,"column":4},"end":{"line":25,"column":7}},"14":{"start":{"line":18,"column":8},"end":{"line":22,"column":9}},"15":{"start":{"line":19,"column":26},"end":{"line":19,"column":52}},"16":{"start":{"line":20,"column":12},"end":{"line":20,"column":31}},"17":{"start":{"line":21,"column":12},"end":{"line":21,"column":31}},"18":{"start":{"line":23,"column":8},"end":{"line":23,"column":27}},"19":{"start":{"line":24,"column":8},"end":{"line":24,"column":15}}},"fnMap":{"0":{"name":"(anonymous_0)","decl":{"start":{"line":3,"column":17},"end":{"line":3,"column":18}},"loc":{"start":{"line":3,"column":43},"end":{"line":26,"column":1}},"line":3},"1":{"name":"(anonymous_1)","decl":{"start":{"line":17,"column":66},"end":{"line":17,"column":67}},"loc":{"start":{"line":17,"column":84},"end":{"line":25,"column":5}},"line":17}},"branchMap":{"0":{"loc":{"start":{"line":5,"column":4},"end":{"line":9,"column":5}},"type":"if","locations":[{"start":{"line":5,"column":4},"end":{"line":9,"column":5}},{"start":{},"end":{}}],"line":5},"1":{"loc":{"start":{"line":11,"column":4},"end":{"line":15,"column":5}},"type":"if","locations":[{"start":{"line":11,"column":4},"end":{"line":15,"column":5}},{"start":{},"end":{}}],"line":11},"2":{"loc":{"start":{"line":11,"column":8},"end":{"line":11,"column":51}},"type":"binary-expr","locations":[{"start":{"line":11,"column":8},"end":{"line":11,"column":26}},{"start":{"line":11,"column":30},"end":{"line":11,"column":51}}],"line":11},"3":{"loc":{"start":{"line":17,"column":22},"end":{"line":17,"column":64}},"type":"binary-expr","locations":[{"start":{"line":17,"column":22},"end":{"line":17,"column":44}},{"start":{"line":17,"column":48},"end":{"line":17,"column":64}}],"line":17},"4":{"loc":{"start":{"line":18,"column":8},"end":{"line":22,"column":9}},"type":"if","locations":[{"start":{"line":18,"column":8},"end":{"line":22,"column":9}},{"start":{},"end":{}}],"line":18}},"s":{"0":2,"1":2,"2":24,"3":24,"4":2,"5":2,"6":2,"7":22,"8":22,"9":0,"10":0,"11":0,"12":22,"13":22,"14":22,"15":0,"16":0,"17":0,"18":22,"19":22},"f":{"0":24,"1":22},"b":{"0":[2,22],"1":[0,22],"2":[22,22],"3":[22,0],"4":[0,22]},"_coverageSchema":"1a1c01bbd47fc00a2c39e90264f33305004495a9","hash":"6dc196b90ea54e4fc25b0e5c4a297d796e27092e"}
,"C:\\invest-app-backend\\src\\middleware\\authValidators.js": {"path":"C:\\invest-app-backend\\src\\middleware\\authValidators.js","statementMap":{"0":{"start":{"line":1,"column":17},"end":{"line":1,"column":45}},"1":{"start":{"line":4,"column":26},"end":{"line":17,"column":1}},"2":{"start":{"line":20,"column":23},"end":{"line":27,"column":1}},"3":{"start":{"line":30,"column":21},"end":{"line":37,"column":1}},"4":{"start":{"line":40,"column":27},"end":{"line":44,"column":1}},"5":{"start":{"line":46,"column":0},"end":{"line":51,"column":2}}},"fnMap":{},"branchMap":{},"s":{"0":2,"1":2,"2":2,"3":2,"4":2,"5":2},"f":{},"b":{},"_coverageSchema":"1a1c01bbd47fc00a2c39e90264f33305004495a9","hash":"dbc3554169b6c5c811518311d496af2b78ea78d6"}
,"C:\\invest-app-backend\\src\\middleware\\errorHandler.js": {"path":"C:\\invest-app-backend\\src\\middleware\\errorHandler.js","statementMap":{"0":{"start":{"line":6,"column":4},"end":{"line":6,"column":23}},"1":{"start":{"line":7,"column":4},"end":{"line":9,"column":7}},"2":{"start":{"line":12,"column":0},"end":{"line":12,"column":30}}},"fnMap":{"0":{"name":"errorHandler","decl":{"start":{"line":5,"column":9},"end":{"line":5,"column":21}},"loc":{"start":{"line":5,"column":43},"end":{"line":10,"column":1}},"line":5}},"branchMap":{"0":{"loc":{"start":{"line":7,"column":15},"end":{"line":7,"column":32}},"type":"binary-expr","locations":[{"start":{"line":7,"column":15},"end":{"line":7,"column":25}},{"start":{"line":7,"column":29},"end":{"line":7,"column":32}}],"line":7},"1":{"loc":{"start":{"line":8,"column":15},"end":{"line":8,"column":53}},"type":"binary-expr","locations":[{"start":{"line":8,"column":15},"end":{"line":8,"column":26}},{"start":{"line":8,"column":30},"end":{"line":8,"column":53}}],"line":8}},"s":{"0":7,"1":7,"2":2},"f":{"0":7},"b":{"0":[7,0],"1":[7,0]},"_coverageSchema":"1a1c01bbd47fc00a2c39e90264f33305004495a9","hash":"6924d6acb497f971424cfee7758fb1032097de87"}
,"C:\\invest-app-backend\\src\\middleware\\paymentValidators.js": {"path":"C:\\invest-app-backend\\src\\middleware\\paymentValidators.js","statementMap":{"0":{"start":{"line":1,"column":17},"end":{"line":1,"column":45}},"1":{"start":{"line":3,"column":39},"end":{"line":16,"column":1}},"2":{"start":{"line":18,"column":0},"end":{"line":20,"column":2}}},"fnMap":{},"branchMap":{},"s":{"0":3,"1":3,"2":3},"f":{},"b":{},"_coverageSchema":"1a1c01bbd47fc00a2c39e90264f33305004495a9","hash":"abe7af2a850588de5c152bfe407d7d16dc57390a"}
,"C:\\invest-app-backend\\src\\middleware\\productValidators.js": {"path":"C:\\invest-app-backend\\src\\middleware\\productValidators.js","statementMap":{"0":{"start":{"line":1,"column":24},"end":{"line":1,"column":52}},"1":{"start":{"line":3,"column":31},"end":{"line":20,"column":1}},"2":{"start":{"line":22,"column":31},"end":{"line":39,"column":1}},"3":{"start":{"line":41,"column":25},"end":{"line":47,"column":1}},"4":{"start":{"line":49,"column":0},"end":{"line":53,"column":2}}},"fnMap":{},"branchMap":{},"s":{"0":3,"1":3,"2":3,"3":3,"4":3},"f":{},"b":{},"_coverageSchema":"1a1c01bbd47fc00a2c39e90264f33305004495a9","hash":"868ccd263bb1e8cd9ece1fc8f0d04f5085121a30"}
,"C:\\invest-app-backend\\src\\middleware\\profileValidators.js": {"path":"C:\\invest-app-backend\\src\\middleware\\profileValidators.js","statementMap":{"0":{"start":{"line":1,"column":24},"end":{"line":1,"column":52}},"1":{"start":{"line":3,"column":31},"end":{"line":22,"column":1}},"2":{"start":{"line":24,"column":25},"end":{"line":28,"column":1}},"3":{"start":{"line":30,"column":0},"end":{"line":33,"column":2}}},"fnMap":{},"branchMap":{},"s":{"0":2,"1":2,"2":2,"3":2},"f":{},"b":{},"_coverageSchema":"1a1c01bbd47fc00a2c39e90264f33305004495a9","hash":"5266d419837b0ac69552c113a647998989e2bcc6"}
,"C:\\invest-app-backend\\src\\middleware\\rateLimiter.js": {"path":"C:\\invest-app-backend\\src\\middleware\\rateLimiter.js","statementMap":{"0":{"start":{"line":1,"column":18},"end":{"line":1,"column":47}},"1":{"start":{"line":3,"column":19},"end":{"line":9,"column":2}},"2":{"start":{"line":11,"column":0},"end":{"line":11,"column":28}}},"fnMap":{},"branchMap":{},"s":{"0":2,"1":2,"2":2},"f":{},"b":{},"_coverageSchema":"1a1c01bbd47fc00a2c39e90264f33305004495a9","hash":"e27a0c2b196a87c9de78f078efd498edaf166b57"}
,"C:\\invest-app-backend\\src\\middleware\\validate.js": {"path":"C:\\invest-app-backend\\src\\middleware\\validate.js","statementMap":{"0":{"start":{"line":1,"column":29},"end":{"line":1,"column":57}},"1":{"start":{"line":8,"column":19},"end":{"line":8,"column":40}},"2":{"start":{"line":9,"column":4},"end":{"line":11,"column":5}},"3":{"start":{"line":10,"column":8},"end":{"line":10,"column":64}},"4":{"start":{"line":12,"column":4},"end":{"line":12,"column":11}},"5":{"start":{"line":15,"column":0},"end":{"line":15,"column":26}}},"fnMap":{"0":{"name":"validate","decl":{"start":{"line":7,"column":9},"end":{"line":7,"column":17}},"loc":{"start":{"line":7,"column":34},"end":{"line":13,"column":1}},"line":7}},"branchMap":{"0":{"loc":{"start":{"line":9,"column":4},"end":{"line":11,"column":5}},"type":"if","locations":[{"start":{"line":9,"column":4},"end":{"line":11,"column":5}},{"start":{},"end":{}}],"line":9}},"s":{"0":5,"1":50,"2":50,"3":11,"4":39,"5":5},"f":{"0":50},"b":{"0":[11,39]},"_coverageSchema":"1a1c01bbd47fc00a2c39e90264f33305004495a9","hash":"f8efe4504302dd5fdbd0d58762b3fd5e0fdb56da"}
,"C:\\invest-app-backend\\src\\routes\\album.js": {"path":"C:\\invest-app-backend\\src\\routes\\album.js","statementMap":{"0":{"start":{"line":1,"column":16},"end":{"line":1,"column":34}},"1":{"start":{"line":2,"column":15},"end":{"line":2,"column":31}},"2":{"start":{"line":3,"column":24},"end":{"line":3,"column":65}},"3":{"start":{"line":4,"column":13},"end":{"line":4,"column":42}},"4":{"start":{"line":5,"column":17},"end":{"line":5,"column":50}},"5":{"start":{"line":10,"column":4},"end":{"line":10,"column":44}},"6":{"start":{"line":11,"column":19},"end":{"line":11,"column":55}},"7":{"start":{"line":14,"column":0},"end":{"line":14,"column":96}},"8":{"start":{"line":17,"column":0},"end":{"line":17,"column":46}},"9":{"start":{"line":20,"column":0},"end":{"line":20,"column":77}},"10":{"start":{"line":23,"column":0},"end":{"line":23,"column":130}},"11":{"start":{"line":26,"column":0},"end":{"line":26,"column":101}},"12":{"start":{"line":28,"column":0},"end":{"line":28,"column":24}}},"fnMap":{},"branchMap":{},"s":{"0":2,"1":2,"2":2,"3":2,"4":2,"5":2,"6":2,"7":2,"8":2,"9":2,"10":2,"11":2,"12":2},"f":{},"b":{},"_coverageSchema":"1a1c01bbd47fc00a2c39e90264f33305004495a9","hash":"1c1dd3aa738c1d2d8d42c3970f8e61d02592c7a0"}
,"C:\\invest-app-backend\\src\\routes\\albumAccess.js": {"path":"C:\\invest-app-backend\\src\\routes\\albumAccess.js","statementMap":{"0":{"start":{"line":1,"column":16},"end":{"line":1,"column":34}},"1":{"start":{"line":2,"column":15},"end":{"line":2,"column":31}},"2":{"start":{"line":3,"column":30},"end":{"line":3,"column":77}},"3":{"start":{"line":4,"column":13},"end":{"line":4,"column":42}},"4":{"start":{"line":5,"column":17},"end":{"line":5,"column":50}},"5":{"start":{"line":6,"column":34},"end":{"line":6,"column":80}},"6":{"start":{"line":7,"column":19},"end":{"line":7,"column":55}},"7":{"start":{"line":9,"column":0},"end":{"line":16,"column":2}},"8":{"start":{"line":18,"column":0},"end":{"line":18,"column":24}}},"fnMap":{},"branchMap":{},"s":{"0":2,"1":2,"2":2,"3":2,"4":2,"5":2,"6":2,"7":2,"8":2},"f":{},"b":{},"_coverageSchema":"1a1c01bbd47fc00a2c39e90264f33305004495a9","hash":"c04b6892a6fdcf79b34af75a595e39045177e520"}
,"C:\\invest-app-backend\\src\\routes\\auth.js": {"path":"C:\\invest-app-backend\\src\\routes\\auth.js","statementMap":{"0":{"start":{"line":1,"column":16},"end":{"line":1,"column":34}},"1":{"start":{"line":2,"column":15},"end":{"line":2,"column":31}},"2":{"start":{"line":3,"column":23},"end":{"line":3,"column":63}},"3":{"start":{"line":9,"column":4},"end":{"line":9,"column":43}},"4":{"start":{"line":10,"column":17},"end":{"line":10,"column":50}},"5":{"start":{"line":11,"column":19},"end":{"line":11,"column":55}},"6":{"start":{"line":13,"column":0},"end":{"line":13,"column":79}},"7":{"start":{"line":14,"column":0},"end":{"line":14,"column":82}},"8":{"start":{"line":15,"column":0},"end":{"line":15,"column":89}},"9":{"start":{"line":16,"column":0},"end":{"line":16,"column":83}},"10":{"start":{"line":18,"column":0},"end":{"line":18,"column":24}}},"fnMap":{},"branchMap":{},"s":{"0":3,"1":3,"2":3,"3":3,"4":3,"5":3,"6":3,"7":3,"8":3,"9":3,"10":3},"f":{},"b":{},"_coverageSchema":"1a1c01bbd47fc00a2c39e90264f33305004495a9","hash":"247ed2969ed13922682198c99204b94429f77e07"}
,"C:\\invest-app-backend\\src\\routes\\payment.js": {"path":"C:\\invest-app-backend\\src\\routes\\payment.js","statementMap":{"0":{"start":{"line":1,"column":16},"end":{"line":1,"column":34}},"1":{"start":{"line":2,"column":15},"end":{"line":2,"column":31}},"2":{"start":{"line":3,"column":26},"end":{"line":3,"column":69}},"3":{"start":{"line":4,"column":13},"end":{"line":4,"column":42}},"4":{"start":{"line":5,"column":17},"end":{"line":5,"column":50}},"5":{"start":{"line":6,"column":43},"end":{"line":6,"column":85}},"6":{"start":{"line":7,"column":19},"end":{"line":7,"column":55}},"7":{"start":{"line":9,"column":0},"end":{"line":16,"column":2}},"8":{"start":{"line":18,"column":0},"end":{"line":18,"column":24}}},"fnMap":{},"branchMap":{},"s":{"0":2,"1":2,"2":2,"3":2,"4":2,"5":2,"6":2,"7":2,"8":2},"f":{},"b":{},"_coverageSchema":"1a1c01bbd47fc00a2c39e90264f33305004495a9","hash":"170ab45225322f03571f2b195683ba22c5cbde3b"}
,"C:\\invest-app-backend\\src\\routes\\product.js": {"path":"C:\\invest-app-backend\\src\\routes\\product.js","statementMap":{"0":{"start":{"line":1,"column":16},"end":{"line":1,"column":34}},"1":{"start":{"line":2,"column":15},"end":{"line":2,"column":31}},"2":{"start":{"line":3,"column":26},"end":{"line":3,"column":69}},"3":{"start":{"line":4,"column":13},"end":{"line":4,"column":42}},"4":{"start":{"line":5,"column":17},"end":{"line":5,"column":50}},"5":{"start":{"line":6,"column":19},"end":{"line":6,"column":55}},"6":{"start":{"line":11,"column":4},"end":{"line":11,"column":46}},"7":{"start":{"line":14,"column":0},"end":{"line":21,"column":2}},"8":{"start":{"line":23,"column":0},"end":{"line":23,"column":50}},"9":{"start":{"line":25,"column":0},"end":{"line":31,"column":2}},"10":{"start":{"line":33,"column":0},"end":{"line":42,"column":2}},"11":{"start":{"line":44,"column":0},"end":{"line":51,"column":2}},"12":{"start":{"line":53,"column":0},"end":{"line":53,"column":24}}},"fnMap":{},"branchMap":{},"s":{"0":2,"1":2,"2":2,"3":2,"4":2,"5":2,"6":2,"7":2,"8":2,"9":2,"10":2,"11":2,"12":2},"f":{},"b":{},"_coverageSchema":"1a1c01bbd47fc00a2c39e90264f33305004495a9","hash":"b244cb528c997d0270148f1d75e31772fae948a5"}
,"C:\\invest-app-backend\\src\\routes\\profile.js": {"path":"C:\\invest-app-backend\\src\\routes\\profile.js","statementMap":{"0":{"start":{"line":1,"column":16},"end":{"line":1,"column":34}},"1":{"start":{"line":2,"column":15},"end":{"line":2,"column":31}},"2":{"start":{"line":3,"column":26},"end":{"line":3,"column":69}},"3":{"start":{"line":4,"column":13},"end":{"line":4,"column":42}},"4":{"start":{"line":5,"column":53},"end":{"line":5,"column":95}},"5":{"start":{"line":6,"column":17},"end":{"line":6,"column":50}},"6":{"start":{"line":7,"column":19},"end":{"line":7,"column":55}},"7":{"start":{"line":10,"column":0},"end":{"line":10,"column":68}},"8":{"start":{"line":13,"column":0},"end":{"line":13,"column":105}},"9":{"start":{"line":16,"column":0},"end":{"line":16,"column":68}},"10":{"start":{"line":17,"column":0},"end":{"line":17,"column":99}},"11":{"start":{"line":18,"column":0},"end":{"line":18,"column":136}},"12":{"start":{"line":19,"column":0},"end":{"line":19,"column":105}},"13":{"start":{"line":21,"column":0},"end":{"line":21,"column":24}}},"fnMap":{},"branchMap":{},"s":{"0":2,"1":2,"2":2,"3":2,"4":2,"5":2,"6":2,"7":2,"8":2,"9":2,"10":2,"11":2,"12":2,"13":2},"f":{},"b":{},"_coverageSchema":"1a1c01bbd47fc00a2c39e90264f33305004495a9","hash":"5fbf6cabdf386d4defcf8c50bd0d0cdcf54fbff9"}
,"C:\\invest-app-backend\\src\\routes\\referral.js": {"path":"C:\\invest-app-backend\\src\\routes\\referral.js","statementMap":{"0":{"start":{"line":1,"column":16},"end":{"line":1,"column":34}},"1":{"start":{"line":2,"column":15},"end":{"line":2,"column":31}},"2":{"start":{"line":3,"column":27},"end":{"line":3,"column":71}},"3":{"start":{"line":4,"column":13},"end":{"line":4,"column":42}},"4":{"start":{"line":5,"column":19},"end":{"line":5,"column":55}},"5":{"start":{"line":8,"column":0},"end":{"line":8,"column":72}},"6":{"start":{"line":11,"column":0},"end":{"line":11,"column":68}},"7":{"start":{"line":13,"column":0},"end":{"line":13,"column":24}}},"fnMap":{},"branchMap":{},"s":{"0":2,"1":2,"2":2,"3":2,"4":2,"5":2,"6":2,"7":2},"f":{},"b":{},"_coverageSchema":"1a1c01bbd47fc00a2c39e90264f33305004495a9","hash":"cb8f537df875eb240cb917e7b5c3ca45b23f537c"}
,"C:\\invest-app-backend\\src\\routes\\stripeWebhook.js": {"path":"C:\\invest-app-backend\\src\\routes\\stripeWebhook.js","statementMap":{"0":{"start":{"line":1,"column":16},"end":{"line":1,"column":34}},"1":{"start":{"line":2,"column":15},"end":{"line":2,"column":31}},"2":{"start":{"line":3,"column":32},"end":{"line":3,"column":81}},"3":{"start":{"line":6,"column":0},"end":{"line":6,"column":111}},"4":{"start":{"line":8,"column":0},"end":{"line":8,"column":24}}},"fnMap":{},"branchMap":{},"s":{"0":2,"1":2,"2":2,"3":2,"4":2},"f":{},"b":{},"_coverageSchema":"1a1c01bbd47fc00a2c39e90264f33305004495a9","hash":"687dca875e595a2bd078fed73cd6af382ff90d7f"}
,"C:\\invest-app-backend\\src\\routes\\user.js": {"path":"C:\\invest-app-backend\\src\\routes\\user.js","statementMap":{"0":{"start":{"line":1,"column":16},"end":{"line":1,"column":34}},"1":{"start":{"line":2,"column":15},"end":{"line":2,"column":31}},"2":{"start":{"line":3,"column":23},"end":{"line":3,"column":63}},"3":{"start":{"line":4,"column":13},"end":{"line":4,"column":42}},"4":{"start":{"line":5,"column":19},"end":{"line":5,"column":55}},"5":{"start":{"line":8,"column":0},"end":{"line":8,"column":55}},"6":{"start":{"line":10,"column":0},"end":{"line":10,"column":24}}},"fnMap":{},"branchMap":{},"s":{"0":2,"1":2,"2":2,"3":2,"4":2,"5":2,"6":2},"f":{},"b":{},"_coverageSchema":"1a1c01bbd47fc00a2c39e90264f33305004495a9","hash":"9a381e725c07a287a494a0b80de783b283986030"}
,"C:\\invest-app-backend\\src\\services\\authService.js": {"path":"C:\\invest-app-backend\\src\\services\\authService.js","statementMap":{"0":{"start":{"line":1,"column":15},"end":{"line":1,"column":35}},"1":{"start":{"line":2,"column":15},"end":{"line":2,"column":32}},"2":{"start":{"line":3,"column":12},"end":{"line":3,"column":35}},"3":{"start":{"line":4,"column":18},"end":{"line":4,"column":47}},"4":{"start":{"line":5,"column":20},"end":{"line":5,"column":51}},"5":{"start":{"line":8,"column":4},"end":{"line":12,"column":5}},"6":{"start":{"line":9,"column":22},"end":{"line":9,"column":58}},"7":{"start":{"line":10,"column":8},"end":{"line":10,"column":27}},"8":{"start":{"line":11,"column":8},"end":{"line":11,"column":20}},"9":{"start":{"line":14,"column":21},"end":{"line":14,"column":71}},"10":{"start":{"line":15,"column":4},"end":{"line":19,"column":5}},"11":{"start":{"line":16,"column":22},"end":{"line":16,"column":54}},"12":{"start":{"line":17,"column":8},"end":{"line":17,"column":27}},"13":{"start":{"line":18,"column":8},"end":{"line":18,"column":20}},"14":{"start":{"line":21,"column":23},"end":{"line":21,"column":27}},"15":{"start":{"line":22,"column":4},"end":{"line":39,"column":5}},"16":{"start":{"line":23,"column":8},"end":{"line":23,"column":91}},"17":{"start":{"line":24,"column":8},"end":{"line":28,"column":9}},"18":{"start":{"line":25,"column":26},"end":{"line":25,"column":62}},"19":{"start":{"line":26,"column":12},"end":{"line":26,"column":31}},"20":{"start":{"line":27,"column":12},"end":{"line":27,"column":24}},"21":{"start":{"line":29,"column":8},"end":{"line":33,"column":9}},"22":{"start":{"line":30,"column":26},"end":{"line":30,"column":65}},"23":{"start":{"line":31,"column":12},"end":{"line":31,"column":31}},"24":{"start":{"line":32,"column":12},"end":{"line":32,"column":24}},"25":{"start":{"line":34,"column":8},"end":{"line":38,"column":9}},"26":{"start":{"line":35,"column":26},"end":{"line":35,"column":60}},"27":{"start":{"line":36,"column":12},"end":{"line":36,"column":31}},"28":{"start":{"line":37,"column":12},"end":{"line":37,"column":24}},"29":{"start":{"line":41,"column":25},"end":{"line":41,"column":56}},"30":{"start":{"line":42,"column":16},"end":{"line":42,"column":29}},"31":{"start":{"line":43,"column":25},"end":{"line":43,"column":62}},"32":{"start":{"line":45,"column":17},"end":{"line":56,"column":6}},"33":{"start":{"line":58,"column":4},"end":{"line":67,"column":7}},"34":{"start":{"line":69,"column":4},"end":{"line":77,"column":5}},"35":{"start":{"line":70,"column":8},"end":{"line":76,"column":11}},"36":{"start":{"line":79,"column":30},"end":{"line":79,"column":99}},"37":{"start":{"line":80,"column":4},"end":{"line":80,"column":51}},"38":{"start":{"line":82,"column":4},"end":{"line":87,"column":6}},"39":{"start":{"line":91,"column":17},"end":{"line":91,"column":67}},"40":{"start":{"line":92,"column":4},"end":{"line":96,"column":5}},"41":{"start":{"line":93,"column":22},"end":{"line":93,"column":54}},"42":{"start":{"line":94,"column":8},"end":{"line":94,"column":27}},"43":{"start":{"line":95,"column":8},"end":{"line":95,"column":20}},"44":{"start":{"line":98,"column":18},"end":{"line":98,"column":67}},"45":{"start":{"line":99,"column":4},"end":{"line":103,"column":5}},"46":{"start":{"line":100,"column":22},"end":{"line":100,"column":54}},"47":{"start":{"line":101,"column":8},"end":{"line":101,"column":27}},"48":{"start":{"line":102,"column":8},"end":{"line":102,"column":20}},"49":{"start":{"line":105,"column":4},"end":{"line":109,"column":5}},"50":{"start":{"line":106,"column":22},"end":{"line":106,"column":113}},"51":{"start":{"line":107,"column":8},"end":{"line":107,"column":27}},"52":{"start":{"line":108,"column":8},"end":{"line":108,"column":20}},"53":{"start":{"line":111,"column":18},"end":{"line":115,"column":5}},"54":{"start":{"line":117,"column":4},"end":{"line":117,"column":80}},"55":{"start":{"line":121,"column":17},"end":{"line":121,"column":67}},"56":{"start":{"line":122,"column":4},"end":{"line":126,"column":5}},"57":{"start":{"line":123,"column":22},"end":{"line":123,"column":53}},"58":{"start":{"line":124,"column":8},"end":{"line":124,"column":27}},"59":{"start":{"line":125,"column":8},"end":{"line":125,"column":20}},"60":{"start":{"line":127,"column":4},"end":{"line":131,"column":5}},"61":{"start":{"line":128,"column":22},"end":{"line":128,"column":55}},"62":{"start":{"line":129,"column":8},"end":{"line":129,"column":27}},"63":{"start":{"line":130,"column":8},"end":{"line":130,"column":20}},"64":{"start":{"line":132,"column":4},"end":{"line":136,"column":5}},"65":{"start":{"line":133,"column":22},"end":{"line":133,"column":78}},"66":{"start":{"line":134,"column":8},"end":{"line":134,"column":27}},"67":{"start":{"line":135,"column":8},"end":{"line":135,"column":20}},"68":{"start":{"line":137,"column":4},"end":{"line":141,"column":5}},"69":{"start":{"line":138,"column":22},"end":{"line":138,"column":73}},"70":{"start":{"line":139,"column":8},"end":{"line":139,"column":27}},"71":{"start":{"line":140,"column":8},"end":{"line":140,"column":20}},"72":{"start":{"line":143,"column":4},"end":{"line":151,"column":5}},"73":{"start":{"line":144,"column":8},"end":{"line":147,"column":11}},"74":{"start":{"line":148,"column":22},"end":{"line":148,"column":52}},"75":{"start":{"line":149,"column":8},"end":{"line":149,"column":27}},"76":{"start":{"line":150,"column":8},"end":{"line":150,"column":20}},"77":{"start":{"line":153,"column":4},"end":{"line":161,"column":7}},"78":{"start":{"line":163,"column":4},"end":{"line":163,"column":59}},"79":{"start":{"line":167,"column":17},"end":{"line":167,"column":67}},"80":{"start":{"line":168,"column":4},"end":{"line":172,"column":5}},"81":{"start":{"line":169,"column":22},"end":{"line":169,"column":53}},"82":{"start":{"line":170,"column":8},"end":{"line":170,"column":27}},"83":{"start":{"line":171,"column":8},"end":{"line":171,"column":20}},"84":{"start":{"line":173,"column":4},"end":{"line":177,"column":5}},"85":{"start":{"line":174,"column":22},"end":{"line":174,"column":55}},"86":{"start":{"line":175,"column":8},"end":{"line":175,"column":27}},"87":{"start":{"line":176,"column":8},"end":{"line":176,"column":20}},"88":{"start":{"line":179,"column":16},"end":{"line":179,"column":29}},"89":{"start":{"line":180,"column":25},"end":{"line":180,"column":62}},"90":{"start":{"line":182,"column":4},"end":{"line":189,"column":7}},"91":{"start":{"line":191,"column":30},"end":{"line":191,"column":99}},"92":{"start":{"line":192,"column":4},"end":{"line":192,"column":51}},"93":{"start":{"line":194,"column":4},"end":{"line":194,"column":63}},"94":{"start":{"line":197,"column":0},"end":{"line":202,"column":2}}},"fnMap":{"0":{"name":"register","decl":{"start":{"line":7,"column":15},"end":{"line":7,"column":23}},"loc":{"start":{"line":7,"column":65},"end":{"line":88,"column":1}},"line":7},"1":{"name":"login","decl":{"start":{"line":90,"column":15},"end":{"line":90,"column":20}},"loc":{"start":{"line":90,"column":42},"end":{"line":118,"column":1}},"line":90},"2":{"name":"verifyOtp","decl":{"start":{"line":120,"column":15},"end":{"line":120,"column":24}},"loc":{"start":{"line":120,"column":41},"end":{"line":164,"column":1}},"line":120},"3":{"name":"resendOtp","decl":{"start":{"line":166,"column":15},"end":{"line":166,"column":24}},"loc":{"start":{"line":166,"column":36},"end":{"line":195,"column":1}},"line":166}},"branchMap":{"0":{"loc":{"start":{"line":8,"column":4},"end":{"line":12,"column":5}},"type":"if","locations":[{"start":{"line":8,"column":4},"end":{"line":12,"column":5}},{"start":{},"end":{}}],"line":8},"1":{"loc":{"start":{"line":8,"column":8},"end":{"line":8,"column":36}},"type":"binary-expr","locations":[{"start":{"line":8,"column":8},"end":{"line":8,"column":14}},{"start":{"line":8,"column":18},"end":{"line":8,"column":27}},{"start":{"line":8,"column":31},"end":{"line":8,"column":36}}],"line":8},"2":{"loc":{"start":{"line":15,"column":4},"end":{"line":19,"column":5}},"type":"if","locations":[{"start":{"line":15,"column":4},"end":{"line":19,"column":5}},{"start":{},"end":{}}],"line":15},"3":{"loc":{"start":{"line":22,"column":4},"end":{"line":39,"column":5}},"type":"if","locations":[{"start":{"line":22,"column":4},"end":{"line":39,"column":5}},{"start":{},"end":{}}],"line":22},"4":{"loc":{"start":{"line":24,"column":8},"end":{"line":28,"column":9}},"type":"if","locations":[{"start":{"line":24,"column":8},"end":{"line":28,"column":9}},{"start":{},"end":{}}],"line":24},"5":{"loc":{"start":{"line":29,"column":8},"end":{"line":33,"column":9}},"type":"if","locations":[{"start":{"line":29,"column":8},"end":{"line":33,"column":9}},{"start":{},"end":{}}],"line":29},"6":{"loc":{"start":{"line":34,"column":8},"end":{"line":38,"column":9}},"type":"if","locations":[{"start":{"line":34,"column":8},"end":{"line":38,"column":9}},{"start":{},"end":{}}],"line":34},"7":{"loc":{"start":{"line":69,"column":4},"end":{"line":77,"column":5}},"type":"if","locations":[{"start":{"line":69,"column":4},"end":{"line":77,"column":5}},{"start":{},"end":{}}],"line":69},"8":{"loc":{"start":{"line":79,"column":30},"end":{"line":79,"column":99}},"type":"binary-expr","locations":[{"start":{"line":79,"column":30},"end":{"line":79,"column":61}},{"start":{"line":79,"column":65},"end":{"line":79,"column":99}}],"line":79},"9":{"loc":{"start":{"line":92,"column":4},"end":{"line":96,"column":5}},"type":"if","locations":[{"start":{"line":92,"column":4},"end":{"line":96,"column":5}},{"start":{},"end":{}}],"line":92},"10":{"loc":{"start":{"line":99,"column":4},"end":{"line":103,"column":5}},"type":"if","locations":[{"start":{"line":99,"column":4},"end":{"line":103,"column":5}},{"start":{},"end":{}}],"line":99},"11":{"loc":{"start":{"line":105,"column":4},"end":{"line":109,"column":5}},"type":"if","locations":[{"start":{"line":105,"column":4},"end":{"line":109,"column":5}},{"start":{},"end":{}}],"line":105},"12":{"loc":{"start":{"line":113,"column":8},"end":{"line":113,"column":50}},"type":"binary-expr","locations":[{"start":{"line":113,"column":8},"end":{"line":113,"column":30}},{"start":{"line":113,"column":34},"end":{"line":113,"column":50}}],"line":113},"13":{"loc":{"start":{"line":122,"column":4},"end":{"line":126,"column":5}},"type":"if","locations":[{"start":{"line":122,"column":4},"end":{"line":126,"column":5}},{"start":{},"end":{}}],"line":122},"14":{"loc":{"start":{"line":127,"column":4},"end":{"line":131,"column":5}},"type":"if","locations":[{"start":{"line":127,"column":4},"end":{"line":131,"column":5}},{"start":{},"end":{}}],"line":127},"15":{"loc":{"start":{"line":132,"column":4},"end":{"line":136,"column":5}},"type":"if","locations":[{"start":{"line":132,"column":4},"end":{"line":136,"column":5}},{"start":{},"end":{}}],"line":132},"16":{"loc":{"start":{"line":137,"column":4},"end":{"line":141,"column":5}},"type":"if","locations":[{"start":{"line":137,"column":4},"end":{"line":141,"column":5}},{"start":{},"end":{}}],"line":137},"17":{"loc":{"start":{"line":137,"column":8},"end":{"line":137,"column":55}},"type":"binary-expr","locations":[{"start":{"line":137,"column":8},"end":{"line":137,"column":21}},{"start":{"line":137,"column":25},"end":{"line":137,"column":55}}],"line":137},"18":{"loc":{"start":{"line":143,"column":4},"end":{"line":151,"column":5}},"type":"if","locations":[{"start":{"line":143,"column":4},"end":{"line":151,"column":5}},{"start":{},"end":{}}],"line":143},"19":{"loc":{"start":{"line":168,"column":4},"end":{"line":172,"column":5}},"type":"if","locations":[{"start":{"line":168,"column":4},"end":{"line":172,"column":5}},{"start":{},"end":{}}],"line":168},"20":{"loc":{"start":{"line":173,"column":4},"end":{"line":177,"column":5}},"type":"if","locations":[{"start":{"line":173,"column":4},"end":{"line":177,"column":5}},{"start":{},"end":{}}],"line":173},"21":{"loc":{"start":{"line":191,"column":30},"end":{"line":191,"column":99}},"type":"binary-expr","locations":[{"start":{"line":191,"column":30},"end":{"line":191,"column":61}},{"start":{"line":191,"column":65},"end":{"line":191,"column":99}}],"line":191}},"s":{"0":3,"1":3,"2":3,"3":3,"4":3,"5":4,"6":0,"7":0,"8":0,"9":4,"10":4,"11":0,"12":0,"13":0,"14":4,"15":4,"16":1,"17":1,"18":0,"19":0,"20":0,"21":1,"22":0,"23":0,"24":0,"25":1,"26":0,"27":0,"28":0,"29":4,"30":4,"31":4,"32":4,"33":4,"34":4,"35":1,"36":4,"37":4,"38":4,"39":9,"40":9,"41":2,"42":2,"43":2,"44":7,"45":7,"46":2,"47":2,"48":2,"49":5,"50":2,"51":2,"52":2,"53":3,"54":3,"55":9,"56":9,"57":1,"58":1,"59":1,"60":8,"61":2,"62":2,"63":2,"64":6,"65":1,"66":1,"67":1,"68":5,"69":1,"70":1,"71":1,"72":4,"73":1,"74":1,"75":1,"76":1,"77":3,"78":3,"79":4,"80":4,"81":1,"82":1,"83":1,"84":3,"85":2,"86":2,"87":2,"88":1,"89":1,"90":1,"91":1,"92":1,"93":1,"94":3},"f":{"0":4,"1":9,"2":9,"3":4},"b":{"0":[0,4],"1":[4,4,4],"2":[0,4],"3":[1,3],"4":[0,1],"5":[0,1],"6":[0,1],"7":[1,3],"8":[4,4],"9":[2,7],"10":[2,5],"11":[2,3],"12":[3,1],"13":[1,8],"14":[2,6],"15":[1,5],"16":[1,4],"17":[5,5],"18":[1,3],"19":[1,3],"20":[2,1],"21":[1,1]},"_coverageSchema":"1a1c01bbd47fc00a2c39e90264f33305004495a9","hash":"c89b07310ae8bee4910eb480f0f134b815eea65f"}
,"C:\\invest-app-backend\\src\\utils\\generateOTP.js": {"path":"C:\\invest-app-backend\\src\\utils\\generateOTP.js","statementMap":{"0":{"start":{"line":3,"column":4},"end":{"line":3,"column":66}},"1":{"start":{"line":5,"column":0},"end":{"line":5,"column":29}}},"fnMap":{"0":{"name":"generateOTP","decl":{"start":{"line":1,"column":9},"end":{"line":1,"column":20}},"loc":{"start":{"line":1,"column":23},"end":{"line":4,"column":1}},"line":1}},"branchMap":{},"s":{"0":2,"1":2},"f":{"0":2},"b":{},"_coverageSchema":"1a1c01bbd47fc00a2c39e90264f33305004495a9","hash":"f6a90de065244d57c84e0bd114ba53bb9b89cc39"}
,"C:\\invest-app-backend\\src\\utils\\sendEmail.js": {"path":"C:\\invest-app-backend\\src\\utils\\sendEmail.js","statementMap":{"0":{"start":{"line":1,"column":19},"end":{"line":1,"column":40}},"1":{"start":{"line":4,"column":20},"end":{"line":10,"column":2}},"2":{"start":{"line":13,"column":18},"end":{"line":42,"column":1}},"3":{"start":{"line":14,"column":20},"end":{"line":14,"column":40}},"4":{"start":{"line":15,"column":17},"end":{"line":26,"column":5}},"5":{"start":{"line":28,"column":24},"end":{"line":33,"column":5}},"6":{"start":{"line":35,"column":4},"end":{"line":41,"column":5}},"7":{"start":{"line":36,"column":8},"end":{"line":36,"column":48}},"8":{"start":{"line":37,"column":8},"end":{"line":37,"column":46}},"9":{"start":{"line":39,"column":8},"end":{"line":39,"column":64}},"10":{"start":{"line":40,"column":8},"end":{"line":40,"column":20}},"11":{"start":{"line":44,"column":0},"end":{"line":44,"column":27}}},"fnMap":{"0":{"name":"(anonymous_0)","decl":{"start":{"line":13,"column":18},"end":{"line":13,"column":19}},"loc":{"start":{"line":13,"column":48},"end":{"line":42,"column":1}},"line":13}},"branchMap":{"0":{"loc":{"start":{"line":5,"column":13},"end":{"line":5,"column":49}},"type":"binary-expr","locations":[{"start":{"line":5,"column":13},"end":{"line":5,"column":38}},{"start":{"line":5,"column":42},"end":{"line":5,"column":49}}],"line":5}},"s":{"0":3,"1":3,"2":3,"3":2,"4":2,"5":2,"6":2,"7":2,"8":2,"9":0,"10":0,"11":3},"f":{"0":2},"b":{"0":[3,1]},"_coverageSchema":"1a1c01bbd47fc00a2c39e90264f33305004495a9","hash":"5f6ce18ca6350a33ded484fe4c5c6af82ae5f1aa"}
}
