TN:
SF:src\index.js
FN:25,(anonymous_0)
FNF:1
FNH:1
FNDA:1,(anonymous_0)
DA:2,2
DA:3,2
DA:4,2
DA:5,2
DA:6,2
DA:7,2
DA:8,2
DA:9,2
DA:10,2
DA:11,2
DA:12,2
DA:13,2
DA:14,2
DA:15,2
DA:16,2
DA:17,2
DA:18,2
DA:19,2
DA:20,2
DA:21,2
DA:22,2
DA:23,2
DA:24,2
DA:25,2
DA:26,1
DA:29,2
LF:26
LH:26
BRF:0
BRH:0
end_of_record
TN:
SF:src\prisma.js
FNF:0
FNH:0
DA:1,2
DA:2,2
DA:4,2
LF:3
LH:3
BRF:0
BRH:0
end_of_record
TN:
SF:src\controllers\albumAccessController.js
FN:3,(anonymous_0)
FNF:1
FNH:1
FNDA:3,(anonymous_0)
DA:1,3
DA:3,3
DA:4,3
DA:5,3
DA:6,3
DA:8,3
DA:15,3
DA:17,0
LF:8
LH:7
BRF:0
BRH:0
end_of_record
TN:
SF:src\controllers\albumController.js
FN:4,(anonymous_0)
FN:14,(anonymous_1)
FN:27,(anonymous_2)
FN:37,(anonymous_3)
FN:52,(anonymous_4)
FN:62,(anonymous_5)
FN:75,(anonymous_6)
FNF:7
FNH:5
FNDA:4,(anonymous_0)
FNDA:0,(anonymous_1)
FNDA:3,(anonymous_2)
FNDA:4,(anonymous_3)
FNDA:3,(anonymous_4)
FNDA:0,(anonymous_5)
FNDA:3,(anonymous_6)
DA:1,3
DA:4,3
DA:5,4
DA:6,4
DA:7,4
DA:10,3
DA:14,0
DA:20,2
DA:22,1
DA:27,3
DA:28,3
DA:29,3
DA:30,2
DA:32,1
DA:37,3
DA:38,4
DA:39,4
DA:40,4
DA:44,3
DA:45,2
DA:47,1
DA:52,3
DA:53,3
DA:54,3
DA:55,3
DA:56,3
DA:62,0
DA:68,2
DA:70,1
DA:75,3
DA:76,3
DA:77,3
DA:78,3
DA:79,2
DA:81,1
LF:35
LH:33
BRDA:7,0,0,1
BRDA:7,0,1,3
BRDA:13,1,0,0
BRDA:13,1,1,3
BRDA:44,2,0,1
BRDA:44,2,1,2
BRDA:60,3,0,0
BRDA:60,3,1,3
BRF:8
BRH:6
end_of_record
TN:
SF:src\controllers\authController.js
FN:3,(anonymous_0)
FN:12,(anonymous_1)
FN:21,(anonymous_2)
FN:30,(anonymous_3)
FNF:4
FNH:4
FNDA:2,(anonymous_0)
FNDA:5,(anonymous_1)
FNDA:3,(anonymous_2)
FNDA:1,(anonymous_3)
DA:1,2
DA:3,2
DA:4,2
DA:5,2
DA:6,2
DA:8,0
DA:12,2
DA:13,5
DA:14,5
DA:15,2
DA:17,3
DA:21,2
DA:22,3
DA:23,3
DA:24,2
DA:26,1
DA:30,2
DA:31,1
DA:32,1
DA:33,0
DA:35,1
LF:21
LH:19
BRF:0
BRH:0
end_of_record
TN:
SF:src\controllers\paymentController.js
FN:4,(anonymous_0)
FN:8,(anonymous_1)
FNF:2
FNH:2
FNDA:1,(anonymous_0)
FNDA:1,(anonymous_1)
DA:1,3
DA:2,3
DA:4,3
DA:5,1
DA:6,1
DA:8,1
DA:17,1
DA:29,1
DA:31,0
LF:9
LH:8
BRDA:14,0,0,1
BRDA:14,0,1,0
BRF:2
BRH:1
end_of_record
TN:
SF:src\controllers\productController.js
FN:4,requireRole
FN:5,(anonymous_1)
FN:17,(anonymous_2)
FN:34,(anonymous_3)
FN:44,(anonymous_4)
FN:58,(anonymous_5)
FN:81,(anonymous_6)
FNF:7
FNH:7
FNDA:9,requireRole
FNDA:17,(anonymous_1)
FNDA:6,(anonymous_2)
FNDA:3,(anonymous_3)
FNDA:3,(anonymous_4)
FNDA:3,(anonymous_5)
FNDA:3,(anonymous_6)
DA:1,3
DA:5,9
DA:6,17
DA:7,17
DA:8,5
DA:10,12
DA:15,3
DA:18,6
DA:19,6
DA:20,6
DA:21,1
DA:23,5
DA:26,4
DA:28,1
DA:34,3
DA:35,3
DA:36,3
DA:37,3
DA:39,0
DA:44,3
DA:45,3
DA:46,3
DA:47,3
DA:48,3
DA:49,2
DA:51,0
DA:56,3
DA:59,3
DA:60,3
DA:61,3
DA:62,3
DA:71,2
DA:73,1
DA:79,3
DA:82,3
DA:83,3
DA:84,3
DA:85,2
DA:87,1
LF:39
LH:37
BRDA:7,0,0,5
BRDA:7,0,1,12
BRDA:7,1,0,17
BRDA:7,1,1,17
BRDA:20,2,0,1
BRDA:20,2,1,5
BRDA:20,3,0,6
BRDA:20,3,1,5
BRDA:28,4,0,1
BRDA:28,4,1,0
BRDA:39,5,0,0
BRDA:39,5,1,0
BRDA:48,6,0,1
BRDA:48,6,1,2
BRDA:51,7,0,0
BRDA:51,7,1,0
BRDA:67,8,0,0
BRDA:67,8,1,3
BRDA:73,9,0,1
BRDA:73,9,1,0
BRDA:87,10,0,1
BRDA:87,10,1,0
BRF:22
BRH:14
end_of_record
TN:
SF:src\controllers\profileController.js
FN:4,(anonymous_0)
FN:18,(anonymous_1)
FN:59,(anonymous_2)
FN:69,(anonymous_3)
FN:81,(anonymous_4)
FN:105,(anonymous_5)
FNF:6
FNH:6
FNDA:2,(anonymous_0)
FNDA:4,(anonymous_1)
FNDA:2,(anonymous_2)
FNDA:3,(anonymous_3)
FNDA:3,(anonymous_4)
FNDA:1,(anonymous_5)
DA:1,3
DA:4,3
DA:5,2
DA:6,2
DA:7,2
DA:10,2
DA:11,1
DA:13,0
DA:18,3
DA:19,4
DA:20,4
DA:22,4
DA:23,4
DA:24,4
DA:25,4
DA:26,4
DA:29,4
DA:30,1
DA:33,3
DA:34,2
DA:36,1
DA:48,1
DA:53,2
DA:55,1
DA:59,3
DA:60,2
DA:61,2
DA:62,1
DA:64,1
DA:69,3
DA:70,3
DA:71,3
DA:72,3
DA:73,2
DA:74,1
DA:76,1
DA:81,3
DA:82,3
DA:83,3
DA:84,3
DA:85,3
DA:86,3
DA:87,3
DA:88,3
DA:90,3
DA:91,1
DA:94,2
DA:98,1
DA:100,1
DA:105,3
DA:106,1
DA:107,1
DA:108,1
DA:109,0
DA:111,1
LF:55
LH:53
BRDA:10,0,0,1
BRDA:10,0,1,1
BRDA:22,1,0,4
BRDA:22,1,1,0
BRDA:23,2,0,4
BRDA:23,2,1,0
BRDA:24,3,0,4
BRDA:24,3,1,2
BRDA:25,4,0,4
BRDA:25,4,1,2
BRDA:26,5,0,4
BRDA:26,5,1,2
BRDA:29,6,0,1
BRDA:29,6,1,3
BRDA:29,7,0,4
BRDA:29,7,1,3
BRDA:34,8,0,1
BRDA:34,8,1,1
BRDA:73,9,0,1
BRDA:73,9,1,1
BRDA:84,10,0,3
BRDA:84,10,1,0
BRDA:85,11,0,3
BRDA:85,11,1,0
BRDA:86,12,0,3
BRDA:86,12,1,3
BRDA:87,13,0,3
BRDA:87,13,1,3
BRDA:88,14,0,3
BRDA:88,14,1,3
BRDA:90,15,0,1
BRDA:90,15,1,2
BRDA:90,16,0,3
BRDA:90,16,1,2
BRF:34
BRH:30
end_of_record
TN:
SF:src\controllers\referralController.js
FN:5,generateCode
FN:15,(anonymous_1)
FN:40,(anonymous_2)
FNF:3
FNH:3
FNDA:1,generateCode
FNDA:1,(anonymous_1)
FNDA:1,(anonymous_2)
DA:1,2
DA:2,2
DA:6,1
DA:7,1
DA:8,1
DA:9,8
DA:11,1
DA:15,2
DA:16,1
DA:17,1
DA:19,1
DA:20,1
DA:21,1
DA:22,1
DA:23,1
DA:25,1
DA:26,1
DA:33,1
DA:35,0
DA:40,2
DA:41,1
DA:42,1
DA:45,1
DA:58,1
DA:70,1
DA:72,0
LF:26
LH:24
BRDA:5,0,0,0
BRDA:23,1,0,1
BRDA:23,1,1,0
BRF:3
BRH:1
end_of_record
TN:
SF:src\controllers\stripeWebhookController.js
FN:4,(anonymous_0)
FNF:1
FNH:1
FNDA:7,(anonymous_0)
DA:1,3
DA:2,3
DA:4,3
DA:5,7
DA:8,7
DA:9,7
DA:15,2
DA:16,2
DA:19,5
DA:20,4
DA:21,4
DA:22,4
DA:24,4
DA:25,2
DA:26,2
DA:31,1
DA:37,5
LF:17
LH:17
BRDA:19,0,0,4
BRDA:19,0,1,1
BRDA:24,1,0,2
BRDA:24,1,1,2
BRDA:24,2,0,4
BRDA:24,2,1,2
BRF:6
BRH:6
end_of_record
TN:
SF:src\controllers\userController.js
FN:4,(anonymous_0)
FNF:1
FNH:1
FNDA:2,(anonymous_0)
DA:1,3
DA:4,3
DA:5,2
DA:6,2
DA:20,2
DA:21,1
DA:23,0
LF:7
LH:6
BRDA:20,0,0,1
BRDA:20,0,1,1
BRF:2
BRH:2
end_of_record
TN:
SF:src\lib\stripe.js
FNF:0
FNH:0
DA:1,2
DA:2,2
DA:3,2
LF:3
LH:3
BRF:0
BRH:0
end_of_record
TN:
SF:src\middleware\albumAccessValidators.js
FNF:0
FNH:0
DA:1,2
DA:3,2
DA:13,2
LF:3
LH:3
BRF:0
BRH:0
end_of_record
TN:
SF:src\middleware\albumValidators.js
FNF:0
FNH:0
DA:1,3
DA:3,3
DA:17,3
DA:32,3
DA:40,3
LF:5
LH:5
BRF:0
BRH:0
end_of_record
TN:
SF:src\middleware\auth.js
FN:3,(anonymous_0)
FN:17,(anonymous_1)
FNF:2
FNH:2
FNDA:24,(anonymous_0)
FNDA:22,(anonymous_1)
DA:1,2
DA:3,2
DA:4,24
DA:5,24
DA:6,2
DA:7,2
DA:8,2
DA:10,22
DA:11,22
DA:12,0
DA:13,0
DA:14,0
DA:16,22
DA:17,22
DA:18,22
DA:19,0
DA:20,0
DA:21,0
DA:23,22
DA:24,22
LF:20
LH:14
BRDA:5,0,0,2
BRDA:5,0,1,22
BRDA:11,1,0,0
BRDA:11,1,1,22
BRDA:11,2,0,22
BRDA:11,2,1,22
BRDA:17,3,0,22
BRDA:17,3,1,0
BRDA:18,4,0,0
BRDA:18,4,1,22
BRF:10
BRH:7
end_of_record
TN:
SF:src\middleware\authValidators.js
FNF:0
FNH:0
DA:1,2
DA:4,2
DA:20,2
DA:30,2
DA:40,2
DA:46,2
LF:6
LH:6
BRF:0
BRH:0
end_of_record
TN:
SF:src\middleware\errorHandler.js
FN:5,errorHandler
FNF:1
FNH:1
FNDA:7,errorHandler
DA:6,7
DA:7,7
DA:12,2
LF:3
LH:3
BRDA:7,0,0,7
BRDA:7,0,1,0
BRDA:8,1,0,7
BRDA:8,1,1,0
BRF:4
BRH:2
end_of_record
TN:
SF:src\middleware\paymentValidators.js
FNF:0
FNH:0
DA:1,3
DA:3,3
DA:18,3
LF:3
LH:3
BRF:0
BRH:0
end_of_record
TN:
SF:src\middleware\productValidators.js
FNF:0
FNH:0
DA:1,3
DA:3,3
DA:22,3
DA:41,3
DA:49,3
LF:5
LH:5
BRF:0
BRH:0
end_of_record
TN:
SF:src\middleware\profileValidators.js
FNF:0
FNH:0
DA:1,2
DA:3,2
DA:24,2
DA:30,2
LF:4
LH:4
BRF:0
BRH:0
end_of_record
TN:
SF:src\middleware\rateLimiter.js
FNF:0
FNH:0
DA:1,2
DA:3,2
DA:11,2
LF:3
LH:3
BRF:0
BRH:0
end_of_record
TN:
SF:src\middleware\validate.js
FN:7,validate
FNF:1
FNH:1
FNDA:50,validate
DA:1,5
DA:8,50
DA:9,50
DA:10,11
DA:12,39
DA:15,5
LF:6
LH:6
BRDA:9,0,0,11
BRDA:9,0,1,39
BRF:2
BRH:2
end_of_record
TN:
SF:src\routes\album.js
FNF:0
FNH:0
DA:1,2
DA:2,2
DA:3,2
DA:4,2
DA:5,2
DA:10,2
DA:11,2
DA:14,2
DA:17,2
DA:20,2
DA:23,2
DA:26,2
DA:28,2
LF:13
LH:13
BRF:0
BRH:0
end_of_record
TN:
SF:src\routes\albumAccess.js
FNF:0
FNH:0
DA:1,2
DA:2,2
DA:3,2
DA:4,2
DA:5,2
DA:6,2
DA:7,2
DA:9,2
DA:18,2
LF:9
LH:9
BRF:0
BRH:0
end_of_record
TN:
SF:src\routes\auth.js
FNF:0
FNH:0
DA:1,3
DA:2,3
DA:3,3
DA:9,3
DA:10,3
DA:11,3
DA:13,3
DA:14,3
DA:15,3
DA:16,3
DA:18,3
LF:11
LH:11
BRF:0
BRH:0
end_of_record
TN:
SF:src\routes\payment.js
FNF:0
FNH:0
DA:1,2
DA:2,2
DA:3,2
DA:4,2
DA:5,2
DA:6,2
DA:7,2
DA:9,2
DA:18,2
LF:9
LH:9
BRF:0
BRH:0
end_of_record
TN:
SF:src\routes\product.js
FNF:0
FNH:0
DA:1,2
DA:2,2
DA:3,2
DA:4,2
DA:5,2
DA:6,2
DA:11,2
DA:14,2
DA:23,2
DA:25,2
DA:33,2
DA:44,2
DA:53,2
LF:13
LH:13
BRF:0
BRH:0
end_of_record
TN:
SF:src\routes\profile.js
FNF:0
FNH:0
DA:1,2
DA:2,2
DA:3,2
DA:4,2
DA:5,2
DA:6,2
DA:7,2
DA:10,2
DA:13,2
DA:16,2
DA:17,2
DA:18,2
DA:19,2
DA:21,2
LF:14
LH:14
BRF:0
BRH:0
end_of_record
TN:
SF:src\routes\referral.js
FNF:0
FNH:0
DA:1,2
DA:2,2
DA:3,2
DA:4,2
DA:5,2
DA:8,2
DA:11,2
DA:13,2
LF:8
LH:8
BRF:0
BRH:0
end_of_record
TN:
SF:src\routes\stripeWebhook.js
FNF:0
FNH:0
DA:1,2
DA:2,2
DA:3,2
DA:6,2
DA:8,2
LF:5
LH:5
BRF:0
BRH:0
end_of_record
TN:
SF:src\routes\user.js
FNF:0
FNH:0
DA:1,2
DA:2,2
DA:3,2
DA:4,2
DA:5,2
DA:8,2
DA:10,2
LF:7
LH:7
BRF:0
BRH:0
end_of_record
TN:
SF:src\services\authService.js
FN:7,register
FN:90,login
FN:120,verifyOtp
FN:166,resendOtp
FNF:4
FNH:4
FNDA:4,register
FNDA:9,login
FNDA:9,verifyOtp
FNDA:4,resendOtp
DA:1,3
DA:2,3
DA:3,3
DA:4,3
DA:5,3
DA:8,4
DA:9,0
DA:10,0
DA:11,0
DA:14,4
DA:15,4
DA:16,0
DA:17,0
DA:18,0
DA:21,4
DA:22,4
DA:23,1
DA:24,1
DA:25,0
DA:26,0
DA:27,0
DA:29,1
DA:30,0
DA:31,0
DA:32,0
DA:34,1
DA:35,0
DA:36,0
DA:37,0
DA:41,4
DA:42,4
DA:43,4
DA:45,4
DA:58,4
DA:69,4
DA:70,1
DA:79,4
DA:80,4
DA:82,4
DA:91,9
DA:92,9
DA:93,2
DA:94,2
DA:95,2
DA:98,7
DA:99,7
DA:100,2
DA:101,2
DA:102,2
DA:105,5
DA:106,2
DA:107,2
DA:108,2
DA:111,3
DA:117,3
DA:121,9
DA:122,9
DA:123,1
DA:124,1
DA:125,1
DA:127,8
DA:128,2
DA:129,2
DA:130,2
DA:132,6
DA:133,1
DA:134,1
DA:135,1
DA:137,5
DA:138,1
DA:139,1
DA:140,1
DA:143,4
DA:144,1
DA:148,1
DA:149,1
DA:150,1
DA:153,3
DA:163,3
DA:167,4
DA:168,4
DA:169,1
DA:170,1
DA:171,1
DA:173,3
DA:174,2
DA:175,2
DA:176,2
DA:179,1
DA:180,1
DA:182,1
DA:191,1
DA:192,1
DA:194,1
DA:197,3
LF:95
LH:80
BRDA:8,0,0,0
BRDA:8,0,1,4
BRDA:8,1,0,4
BRDA:8,1,1,4
BRDA:8,1,2,4
BRDA:15,2,0,0
BRDA:15,2,1,4
BRDA:22,3,0,1
BRDA:22,3,1,3
BRDA:24,4,0,0
BRDA:24,4,1,1
BRDA:29,5,0,0
BRDA:29,5,1,1
BRDA:34,6,0,0
BRDA:34,6,1,1
BRDA:69,7,0,1
BRDA:69,7,1,3
BRDA:79,8,0,4
BRDA:79,8,1,4
BRDA:92,9,0,2
BRDA:92,9,1,7
BRDA:99,10,0,2
BRDA:99,10,1,5
BRDA:105,11,0,2
BRDA:105,11,1,3
BRDA:113,12,0,3
BRDA:113,12,1,1
BRDA:122,13,0,1
BRDA:122,13,1,8
BRDA:127,14,0,2
BRDA:127,14,1,6
BRDA:132,15,0,1
BRDA:132,15,1,5
BRDA:137,16,0,1
BRDA:137,16,1,4
BRDA:137,17,0,5
BRDA:137,17,1,5
BRDA:143,18,0,1
BRDA:143,18,1,3
BRDA:168,19,0,1
BRDA:168,19,1,3
BRDA:173,20,0,2
BRDA:173,20,1,1
BRDA:191,21,0,1
BRDA:191,21,1,1
BRF:45
BRH:40
end_of_record
TN:
SF:src\utils\generateOTP.js
FN:1,generateOTP
FNF:1
FNH:1
FNDA:2,generateOTP
DA:3,2
DA:5,2
LF:2
LH:2
BRF:0
BRH:0
end_of_record
TN:
SF:src\utils\sendEmail.js
FN:13,(anonymous_0)
FNF:1
FNH:1
FNDA:2,(anonymous_0)
DA:1,3
DA:4,3
DA:13,3
DA:14,2
DA:15,2
DA:28,2
DA:35,2
DA:36,2
DA:37,2
DA:39,0
DA:40,0
DA:44,3
LF:12
LH:10
BRDA:5,0,0,3
BRDA:5,0,1,1
BRF:2
BRH:2
end_of_record
