TN:
SF:src\index.js
FN:27,(anonymous_0)
FNF:1
FNH:1
FNDA:1,(anonymous_0)
DA:2,3
DA:3,3
DA:4,3
DA:5,3
DA:6,3
DA:7,3
DA:8,3
DA:9,3
DA:10,3
DA:11,3
DA:12,3
DA:13,3
DA:14,3
DA:15,3
DA:16,3
DA:17,3
DA:18,3
DA:19,3
DA:20,3
DA:21,3
DA:22,3
DA:23,3
DA:24,3
DA:25,3
DA:26,3
DA:27,3
DA:28,1
DA:31,3
LF:28
LH:28
BRF:0
BRH:0
end_of_record
TN:
SF:src\prisma.js
FNF:0
FNH:0
DA:1,3
DA:2,3
DA:4,3
LF:3
LH:3
BRF:0
BRH:0
end_of_record
TN:
SF:src\controllers\albumAccessController.js
FN:3,(anonymous_0)
FNF:1
FNH:1
FNDA:3,(anonymous_0)
DA:1,4
DA:3,4
DA:4,3
DA:5,3
DA:6,3
DA:8,3
DA:15,3
DA:17,0
LF:8
LH:7
BRF:0
BRH:0
end_of_record
TN:
SF:src\controllers\albumController.js
FN:4,(anonymous_0)
FN:14,(anonymous_1)
FN:27,(anonymous_2)
FN:37,(anonymous_3)
FN:52,(anonymous_4)
FN:62,(anonymous_5)
FN:75,(anonymous_6)
FNF:7
FNH:5
FNDA:4,(anonymous_0)
FNDA:0,(anonymous_1)
FNDA:3,(anonymous_2)
FNDA:4,(anonymous_3)
FNDA:3,(anonymous_4)
FNDA:0,(anonymous_5)
FNDA:3,(anonymous_6)
DA:1,4
DA:4,4
DA:5,4
DA:6,4
DA:7,4
DA:10,3
DA:14,0
DA:20,2
DA:22,1
DA:27,4
DA:28,3
DA:29,3
DA:30,2
DA:32,1
DA:37,4
DA:38,4
DA:39,4
DA:40,4
DA:44,3
DA:45,2
DA:47,1
DA:52,4
DA:53,3
DA:54,3
DA:55,3
DA:56,3
DA:62,0
DA:68,2
DA:70,1
DA:75,4
DA:76,3
DA:77,3
DA:78,3
DA:79,2
DA:81,1
LF:35
LH:33
BRDA:7,0,0,1
BRDA:7,0,1,3
BRDA:13,1,0,0
BRDA:13,1,1,3
BRDA:44,2,0,1
BRDA:44,2,1,2
BRDA:60,3,0,0
BRDA:60,3,1,3
BRF:8
BRH:6
end_of_record
TN:
SF:src\controllers\authController.js
FN:4,(anonymous_0)
FN:16,(anonymous_1)
FN:28,(anonymous_2)
FN:41,(anonymous_3)
FN:52,(anonymous_4)
FN:88,(anonymous_5)
FN:99,(anonymous_6)
FN:110,(anonymous_7)
FN:122,(anonymous_8)
FN:136,(anonymous_9)
FNF:10
FNH:4
FNDA:11,(anonymous_0)
FNDA:11,(anonymous_1)
FNDA:10,(anonymous_2)
FNDA:1,(anonymous_3)
FNDA:0,(anonymous_4)
FNDA:0,(anonymous_5)
FNDA:0,(anonymous_6)
FNDA:0,(anonymous_7)
FNDA:0,(anonymous_8)
FNDA:0,(anonymous_9)
DA:1,3
DA:4,3
DA:5,11
DA:6,11
DA:7,10
DA:8,10
DA:10,1
DA:11,1
DA:16,3
DA:17,11
DA:18,11
DA:19,10
DA:20,10
DA:22,1
DA:23,1
DA:28,3
DA:29,10
DA:30,10
DA:31,10
DA:32,10
DA:33,10
DA:34,10
DA:36,0
DA:37,0
DA:41,3
DA:42,1
DA:43,1
DA:44,0
DA:45,0
DA:47,1
DA:48,1
DA:52,3
DA:53,0
DA:54,0
DA:61,0
DA:64,0
DA:67,0
DA:68,0
DA:74,0
DA:81,0
DA:83,0
DA:84,0
DA:88,3
DA:89,0
DA:90,0
DA:91,0
DA:92,0
DA:94,0
DA:95,0
DA:99,3
DA:100,0
DA:101,0
DA:102,0
DA:103,0
DA:105,0
DA:106,0
DA:110,3
DA:111,0
DA:112,0
DA:113,0
DA:114,0
DA:116,0
DA:117,0
DA:122,3
DA:123,0
DA:124,0
DA:125,0
DA:127,0
DA:128,0
DA:130,0
DA:131,0
DA:136,3
DA:137,0
DA:138,0
DA:139,0
DA:141,0
DA:142,0
LF:77
LH:33
BRDA:64,0,0,0
BRDA:64,0,1,0
BRDA:64,0,2,0
BRDA:70,1,0,0
BRDA:70,1,1,0
BRDA:71,2,0,0
BRDA:71,2,1,0
BRDA:124,3,0,0
BRDA:124,3,1,0
BRDA:124,4,0,0
BRDA:124,4,1,0
BRF:11
BRH:0
end_of_record
TN:
SF:src\controllers\chatController.js
FN:9,(anonymous_0)
FN:49,(anonymous_1)
FN:67,(anonymous_2)
FN:116,(anonymous_3)
FN:137,(anonymous_4)
FN:156,(anonymous_5)
FN:194,(anonymous_6)
FN:201,(anonymous_7)
FN:223,(anonymous_8)
FN:241,(anonymous_9)
FN:260,(anonymous_10)
FNF:11
FNH:3
FNDA:3,(anonymous_0)
FNDA:0,(anonymous_1)
FNDA:1,(anonymous_2)
FNDA:1,(anonymous_3)
FNDA:0,(anonymous_4)
FNDA:0,(anonymous_5)
FNDA:0,(anonymous_6)
FNDA:0,(anonymous_7)
FNDA:0,(anonymous_8)
FNDA:0,(anonymous_9)
FNDA:0,(anonymous_10)
DA:1,3
DA:2,3
DA:3,3
DA:9,3
DA:10,3
DA:11,3
DA:13,3
DA:14,3
DA:15,3
DA:17,3
DA:25,3
DA:27,3
DA:34,3
DA:36,3
DA:43,3
DA:49,3
DA:50,0
DA:51,0
DA:60,0
DA:67,3
DA:68,1
DA:69,1
DA:71,1
DA:72,1
DA:73,0
DA:74,1
DA:75,0
DA:77,1
DA:85,1
DA:87,1
DA:95,1
DA:104,1
DA:116,3
DA:117,1
DA:118,1
DA:120,1
DA:121,1
DA:122,0
DA:123,1
DA:124,0
DA:126,1
DA:131,1
DA:137,3
DA:138,0
DA:139,0
DA:140,0
DA:141,0
DA:142,0
DA:143,0
DA:145,0
DA:149,0
DA:156,3
DA:157,0
DA:158,0
DA:159,0
DA:160,0
DA:162,0
DA:163,0
DA:164,0
DA:167,0
DA:168,0
DA:171,0
DA:172,0
DA:175,0
DA:176,0
DA:179,0
DA:187,0
DA:194,3
DA:195,0
DA:196,0
DA:197,0
DA:200,0
DA:201,0
DA:202,0
DA:206,0
DA:216,0
DA:223,3
DA:224,0
DA:225,0
DA:226,0
DA:227,0
DA:228,0
DA:230,0
DA:231,0
DA:233,0
DA:234,0
DA:241,3
DA:242,0
DA:243,0
DA:244,0
DA:245,0
DA:246,0
DA:248,0
DA:250,0
DA:254,0
DA:260,3
DA:261,0
DA:262,0
DA:263,0
DA:264,0
DA:265,0
DA:267,0
DA:269,0
DA:273,0
LF:104
LH:41
BRDA:13,0,0,0
BRDA:13,0,1,3
BRDA:14,1,0,0
BRDA:14,1,1,3
BRDA:15,2,0,0
BRDA:15,2,1,3
BRDA:25,3,0,0
BRDA:25,3,1,3
BRDA:34,4,0,0
BRDA:34,4,1,3
BRDA:72,5,0,0
BRDA:72,5,1,1
BRDA:72,6,0,1
BRDA:72,6,1,1
BRDA:74,7,0,0
BRDA:74,7,1,1
BRDA:85,8,0,0
BRDA:85,8,1,1
BRDA:121,9,0,0
BRDA:121,9,1,1
BRDA:121,10,0,1
BRDA:121,10,1,1
BRDA:123,11,0,0
BRDA:123,11,1,1
BRDA:141,12,0,0
BRDA:141,12,1,0
BRDA:141,13,0,0
BRDA:141,13,1,0
BRDA:141,13,2,0
BRDA:142,14,0,0
BRDA:142,14,1,0
BRDA:142,15,0,0
BRDA:142,15,1,0
BRDA:142,15,2,0
BRDA:162,16,0,0
BRDA:162,16,1,0
BRDA:162,17,0,0
BRDA:162,17,1,0
BRDA:162,17,2,0
BRDA:163,18,0,0
BRDA:163,18,1,0
BRDA:164,19,0,0
BRDA:164,19,1,0
BRDA:168,20,0,0
BRDA:168,20,1,0
BRDA:171,21,0,0
BRDA:171,21,1,0
BRDA:171,22,0,0
BRDA:171,22,1,0
BRDA:171,22,2,0
BRDA:175,23,0,0
BRDA:175,23,1,0
BRDA:175,24,0,0
BRDA:175,24,1,0
BRDA:197,25,0,0
BRDA:197,25,1,0
BRDA:201,26,0,0
BRDA:201,26,1,0
BRDA:209,27,0,0
BRDA:209,27,1,0
BRDA:210,28,0,0
BRDA:210,28,1,0
BRDA:211,29,0,0
BRDA:211,29,1,0
BRDA:228,30,0,0
BRDA:228,30,1,0
BRDA:228,31,0,0
BRDA:228,31,1,0
BRDA:228,31,2,0
BRDA:231,32,0,0
BRDA:231,32,1,0
BRDA:231,33,0,0
BRDA:231,33,1,0
BRDA:245,34,0,0
BRDA:245,34,1,0
BRDA:245,35,0,0
BRDA:245,35,1,0
BRDA:245,35,2,0
BRDA:248,36,0,0
BRDA:248,36,1,0
BRDA:264,37,0,0
BRDA:264,37,1,0
BRDA:264,38,0,0
BRDA:264,38,1,0
BRDA:264,38,2,0
BRDA:267,39,0,0
BRDA:267,39,1,0
BRF:87
BRH:14
end_of_record
TN:
SF:src\controllers\paymentController.js
FN:4,(anonymous_0)
FN:8,(anonymous_1)
FNF:2
FNH:2
FNDA:1,(anonymous_0)
FNDA:1,(anonymous_1)
DA:1,4
DA:2,4
DA:4,4
DA:5,1
DA:6,1
DA:8,1
DA:17,1
DA:29,1
DA:31,0
LF:9
LH:8
BRDA:14,0,0,1
BRDA:14,0,1,0
BRF:2
BRH:1
end_of_record
TN:
SF:src\controllers\productController.js
FN:4,requireRole
FN:5,(anonymous_1)
FN:17,(anonymous_2)
FN:34,(anonymous_3)
FN:44,(anonymous_4)
FN:58,(anonymous_5)
FN:81,(anonymous_6)
FNF:7
FNH:7
FNDA:12,requireRole
FNDA:17,(anonymous_1)
FNDA:6,(anonymous_2)
FNDA:3,(anonymous_3)
FNDA:3,(anonymous_4)
FNDA:3,(anonymous_5)
FNDA:3,(anonymous_6)
DA:1,4
DA:5,12
DA:6,17
DA:7,17
DA:8,5
DA:10,12
DA:15,4
DA:18,6
DA:19,6
DA:20,6
DA:21,1
DA:23,5
DA:26,4
DA:28,1
DA:34,4
DA:35,3
DA:36,3
DA:37,3
DA:39,0
DA:44,4
DA:45,3
DA:46,3
DA:47,3
DA:48,3
DA:49,2
DA:51,0
DA:56,4
DA:59,3
DA:60,3
DA:61,3
DA:62,3
DA:71,2
DA:73,1
DA:79,4
DA:82,3
DA:83,3
DA:84,3
DA:85,2
DA:87,1
LF:39
LH:37
BRDA:7,0,0,5
BRDA:7,0,1,12
BRDA:7,1,0,17
BRDA:7,1,1,17
BRDA:20,2,0,1
BRDA:20,2,1,5
BRDA:20,3,0,6
BRDA:20,3,1,5
BRDA:28,4,0,1
BRDA:28,4,1,0
BRDA:39,5,0,0
BRDA:39,5,1,0
BRDA:48,6,0,1
BRDA:48,6,1,2
BRDA:51,7,0,0
BRDA:51,7,1,0
BRDA:67,8,0,0
BRDA:67,8,1,3
BRDA:73,9,0,1
BRDA:73,9,1,0
BRDA:87,10,0,1
BRDA:87,10,1,0
BRF:22
BRH:14
end_of_record
TN:
SF:src\controllers\profileController.js
FN:4,normalizeNullable
FN:14,(anonymous_1)
FN:29,(anonymous_2)
FN:56,(anonymous_3)
FN:67,(anonymous_4)
FN:78,(anonymous_5)
FN:106,(anonymous_6)
FNF:7
FNH:7
FNDA:21,normalizeNullable
FNDA:5,(anonymous_1)
FNDA:5,(anonymous_2)
FNDA:3,(anonymous_3)
FNDA:4,(anonymous_4)
FNDA:5,(anonymous_5)
FNDA:3,(anonymous_6)
DA:1,4
DA:5,21
DA:6,7
DA:7,7
DA:8,7
DA:10,0
DA:14,4
DA:15,5
DA:16,5
DA:17,5
DA:19,4
DA:20,3
DA:22,2
DA:24,1
DA:29,4
DA:30,5
DA:31,5
DA:32,5
DA:34,4
DA:35,4
DA:36,4
DA:37,1
DA:40,3
DA:41,3
DA:42,3
DA:44,3
DA:50,2
DA:52,1
DA:56,4
DA:57,3
DA:58,3
DA:61,2
DA:63,1
DA:67,4
DA:68,4
DA:69,4
DA:70,4
DA:71,3
DA:72,2
DA:74,1
DA:78,4
DA:79,5
DA:80,5
DA:82,5
DA:83,5
DA:84,5
DA:85,1
DA:88,4
DA:89,4
DA:90,4
DA:92,4
DA:97,2
DA:99,2
DA:100,1
DA:102,1
DA:106,4
DA:107,3
DA:108,3
DA:109,3
DA:110,1
DA:112,2
DA:113,1
DA:115,1
LF:63
LH:62
BRDA:5,0,0,14
BRDA:5,0,1,7
BRDA:5,1,0,21
BRDA:5,1,1,7
BRDA:6,2,0,7
BRDA:6,2,1,0
BRDA:8,3,0,4
BRDA:8,3,1,3
BRDA:17,4,0,1
BRDA:17,4,1,4
BRDA:20,5,0,1
BRDA:20,5,1,2
BRDA:32,6,0,1
BRDA:32,6,1,4
BRDA:34,7,0,4
BRDA:34,7,1,0
BRDA:35,8,0,4
BRDA:35,8,1,1
BRDA:36,9,0,1
BRDA:36,9,1,3
BRDA:36,10,0,4
BRDA:36,10,1,3
BRDA:71,11,0,1
BRDA:71,11,1,2
BRDA:82,12,0,5
BRDA:82,12,1,0
BRDA:83,13,0,5
BRDA:83,13,1,1
BRDA:84,14,0,1
BRDA:84,14,1,4
BRDA:84,15,0,5
BRDA:84,15,1,4
BRDA:99,16,0,1
BRDA:99,16,1,1
BRDA:112,17,0,1
BRDA:112,17,1,1
BRF:36
BRH:33
end_of_record
TN:
SF:src\controllers\referralController.js
FN:5,generateCode
FN:15,(anonymous_1)
FN:40,(anonymous_2)
FNF:3
FNH:3
FNDA:1,generateCode
FNDA:1,(anonymous_1)
FNDA:1,(anonymous_2)
DA:1,3
DA:2,3
DA:6,1
DA:7,1
DA:8,1
DA:9,8
DA:11,1
DA:15,3
DA:16,1
DA:17,1
DA:19,1
DA:20,1
DA:21,1
DA:22,1
DA:23,1
DA:25,1
DA:26,1
DA:33,1
DA:35,0
DA:40,3
DA:41,1
DA:42,1
DA:45,1
DA:58,1
DA:70,1
DA:72,0
LF:26
LH:24
BRDA:5,0,0,0
BRDA:23,1,0,1
BRDA:23,1,1,0
BRF:3
BRH:1
end_of_record
TN:
SF:src\controllers\stripeWebhookController.js
FN:4,(anonymous_0)
FNF:1
FNH:1
FNDA:7,(anonymous_0)
DA:1,4
DA:2,4
DA:4,4
DA:5,7
DA:8,7
DA:9,7
DA:15,2
DA:16,2
DA:19,5
DA:20,4
DA:21,4
DA:22,4
DA:24,4
DA:25,2
DA:26,2
DA:31,1
DA:37,5
LF:17
LH:17
BRDA:19,0,0,4
BRDA:19,0,1,1
BRDA:24,1,0,2
BRDA:24,1,1,2
BRDA:24,2,0,4
BRDA:24,2,1,2
BRF:6
BRH:6
end_of_record
TN:
SF:src\controllers\userController.js
FN:4,(anonymous_0)
FN:32,(anonymous_1)
FN:40,(anonymous_2)
FNF:3
FNH:3
FNDA:4,(anonymous_0)
FNDA:3,(anonymous_1)
FNDA:4,(anonymous_2)
DA:1,4
DA:4,4
DA:5,4
DA:6,4
DA:7,4
DA:23,3
DA:24,3
DA:25,1
DA:27,1
DA:32,4
DA:33,3
DA:34,3
DA:35,2
DA:36,2
DA:40,4
DA:41,4
DA:42,4
DA:43,4
DA:44,4
DA:47,3
DA:48,2
DA:49,1
DA:51,1
DA:58,1
DA:60,1
LF:25
LH:25
BRDA:24,0,0,2
BRDA:24,0,1,1
BRDA:34,1,0,1
BRDA:34,1,1,2
BRDA:44,2,0,1
BRDA:44,2,1,3
BRDA:48,3,0,1
BRDA:48,3,1,1
BRDA:48,4,0,2
BRDA:48,4,1,1
BRDA:55,5,0,1
BRDA:55,5,1,0
BRF:12
BRH:11
end_of_record
TN:
SF:src\lib\stripe.js
FNF:0
FNH:0
DA:1,3
DA:2,3
DA:3,3
LF:3
LH:3
BRF:0
BRH:0
end_of_record
TN:
SF:src\middleware\albumAccessValidators.js
FNF:0
FNH:0
DA:1,3
DA:3,3
DA:13,3
LF:3
LH:3
BRF:0
BRH:0
end_of_record
TN:
SF:src\middleware\albumValidators.js
FNF:0
FNH:0
DA:1,4
DA:3,4
DA:17,4
DA:32,4
DA:40,4
LF:5
LH:5
BRF:0
BRH:0
end_of_record
TN:
SF:src\middleware\auth.js
FN:6,(anonymous_0)
FN:20,(anonymous_1)
FNF:2
FNH:2
FNDA:25,(anonymous_0)
FNDA:25,(anonymous_1)
DA:1,3
DA:6,3
DA:7,25
DA:8,25
DA:9,0
DA:10,0
DA:11,0
DA:13,25
DA:14,25
DA:15,0
DA:16,0
DA:17,0
DA:19,25
DA:20,25
DA:21,25
DA:22,0
DA:23,0
DA:24,0
DA:26,25
DA:27,25
DA:28,25
LF:21
LH:12
BRDA:8,0,0,0
BRDA:8,0,1,25
BRDA:14,1,0,0
BRDA:14,1,1,25
BRDA:14,2,0,25
BRDA:14,2,1,25
BRDA:20,3,0,25
BRDA:20,3,1,0
BRDA:21,4,0,0
BRDA:21,4,1,25
BRF:10
BRH:6
end_of_record
TN:
SF:src\middleware\authValidators.js
FN:32,(anonymous_0)
FN:50,(anonymous_1)
FNF:2
FNH:0
FNDA:0,(anonymous_0)
FNDA:0,(anonymous_1)
DA:1,3
DA:4,3
DA:12,3
DA:18,3
DA:24,3
DA:29,3
DA:32,0
DA:36,3
DA:41,3
DA:47,3
DA:50,0
DA:53,3
LF:12
LH:10
BRF:0
BRH:0
end_of_record
TN:
SF:src\middleware\chatParticipant.js
FN:8,(anonymous_0)
FNF:1
FNH:0
FNDA:0,(anonymous_0)
DA:1,3
DA:2,3
DA:8,3
DA:9,0
DA:10,0
DA:11,0
DA:13,0
DA:14,0
DA:15,0
DA:17,0
DA:18,0
LF:11
LH:3
BRDA:11,0,0,0
BRDA:11,0,1,0
BRDA:14,1,0,0
BRDA:14,1,1,0
BRDA:14,2,0,0
BRDA:14,2,1,0
BRDA:14,2,2,0
BRF:7
BRH:0
end_of_record
TN:
SF:src\middleware\chatRateLimiter.js
FNF:0
FNH:0
DA:1,3
DA:3,3
DA:9,3
LF:3
LH:3
BRF:0
BRH:0
end_of_record
TN:
SF:src\middleware\errorHandler.js
FN:5,errorHandler
FNF:1
FNH:1
FNDA:3,errorHandler
DA:6,3
DA:7,3
DA:12,3
LF:3
LH:3
BRDA:7,0,0,3
BRDA:7,0,1,1
BRDA:8,1,0,3
BRDA:8,1,1,0
BRF:4
BRH:3
end_of_record
TN:
SF:src\middleware\mediaUpload.js
FN:6,(anonymous_0)
FN:8,(anonymous_1)
FN:15,(anonymous_2)
FNF:3
FNH:0
FNDA:0,(anonymous_0)
FNDA:0,(anonymous_1)
FNDA:0,(anonymous_2)
DA:1,3
DA:4,3
DA:7,0
DA:8,0
DA:9,0
DA:11,0
DA:16,0
DA:21,3
LF:8
LH:3
BRDA:8,0,0,0
BRDA:8,0,1,0
BRF:2
BRH:0
end_of_record
TN:
SF:src\middleware\moderateMedia.js
FN:6,getModel
FN:11,(anonymous_1)
FN:26,(anonymous_2)
FNF:3
FNH:0
FNDA:0,getModel
FNDA:0,(anonymous_1)
FNDA:0,(anonymous_2)
DA:1,3
DA:2,3
DA:3,3
DA:7,0
DA:8,0
DA:11,3
DA:12,0
DA:13,0
DA:15,0
DA:17,0
DA:18,0
DA:19,0
DA:22,0
DA:23,0
DA:24,0
DA:26,0
DA:27,0
DA:29,0
DA:30,0
DA:32,0
DA:34,0
LF:21
LH:4
BRDA:7,0,0,0
BRDA:7,0,1,0
BRDA:13,1,0,0
BRDA:13,1,1,0
BRDA:15,2,0,0
BRDA:15,2,1,0
BRDA:19,3,0,0
BRDA:19,3,1,0
BRDA:24,4,0,0
BRDA:24,4,1,0
BRDA:27,5,0,0
BRDA:27,5,1,0
BRDA:27,5,2,0
BRDA:29,6,0,0
BRDA:29,6,1,0
BRF:15
BRH:0
end_of_record
TN:
SF:src\middleware\nsfwMiddleware.js
FN:13,getModel
FN:18,(anonymous_1)
FN:34,(anonymous_2)
FNF:3
FNH:0
FNDA:0,getModel
FNDA:0,(anonymous_1)
FNDA:0,(anonymous_2)
DA:1,2
DA:2,2
DA:3,2
DA:4,2
DA:5,0
DA:7,2
DA:10,2
DA:14,0
DA:15,0
DA:18,2
DA:20,0
DA:22,0
DA:23,0
DA:25,0
DA:27,0
DA:28,0
DA:29,0
DA:30,0
DA:31,0
DA:32,0
DA:34,0
DA:35,0
DA:37,0
DA:38,0
DA:40,0
DA:42,0
LF:26
LH:7
BRDA:14,0,0,0
BRDA:14,0,1,0
BRDA:14,1,0,0
BRDA:14,1,1,0
BRDA:20,2,0,0
BRDA:20,2,1,0
BRDA:23,3,0,0
BRDA:23,3,1,0
BRDA:25,4,0,0
BRDA:25,4,1,0
BRDA:32,5,0,0
BRDA:32,5,1,0
BRDA:35,6,0,0
BRDA:35,6,1,0
BRDA:35,6,2,0
BRDA:37,7,0,0
BRDA:37,7,1,0
BRF:17
BRH:0
end_of_record
TN:
SF:src\middleware\paymentValidators.js
FNF:0
FNH:0
DA:1,4
DA:3,4
DA:18,4
LF:3
LH:3
BRF:0
BRH:0
end_of_record
TN:
SF:src\middleware\productValidators.js
FNF:0
FNH:0
DA:1,4
DA:3,4
DA:22,4
DA:41,4
DA:49,4
LF:5
LH:5
BRF:0
BRH:0
end_of_record
TN:
SF:src\middleware\profileValidators.js
FNF:0
FNH:0
DA:1,3
DA:3,3
DA:42,3
DA:46,3
LF:4
LH:4
BRF:0
BRH:0
end_of_record
TN:
SF:src\middleware\rateLimiter.js
FNF:0
FNH:0
DA:1,3
DA:3,3
DA:11,3
LF:3
LH:3
BRF:0
BRH:0
end_of_record
TN:
SF:src\middleware\validate.js
FN:6,validate
FNF:1
FNH:1
FNDA:70,validate
DA:1,6
DA:7,70
DA:8,70
DA:9,9
DA:11,61
DA:14,6
LF:6
LH:6
BRDA:8,0,0,9
BRDA:8,0,1,61
BRF:2
BRH:2
end_of_record
TN:
SF:src\routes\album.js
FNF:0
FNH:0
DA:1,3
DA:2,3
DA:3,3
DA:4,3
DA:5,3
DA:10,3
DA:11,3
DA:14,3
DA:17,3
DA:20,3
DA:23,3
DA:26,3
DA:28,3
LF:13
LH:13
BRF:0
BRH:0
end_of_record
TN:
SF:src\routes\albumAccess.js
FNF:0
FNH:0
DA:1,3
DA:2,3
DA:3,3
DA:4,3
DA:5,3
DA:6,3
DA:7,3
DA:9,3
DA:18,3
LF:9
LH:9
BRF:0
BRH:0
end_of_record
TN:
SF:src\routes\auth.js
FNF:0
FNH:0
DA:1,4
DA:2,4
DA:3,4
DA:13,4
DA:14,4
DA:15,4
DA:16,4
DA:18,4
DA:19,4
DA:20,4
DA:21,4
DA:22,4
DA:23,4
DA:24,4
DA:25,4
DA:26,4
DA:27,4
DA:28,4
LF:18
LH:18
BRF:0
BRH:0
end_of_record
TN:
SF:src\routes\chatRoutes.js
FNF:0
FNH:0
DA:1,3
DA:2,3
DA:3,3
DA:4,3
DA:5,3
DA:6,3
DA:7,3
DA:8,3
DA:20,3
DA:23,3
DA:26,3
DA:27,3
DA:28,3
DA:29,3
DA:32,3
DA:33,3
DA:34,3
DA:35,3
DA:36,3
DA:39,3
DA:41,3
LF:21
LH:21
BRF:0
BRH:0
end_of_record
TN:
SF:src\routes\payment.js
FNF:0
FNH:0
DA:1,3
DA:2,3
DA:3,3
DA:4,3
DA:5,3
DA:6,3
DA:7,3
DA:9,3
DA:18,3
LF:9
LH:9
BRF:0
BRH:0
end_of_record
TN:
SF:src\routes\product.js
FNF:0
FNH:0
DA:1,3
DA:2,3
DA:3,3
DA:4,3
DA:5,3
DA:6,3
DA:11,3
DA:14,3
DA:23,3
DA:25,3
DA:33,3
DA:44,3
DA:53,3
LF:13
LH:13
BRF:0
BRH:0
end_of_record
TN:
SF:src\routes\profile.js
FNF:0
FNH:0
DA:1,3
DA:2,3
DA:4,3
DA:5,3
DA:6,3
DA:7,3
DA:8,3
DA:11,3
DA:14,3
DA:17,3
DA:18,3
DA:19,3
DA:29,3
DA:31,3
LF:14
LH:14
BRF:0
BRH:0
end_of_record
TN:
SF:src\routes\referral.js
FNF:0
FNH:0
DA:1,3
DA:2,3
DA:3,3
DA:4,3
DA:5,3
DA:8,3
DA:11,3
DA:13,3
LF:8
LH:8
BRF:0
BRH:0
end_of_record
TN:
SF:src\routes\stripeWebhook.js
FNF:0
FNH:0
DA:1,3
DA:2,3
DA:3,3
DA:6,3
DA:8,3
LF:5
LH:5
BRF:0
BRH:0
end_of_record
TN:
SF:src\routes\user.js
FNF:0
FNH:0
DA:1,3
DA:2,3
DA:3,3
DA:4,3
DA:5,3
DA:8,3
DA:11,3
DA:14,3
DA:16,3
LF:9
LH:9
BRF:0
BRH:0
end_of_record
TN:
SF:src\services\authService.js
FN:10,throwError
FN:17,register
FN:44,(anonymous_2)
FN:108,login
FN:127,verifyOtp
FN:159,resendOtp
FN:187,changePassword
FN:204,requestPasswordReset
FN:224,verifyResetOtp
FN:243,resetPassword
FNF:10
FNH:6
FNDA:12,throwError
FNDA:13,register
FNDA:13,(anonymous_2)
FNDA:15,login
FNDA:16,verifyOtp
FNDA:4,resendOtp
FNDA:0,changePassword
FNDA:0,requestPasswordReset
FNDA:0,verifyResetOtp
FNDA:0,resetPassword
DA:1,4
DA:2,4
DA:3,4
DA:4,4
DA:5,4
DA:11,12
DA:12,12
DA:13,12
DA:18,13
DA:19,0
DA:21,13
DA:22,4
DA:24,13
DA:25,13
DA:26,13
DA:27,13
DA:29,13
DA:30,13
DA:31,1
DA:32,1
DA:33,1
DA:34,1
DA:37,13
DA:38,13
DA:39,13
DA:43,13
DA:44,13
DA:45,13
DA:59,13
DA:70,12
DA:71,1
DA:80,12
DA:84,1
DA:85,0
DA:87,1
DA:90,12
DA:91,12
DA:92,12
DA:94,0
DA:97,12
DA:109,15
DA:110,15
DA:111,15
DA:113,14
DA:114,14
DA:115,13
DA:117,11
DA:123,11
DA:128,16
DA:129,16
DA:130,15
DA:131,14
DA:132,13
DA:134,12
DA:135,1
DA:139,1
DA:142,11
DA:152,11
DA:153,11
DA:155,11
DA:160,4
DA:161,4
DA:162,3
DA:164,1
DA:165,1
DA:167,1
DA:176,1
DA:177,1
DA:178,1
DA:180,0
DA:183,1
DA:188,0
DA:190,0
DA:191,0
DA:192,0
DA:193,0
DA:195,0
DA:196,0
DA:200,0
DA:205,0
DA:206,0
DA:208,0
DA:209,0
DA:211,0
DA:219,0
DA:220,0
DA:225,0
DA:226,0
DA:227,0
DA:228,0
DA:231,0
DA:239,0
DA:244,0
DA:246,0
DA:247,0
DA:249,0
DA:250,0
DA:259,0
DA:262,4
LF:99
LH:68
BRDA:10,0,0,0
BRDA:18,1,0,0
BRDA:18,1,1,13
BRDA:18,2,0,13
BRDA:18,2,1,13
BRDA:18,2,2,13
BRDA:21,3,0,4
BRDA:21,3,1,9
BRDA:25,4,0,0
BRDA:25,4,1,13
BRDA:27,5,0,0
BRDA:27,5,1,13
BRDA:30,6,0,1
BRDA:30,6,1,12
BRDA:32,7,0,0
BRDA:32,7,1,1
BRDA:33,8,0,0
BRDA:33,8,1,1
BRDA:34,9,0,0
BRDA:34,9,1,1
BRDA:70,10,0,1
BRDA:70,10,1,11
BRDA:84,11,0,0
BRDA:84,11,1,1
BRDA:90,12,0,12
BRDA:90,12,1,12
BRDA:110,13,0,15
BRDA:110,13,1,14
BRDA:111,14,0,1
BRDA:111,14,1,14
BRDA:114,15,0,1
BRDA:114,15,1,13
BRDA:115,16,0,2
BRDA:115,16,1,11
BRDA:119,17,0,11
BRDA:119,17,1,1
BRDA:129,18,0,1
BRDA:129,18,1,15
BRDA:130,19,0,1
BRDA:130,19,1,14
BRDA:131,20,0,1
BRDA:131,20,1,13
BRDA:132,21,0,1
BRDA:132,21,1,12
BRDA:132,22,0,13
BRDA:132,22,1,13
BRDA:134,23,0,1
BRDA:134,23,1,11
BRDA:153,24,0,11
BRDA:153,24,1,10
BRDA:161,25,0,1
BRDA:161,25,1,3
BRDA:162,26,0,2
BRDA:162,26,1,1
BRDA:176,27,0,1
BRDA:176,27,1,1
BRDA:188,28,0,0
BRDA:188,28,1,0
BRDA:191,29,0,0
BRDA:191,29,1,0
BRDA:193,30,0,0
BRDA:193,30,1,0
BRDA:206,31,0,0
BRDA:206,31,1,0
BRDA:226,32,0,0
BRDA:226,32,1,0
BRDA:226,33,0,0
BRDA:226,33,1,0
BRDA:226,33,2,0
BRDA:227,34,0,0
BRDA:227,34,1,0
BRDA:228,35,0,0
BRDA:228,35,1,0
BRDA:244,36,0,0
BRDA:244,36,1,0
BRDA:247,37,0,0
BRDA:247,37,1,0
BRF:77
BRH:48
end_of_record
TN:
SF:src\test\utils\testHelpers.js
FN:7,createUserAndLogin
FNF:1
FNH:1
FNDA:9,createUserAndLogin
DA:1,1
DA:2,1
DA:3,1
DA:4,1
DA:8,9
DA:9,9
DA:12,9
DA:17,9
DA:18,9
DA:21,9
DA:26,9
DA:30,9
DA:31,0
DA:33,9
DA:36,1
LF:15
LH:14
BRDA:7,0,0,9
BRDA:18,1,0,0
BRDA:18,1,1,9
BRDA:30,2,0,0
BRDA:30,2,1,9
BRDA:30,3,0,9
BRDA:30,3,1,9
BRF:7
BRH:5
end_of_record
TN:
SF:src\utils\generateOTP.js
FN:1,generateOTP
FNF:1
FNH:1
FNDA:11,generateOTP
DA:3,11
DA:5,3
LF:2
LH:2
BRF:0
BRH:0
end_of_record
TN:
SF:src\utils\is18PlusContent.js
FN:7,is18PlusContent
FN:9,(anonymous_1)
FNF:2
FNH:0
FNDA:0,is18PlusContent
FNDA:0,(anonymous_1)
DA:5,3
DA:7,3
DA:8,0
DA:9,0
LF:4
LH:2
BRDA:8,0,0,0
BRDA:8,0,1,0
BRF:2
BRH:0
end_of_record
TN:
SF:src\utils\sendEmail.js
FN:13,(anonymous_0)
FN:38,(anonymous_1)
FNF:2
FNH:1
FNDA:1,(anonymous_0)
FNDA:0,(anonymous_1)
DA:1,1
DA:4,1
DA:13,1
DA:14,1
DA:15,1
DA:27,1
DA:33,1
DA:34,1
DA:38,1
DA:39,0
DA:40,0
DA:47,0
DA:53,0
DA:54,0
DA:57,1
LF:15
LH:10
BRDA:5,0,0,1
BRDA:5,0,1,0
BRF:2
BRH:1
end_of_record
